This file contains any messages produced by compilers while
running configure, to aid debugging if configure makes a mistake.

It was created by Eazy Core configure 3.1.99, which was
generated by GNU Autoconf 2.69.  Invocation command line was

  $ ./configure --with-unsupported-ssl

## --------- ##
## Platform. ##
## --------- ##

hostname = efs
uname -m = x86_64
uname -r = 4.15.0-29-generic
uname -s = Linux
uname -v = #31-Ubuntu SMP Tue Jul 17 15:39:52 UTC 2018

/usr/bin/uname -p = unknown
/bin/uname -X     = unknown

/bin/arch              = unknown
/usr/bin/arch -k       = unknown
/usr/convex/getsysinfo = unknown
/usr/bin/hostinfo      = unknown
/bin/machine           = unknown
/usr/bin/oslevel       = unknown
/bin/universe          = unknown

PATH: /usr/local/sbin
PATH: /usr/local/bin
PATH: /usr/sbin
PATH: /usr/bin
PATH: /sbin
PATH: /bin
PATH: /usr/games
PATH: /usr/local/games
PATH: /snap/bin


## ----------- ##
## Core tests. ##
## ----------- ##

configure:3003: checking build system type
configure:3017: result: x86_64-pc-linux-gnu
configure:3037: checking host system type
configure:3050: result: x86_64-pc-linux-gnu
configure:3093: checking for a BSD-compatible install
configure:3161: result: /usr/bin/install -c
configure:3172: checking whether build environment is sane
configure:3227: result: yes
configure:3378: checking for a thread-safe mkdir -p
configure:3417: result: /bin/mkdir -p
configure:3424: checking for gawk
configure:3454: result: no
configure:3424: checking for mawk
configure:3440: found /usr/bin/mawk
configure:3451: result: mawk
configure:3462: checking whether make sets $(MAKE)
configure:3484: result: yes
configure:3513: checking whether make supports nested variables
configure:3530: result: yes
configure:3649: checking whether to enable maintainer-specific portions of Makefiles
configure:3658: result: yes
configure:3683: checking whether make supports nested variables
configure:3700: result: yes
configure:3775: checking for g++
configure:3791: found /usr/bin/g++
configure:3802: result: g++
configure:3829: checking for C++ compiler version
configure:3838: g++ --version >&5
g++ (Ubuntu 7.3.0-16ubuntu3) 7.3.0
Copyright (C) 2017 Free Software Foundation, Inc.
This is free software; see the source for copying conditions.  There is NO
warranty; not even for MERCHANTABILITY or FITNESS FOR A PARTICULAR PURPOSE.

configure:3849: $? = 0
configure:3838: g++ -v >&5
Using built-in specs.
COLLECT_GCC=g++
COLLECT_LTO_WRAPPER=/usr/lib/gcc/x86_64-linux-gnu/7/lto-wrapper
OFFLOAD_TARGET_NAMES=nvptx-none
OFFLOAD_TARGET_DEFAULT=1
Target: x86_64-linux-gnu
Configured with: ../src/configure -v --with-pkgversion='Ubuntu 7.3.0-16ubuntu3' --with-bugurl=file:///usr/share/doc/gcc-7/README.Bugs --enable-languages=c,ada,c++,go,brig,d,fortran,objc,obj-c++ --prefix=/usr --with-gcc-major-version-only --with-as=/usr/bin/x86_64-linux-gnu-as --with-ld=/usr/bin/x86_64-linux-gnu-ld --program-suffix=-7 --program-prefix=x86_64-linux-gnu- --enable-shared --enable-linker-build-id --libexecdir=/usr/lib --without-included-gettext --enable-threads=posix --libdir=/usr/lib --enable-nls --with-sysroot=/ --enable-clocale=gnu --enable-libstdcxx-debug --enable-libstdcxx-time=yes --with-default-libstdcxx-abi=new --enable-gnu-unique-object --disable-vtable-verify --enable-libmpx --enable-plugin --enable-default-pie --with-system-zlib --with-target-system-zlib --enable-objc-gc=auto --enable-multiarch --disable-werror --with-arch-32=i686 --with-abi=m64 --with-multilib-list=m32,m64,mx32 --enable-multilib --with-tune=generic --enable-offload-targets=nvptx-none --without-cuda-driver --enable-checking=release --build=x86_64-linux-gnu --host=x86_64-linux-gnu --target=x86_64-linux-gnu
Thread model: posix
gcc version 7.3.0 (Ubuntu 7.3.0-16ubuntu3) 
configure:3849: $? = 0
configure:3838: g++ -V >&5
g++: error: unrecognized command line option '-V'
g++: fatal error: no input files
compilation terminated.
configure:3849: $? = 1
configure:3838: g++ -qversion >&5
g++: error: unrecognized command line option '-qversion'; did you mean '--version'?
g++: fatal error: no input files
compilation terminated.
configure:3849: $? = 1
configure:3869: checking whether the C++ compiler works
configure:3891: g++    conftest.cpp  >&5
configure:3895: $? = 0
configure:3943: result: yes
configure:3946: checking for C++ compiler default output file name
configure:3948: result: a.out
configure:3954: checking for suffix of executables
configure:3961: g++ -o conftest    conftest.cpp  >&5
configure:3965: $? = 0
configure:3987: result: 
configure:4009: checking whether we are cross compiling
configure:4017: g++ -o conftest    conftest.cpp  >&5
configure:4021: $? = 0
configure:4028: ./conftest
configure:4032: $? = 0
configure:4047: result: no
configure:4052: checking for suffix of object files
configure:4074: g++ -c   conftest.cpp >&5
configure:4078: $? = 0
configure:4099: result: o
configure:4103: checking whether we are using the GNU C++ compiler
configure:4122: g++ -c   conftest.cpp >&5
configure:4122: $? = 0
configure:4131: result: yes
configure:4140: checking whether g++ accepts -g
configure:4160: g++ -c -g  conftest.cpp >&5
configure:4160: $? = 0
configure:4201: result: yes
configure:4235: checking for style of include used by make
configure:4263: result: GNU
configure:4289: checking dependency style of g++
configure:4400: result: gcc3
configure:4437: checking whether g++ supports C++11 features with -std=c++11
configure:4733: g++ -std=c++11 -c -g -O2  conftest.cpp >&5
configure:4733: $? = 0
configure:4742: result: yes
configure:4786: checking whether std::atomic can be used without link library
configure:4804: g++ -std=c++11 -o conftest -g -O2   conftest.cpp  >&5
configure:4804: $? = 0
configure:4806: result: yes
configure:4971: checking for Objective C++ compiler version
configure:4980: g++ -std=c++11 --version >&5
g++ (Ubuntu 7.3.0-16ubuntu3) 7.3.0
Copyright (C) 2017 Free Software Foundation, Inc.
This is free software; see the source for copying conditions.  There is NO
warranty; not even for MERCHANTABILITY or FITNESS FOR A PARTICULAR PURPOSE.

configure:4991: $? = 0
configure:4980: g++ -std=c++11 -v >&5
Using built-in specs.
COLLECT_GCC=g++
COLLECT_LTO_WRAPPER=/usr/lib/gcc/x86_64-linux-gnu/7/lto-wrapper
OFFLOAD_TARGET_NAMES=nvptx-none
OFFLOAD_TARGET_DEFAULT=1
Target: x86_64-linux-gnu
Configured with: ../src/configure -v --with-pkgversion='Ubuntu 7.3.0-16ubuntu3' --with-bugurl=file:///usr/share/doc/gcc-7/README.Bugs --enable-languages=c,ada,c++,go,brig,d,fortran,objc,obj-c++ --prefix=/usr --with-gcc-major-version-only --with-as=/usr/bin/x86_64-linux-gnu-as --with-ld=/usr/bin/x86_64-linux-gnu-ld --program-suffix=-7 --program-prefix=x86_64-linux-gnu- --enable-shared --enable-linker-build-id --libexecdir=/usr/lib --without-included-gettext --enable-threads=posix --libdir=/usr/lib --enable-nls --with-sysroot=/ --enable-clocale=gnu --enable-libstdcxx-debug --enable-libstdcxx-time=yes --with-default-libstdcxx-abi=new --enable-gnu-unique-object --disable-vtable-verify --enable-libmpx --enable-plugin --enable-default-pie --with-system-zlib --with-target-system-zlib --enable-objc-gc=auto --enable-multiarch --disable-werror --with-arch-32=i686 --with-abi=m64 --with-multilib-list=m32,m64,mx32 --enable-multilib --with-tune=generic --enable-offload-targets=nvptx-none --without-cuda-driver --enable-checking=release --build=x86_64-linux-gnu --host=x86_64-linux-gnu --target=x86_64-linux-gnu
Thread model: posix
gcc version 7.3.0 (Ubuntu 7.3.0-16ubuntu3) 
configure:4991: $? = 0
configure:4980: g++ -std=c++11 -V >&5
g++: error: unrecognized command line option '-V'
g++: fatal error: no input files
compilation terminated.
configure:4991: $? = 1
configure:4980: g++ -std=c++11 -qversion >&5
g++: error: unrecognized command line option '-qversion'; did you mean '--version'?
g++: fatal error: no input files
compilation terminated.
configure:4991: $? = 1
configure:4995: checking whether we are using the GNU Objective C++ compiler
configure:5014: g++ -std=c++11 -c   conftest.mm >&5
g++: error trying to exec 'cc1objplus': execvp: No such file or directory
configure:5014: $? = 1
configure: failed program was:
| /* confdefs.h */
| #define PACKAGE_NAME "Eazy Core"
| #define PACKAGE_TARNAME "eazy"
| #define PACKAGE_VERSION "3.1.99"
| #define PACKAGE_STRING "Eazy Core 3.1.99"
| #define PACKAGE_BUGREPORT "www.eazy.org"
| #define PACKAGE_URL ""
| #define HAVE_CXX11 1
| /* end confdefs.h.  */
| 
| int
| main ()
| {
| #ifndef __GNUC__
|        choke me
| #endif
| 
|   ;
|   return 0;
| }
configure:5023: result: no
configure:5032: checking whether g++ -std=c++11 accepts -g
configure:5052: g++ -std=c++11 -c -g  conftest.mm >&5
g++: error trying to exec 'cc1objplus': execvp: No such file or directory
configure:5052: $? = 1
configure: failed program was:
| /* confdefs.h */
| #define PACKAGE_NAME "Eazy Core"
| #define PACKAGE_TARNAME "eazy"
| #define PACKAGE_VERSION "3.1.99"
| #define PACKAGE_STRING "Eazy Core 3.1.99"
| #define PACKAGE_BUGREPORT "www.eazy.org"
| #define PACKAGE_URL ""
| #define HAVE_CXX11 1
| /* end confdefs.h.  */
| 
| int
| main ()
| {
| 
|   ;
|   return 0;
| }
configure:5067: g++ -std=c++11 -c   conftest.mm >&5
g++: error trying to exec 'cc1objplus': execvp: No such file or directory
configure:5067: $? = 1
configure: failed program was:
| /* confdefs.h */
| #define PACKAGE_NAME "Eazy Core"
| #define PACKAGE_TARNAME "eazy"
| #define PACKAGE_VERSION "3.1.99"
| #define PACKAGE_STRING "Eazy Core 3.1.99"
| #define PACKAGE_BUGREPORT "www.eazy.org"
| #define PACKAGE_URL ""
| #define HAVE_CXX11 1
| /* end confdefs.h.  */
| 
| int
| main ()
| {
| 
|   ;
|   return 0;
| }
configure:5083: g++ -std=c++11 -c -g  conftest.mm >&5
g++: error trying to exec 'cc1objplus': execvp: No such file or directory
configure:5083: $? = 1
configure: failed program was:
| /* confdefs.h */
| #define PACKAGE_NAME "Eazy Core"
| #define PACKAGE_TARNAME "eazy"
| #define PACKAGE_VERSION "3.1.99"
| #define PACKAGE_STRING "Eazy Core 3.1.99"
| #define PACKAGE_BUGREPORT "www.eazy.org"
| #define PACKAGE_URL ""
| #define HAVE_CXX11 1
| /* end confdefs.h.  */
| 
| int
| main ()
| {
| 
|   ;
|   return 0;
| }
configure:5093: result: no
configure:5118: checking dependency style of g++ -std=c++11
configure:5227: result: gcc3
configure:5290: checking how to print strings
configure:5317: result: printf
configure:5386: checking for gcc
configure:5402: found /usr/bin/gcc
configure:5413: result: gcc
configure:5642: checking for C compiler version
configure:5651: gcc --version >&5
gcc (Ubuntu 7.3.0-16ubuntu3) 7.3.0
Copyright (C) 2017 Free Software Foundation, Inc.
This is free software; see the source for copying conditions.  There is NO
warranty; not even for MERCHANTABILITY or FITNESS FOR A PARTICULAR PURPOSE.

configure:5662: $? = 0
configure:5651: gcc -v >&5
Using built-in specs.
COLLECT_GCC=gcc
COLLECT_LTO_WRAPPER=/usr/lib/gcc/x86_64-linux-gnu/7/lto-wrapper
OFFLOAD_TARGET_NAMES=nvptx-none
OFFLOAD_TARGET_DEFAULT=1
Target: x86_64-linux-gnu
Configured with: ../src/configure -v --with-pkgversion='Ubuntu 7.3.0-16ubuntu3' --with-bugurl=file:///usr/share/doc/gcc-7/README.Bugs --enable-languages=c,ada,c++,go,brig,d,fortran,objc,obj-c++ --prefix=/usr --with-gcc-major-version-only --with-as=/usr/bin/x86_64-linux-gnu-as --with-ld=/usr/bin/x86_64-linux-gnu-ld --program-suffix=-7 --program-prefix=x86_64-linux-gnu- --enable-shared --enable-linker-build-id --libexecdir=/usr/lib --without-included-gettext --enable-threads=posix --libdir=/usr/lib --enable-nls --with-sysroot=/ --enable-clocale=gnu --enable-libstdcxx-debug --enable-libstdcxx-time=yes --with-default-libstdcxx-abi=new --enable-gnu-unique-object --disable-vtable-verify --enable-libmpx --enable-plugin --enable-default-pie --with-system-zlib --with-target-system-zlib --enable-objc-gc=auto --enable-multiarch --disable-werror --with-arch-32=i686 --with-abi=m64 --with-multilib-list=m32,m64,mx32 --enable-multilib --with-tune=generic --enable-offload-targets=nvptx-none --without-cuda-driver --enable-checking=release --build=x86_64-linux-gnu --host=x86_64-linux-gnu --target=x86_64-linux-gnu
Thread model: posix
gcc version 7.3.0 (Ubuntu 7.3.0-16ubuntu3) 
configure:5662: $? = 0
configure:5651: gcc -V >&5
gcc: error: unrecognized command line option '-V'
gcc: fatal error: no input files
compilation terminated.
configure:5662: $? = 1
configure:5651: gcc -qversion >&5
gcc: error: unrecognized command line option '-qversion'; did you mean '--version'?
gcc: fatal error: no input files
compilation terminated.
configure:5662: $? = 1
configure:5666: checking whether we are using the GNU C compiler
configure:5685: gcc -c   conftest.c >&5
configure:5685: $? = 0
configure:5694: result: yes
configure:5703: checking whether gcc accepts -g
configure:5723: gcc -c -g  conftest.c >&5
configure:5723: $? = 0
configure:5764: result: yes
configure:5781: checking for gcc option to accept ISO C89
configure:5844: gcc  -c -g -O2  conftest.c >&5
configure:5844: $? = 0
configure:5857: result: none needed
configure:5882: checking whether gcc understands -c and -o together
configure:5904: gcc -c conftest.c -o conftest2.o
configure:5907: $? = 0
configure:5904: gcc -c conftest.c -o conftest2.o
configure:5907: $? = 0
configure:5919: result: yes
configure:5938: checking dependency style of gcc
configure:6049: result: gcc3
configure:6064: checking for a sed that does not truncate output
configure:6128: result: /bin/sed
configure:6146: checking for grep that handles long lines and -e
configure:6204: result: /bin/grep
configure:6209: checking for egrep
configure:6271: result: /bin/grep -E
configure:6276: checking for fgrep
configure:6338: result: /bin/grep -F
configure:6373: checking for ld used by gcc
configure:6440: result: /usr/bin/x86_64-linux-gnu-ld
configure:6447: checking if the linker (/usr/bin/x86_64-linux-gnu-ld) is GNU ld
configure:6462: result: yes
configure:6474: checking for BSD- or MS-compatible name lister (nm)
configure:6528: result: /usr/bin/nm -B
configure:6658: checking the name lister (/usr/bin/nm -B) interface
configure:6665: gcc -c -g -O2  conftest.c >&5
configure:6668: /usr/bin/nm -B "conftest.o"
configure:6671: output
0000000000000000 B some_variable
configure:6678: result: BSD nm
configure:6681: checking whether ln -s works
configure:6685: result: yes
configure:6693: checking the maximum length of command line arguments
configure:6824: result: 1572864
configure:6872: checking how to convert x86_64-pc-linux-gnu file names to x86_64-pc-linux-gnu format
configure:6912: result: func_convert_file_noop
configure:6919: checking how to convert x86_64-pc-linux-gnu file names to toolchain format
configure:6939: result: func_convert_file_noop
configure:6946: checking for /usr/bin/x86_64-linux-gnu-ld option to reload object files
configure:6953: result: -r
configure:7027: checking for objdump
configure:7043: found /usr/bin/objdump
configure:7054: result: objdump
configure:7086: checking how to recognize dependent libraries
configure:7286: result: pass_all
configure:7371: checking for dlltool
configure:7401: result: no
configure:7431: checking how to associate runtime and link libraries
configure:7458: result: printf %s\n
configure:7519: checking for ar
configure:7535: found /usr/bin/ar
configure:7546: result: ar
configure:7583: checking for archiver @FILE support
configure:7600: gcc -c -g -O2  conftest.c >&5
configure:7600: $? = 0
configure:7603: ar cru libconftest.a @conftest.lst >&5
ar: `u' modifier ignored since `D' is the default (see `U')
configure:7606: $? = 0
configure:7611: ar cru libconftest.a @conftest.lst >&5
ar: `u' modifier ignored since `D' is the default (see `U')
ar: conftest.o: No such file or directory
configure:7614: $? = 1
configure:7626: result: @
configure:7684: checking for strip
configure:7700: found /usr/bin/strip
configure:7711: result: strip
configure:7783: checking for ranlib
configure:7799: found /usr/bin/ranlib
configure:7810: result: ranlib
configure:7912: checking command to parse /usr/bin/nm -B output from gcc object
configure:8065: gcc -c -g -O2  conftest.c >&5
configure:8068: $? = 0
configure:8072: /usr/bin/nm -B conftest.o \| sed -n -e 's/^.*[ ]\([ABCDGIRSTW][ABCDGIRSTW]*\)[ ][ ]*\([_A-Za-z][_A-Za-z0-9]*\)$/\1 \2 \2/p' | sed '/ __gnu_lto/d' \> conftest.nm
configure:8075: $? = 0
configure:8141: gcc -o conftest -g -O2   conftest.c conftstm.o >&5
configure:8144: $? = 0
configure:8182: result: ok
configure:8229: checking for sysroot
configure:8259: result: no
configure:8266: checking for a working dd
configure:8304: result: /bin/dd
configure:8308: checking how to truncate binary pipes
configure:8323: result: /bin/dd bs=4096 count=1
configure:8459: gcc -c -g -O2  conftest.c >&5
configure:8462: $? = 0
configure:8652: checking for mt
configure:8668: found /bin/mt
configure:8679: result: mt
configure:8702: checking if mt is a manifest tool
configure:8708: mt '-?'
configure:8716: result: no
configure:9393: checking how to run the C preprocessor
configure:9424: gcc -E  conftest.c
configure:9424: $? = 0
configure:9438: gcc -E  conftest.c
conftest.c:10:10: fatal error: ac_nonexistent.h: No such file or directory
 #include <ac_nonexistent.h>
          ^~~~~~~~~~~~~~~~~~
compilation terminated.
configure:9438: $? = 1
configure: failed program was:
| /* confdefs.h */
| #define PACKAGE_NAME "Eazy Core"
| #define PACKAGE_TARNAME "eazy"
| #define PACKAGE_VERSION "3.1.99"
| #define PACKAGE_STRING "Eazy Core 3.1.99"
| #define PACKAGE_BUGREPORT "www.eazy.org"
| #define PACKAGE_URL ""
| #define HAVE_CXX11 1
| /* end confdefs.h.  */
| #include <ac_nonexistent.h>
configure:9463: result: gcc -E
configure:9483: gcc -E  conftest.c
configure:9483: $? = 0
configure:9497: gcc -E  conftest.c
conftest.c:10:10: fatal error: ac_nonexistent.h: No such file or directory
 #include <ac_nonexistent.h>
          ^~~~~~~~~~~~~~~~~~
compilation terminated.
configure:9497: $? = 1
configure: failed program was:
| /* confdefs.h */
| #define PACKAGE_NAME "Eazy Core"
| #define PACKAGE_TARNAME "eazy"
| #define PACKAGE_VERSION "3.1.99"
| #define PACKAGE_STRING "Eazy Core 3.1.99"
| #define PACKAGE_BUGREPORT "www.eazy.org"
| #define PACKAGE_URL ""
| #define HAVE_CXX11 1
| /* end confdefs.h.  */
| #include <ac_nonexistent.h>
configure:9526: checking for ANSI C header files
configure:9546: gcc -c -g -O2  conftest.c >&5
configure:9546: $? = 0
configure:9619: gcc -o conftest -g -O2   conftest.c  >&5
configure:9619: $? = 0
configure:9619: ./conftest
configure:9619: $? = 0
configure:9630: result: yes
configure:9643: checking for sys/types.h
configure:9643: gcc -c -g -O2  conftest.c >&5
configure:9643: $? = 0
configure:9643: result: yes
configure:9643: checking for sys/stat.h
configure:9643: gcc -c -g -O2  conftest.c >&5
configure:9643: $? = 0
configure:9643: result: yes
configure:9643: checking for stdlib.h
configure:9643: gcc -c -g -O2  conftest.c >&5
configure:9643: $? = 0
configure:9643: result: yes
configure:9643: checking for string.h
configure:9643: gcc -c -g -O2  conftest.c >&5
configure:9643: $? = 0
configure:9643: result: yes
configure:9643: checking for memory.h
configure:9643: gcc -c -g -O2  conftest.c >&5
configure:9643: $? = 0
configure:9643: result: yes
configure:9643: checking for strings.h
configure:9643: gcc -c -g -O2  conftest.c >&5
configure:9643: $? = 0
configure:9643: result: yes
configure:9643: checking for inttypes.h
configure:9643: gcc -c -g -O2  conftest.c >&5
configure:9643: $? = 0
configure:9643: result: yes
configure:9643: checking for stdint.h
configure:9643: gcc -c -g -O2  conftest.c >&5
configure:9643: $? = 0
configure:9643: result: yes
configure:9643: checking for unistd.h
configure:9643: gcc -c -g -O2  conftest.c >&5
configure:9643: $? = 0
configure:9643: result: yes
configure:9657: checking for dlfcn.h
configure:9657: gcc -c -g -O2  conftest.c >&5
configure:9657: $? = 0
configure:9657: result: yes
configure:9922: checking for objdir
configure:9937: result: .libs
configure:10201: checking if gcc supports -fno-rtti -fno-exceptions
configure:10219: gcc -c -g -O2  -fno-rtti -fno-exceptions conftest.c >&5
cc1: warning: command line option '-fno-rtti' is valid for C++/ObjC++ but not for C
configure:10223: $? = 0
configure:10236: result: no
configure:10594: checking for gcc option to produce PIC
configure:10601: result: -fPIC -DPIC
configure:10609: checking if gcc PIC flag -fPIC -DPIC works
configure:10627: gcc -c -g -O2  -fPIC -DPIC -DPIC conftest.c >&5
configure:10631: $? = 0
configure:10644: result: yes
configure:10673: checking if gcc static flag -static works
configure:10701: result: yes
configure:10716: checking if gcc supports -c -o file.o
configure:10737: gcc -c -g -O2  -o out/conftest2.o conftest.c >&5
configure:10741: $? = 0
configure:10763: result: yes
configure:10771: checking if gcc supports -c -o file.o
configure:10818: result: yes
configure:10851: checking whether the gcc linker (/usr/bin/x86_64-linux-gnu-ld -m elf_x86_64) supports shared libraries
configure:12114: result: yes
configure:12151: checking whether -lc should be explicitly linked in
configure:12159: gcc -c -g -O2  conftest.c >&5
configure:12162: $? = 0
configure:12177: gcc -shared  -fPIC -DPIC conftest.o  -v -Wl,-soname -Wl,conftest -o conftest 2\>\&1 \| /bin/grep  -lc  \>/dev/null 2\>\&1
configure:12180: $? = 0
configure:12194: result: no
configure:12354: checking dynamic linker characteristics
configure:12935: gcc -o conftest -g -O2   -Wl,-rpath -Wl,/foo conftest.c  >&5
configure:12935: $? = 0
configure:13184: result: GNU/Linux ld.so
configure:13306: checking how to hardcode library paths into programs
configure:13331: result: immediate
configure:13879: checking whether stripping libraries is possible
configure:13884: result: yes
configure:13919: checking if libtool supports shared libraries
configure:13921: result: yes
configure:13924: checking whether to build shared libraries
configure:13949: result: yes
configure:13952: checking whether to build static libraries
configure:13956: result: yes
configure:13979: checking how to run the C++ preprocessor
configure:14006: g++ -std=c++11 -E  conftest.cpp
configure:14006: $? = 0
configure:14020: g++ -std=c++11 -E  conftest.cpp
conftest.cpp:22:10: fatal error: ac_nonexistent.h: No such file or directory
 #include <ac_nonexistent.h>
          ^~~~~~~~~~~~~~~~~~
compilation terminated.
configure:14020: $? = 1
configure: failed program was:
| /* confdefs.h */
| #define PACKAGE_NAME "Eazy Core"
| #define PACKAGE_TARNAME "eazy"
| #define PACKAGE_VERSION "3.1.99"
| #define PACKAGE_STRING "Eazy Core 3.1.99"
| #define PACKAGE_BUGREPORT "www.eazy.org"
| #define PACKAGE_URL ""
| #define HAVE_CXX11 1
| #define STDC_HEADERS 1
| #define HAVE_SYS_TYPES_H 1
| #define HAVE_SYS_STAT_H 1
| #define HAVE_STDLIB_H 1
| #define HAVE_STRING_H 1
| #define HAVE_MEMORY_H 1
| #define HAVE_STRINGS_H 1
| #define HAVE_INTTYPES_H 1
| #define HAVE_STDINT_H 1
| #define HAVE_UNISTD_H 1
| #define HAVE_DLFCN_H 1
| #define LT_OBJDIR ".libs/"
| /* end confdefs.h.  */
| #include <ac_nonexistent.h>
configure:14045: result: g++ -std=c++11 -E
configure:14065: g++ -std=c++11 -E  conftest.cpp
configure:14065: $? = 0
configure:14079: g++ -std=c++11 -E  conftest.cpp
conftest.cpp:22:10: fatal error: ac_nonexistent.h: No such file or directory
 #include <ac_nonexistent.h>
          ^~~~~~~~~~~~~~~~~~
compilation terminated.
configure:14079: $? = 1
configure: failed program was:
| /* confdefs.h */
| #define PACKAGE_NAME "Eazy Core"
| #define PACKAGE_TARNAME "eazy"
| #define PACKAGE_VERSION "3.1.99"
| #define PACKAGE_STRING "Eazy Core 3.1.99"
| #define PACKAGE_BUGREPORT "www.eazy.org"
| #define PACKAGE_URL ""
| #define HAVE_CXX11 1
| #define STDC_HEADERS 1
| #define HAVE_SYS_TYPES_H 1
| #define HAVE_SYS_STAT_H 1
| #define HAVE_STDLIB_H 1
| #define HAVE_STRING_H 1
| #define HAVE_MEMORY_H 1
| #define HAVE_STRINGS_H 1
| #define HAVE_INTTYPES_H 1
| #define HAVE_STDINT_H 1
| #define HAVE_UNISTD_H 1
| #define HAVE_DLFCN_H 1
| #define LT_OBJDIR ".libs/"
| /* end confdefs.h.  */
| #include <ac_nonexistent.h>
configure:14241: checking for ld used by g++ -std=c++11
configure:14308: result: /usr/bin/x86_64-linux-gnu-ld -m elf_x86_64
configure:14315: checking if the linker (/usr/bin/x86_64-linux-gnu-ld -m elf_x86_64) is GNU ld
configure:14330: result: yes
configure:14385: checking whether the g++ -std=c++11 linker (/usr/bin/x86_64-linux-gnu-ld -m elf_x86_64) supports shared libraries
configure:15458: result: yes
configure:15494: g++ -std=c++11 -c -g -O2  conftest.cpp >&5
configure:15497: $? = 0
configure:15978: checking for g++ -std=c++11 option to produce PIC
configure:15985: result: -fPIC -DPIC
configure:15993: checking if g++ -std=c++11 PIC flag -fPIC -DPIC works
configure:16011: g++ -std=c++11 -c -g -O2  -fPIC -DPIC -DPIC conftest.cpp >&5
configure:16015: $? = 0
configure:16028: result: yes
configure:16051: checking if g++ -std=c++11 static flag -static works
configure:16079: result: yes
configure:16091: checking if g++ -std=c++11 supports -c -o file.o
configure:16112: g++ -std=c++11 -c -g -O2  -o out/conftest2.o conftest.cpp >&5
configure:16116: $? = 0
configure:16138: result: yes
configure:16143: checking if g++ -std=c++11 supports -c -o file.o
configure:16190: result: yes
configure:16220: checking whether the g++ -std=c++11 linker (/usr/bin/x86_64-linux-gnu-ld -m elf_x86_64) supports shared libraries
configure:16263: result: yes
configure:16404: checking dynamic linker characteristics
configure:17161: result: GNU/Linux ld.so
configure:17226: checking how to hardcode library paths into programs
configure:17251: result: immediate
configure:17359: checking for ar
configure:17377: found /usr/bin/ar
configure:17389: result: /usr/bin/ar
configure:17457: checking for ranlib
configure:17475: found /usr/bin/ranlib
configure:17487: result: /usr/bin/ranlib
configure:17555: checking for strip
configure:17573: found /usr/bin/strip
configure:17585: result: /usr/bin/strip
configure:17653: checking for gcov
configure:17671: found /usr/bin/gcov
configure:17683: result: /usr/bin/gcov
configure:17707: checking for lcov
configure:17740: result: no
configure:17749: checking for python3.6
configure:17767: found /usr/bin/python3.6
configure:17779: result: /usr/bin/python3.6
configure:17792: checking for genhtml
configure:17825: result: no
configure:17832: checking for git
configure:17850: found /usr/bin/git
configure:17862: result: /usr/bin/git
configure:17872: checking for ccache
configure:17905: result: no
configure:17912: checking for xgettext
configure:17930: found /usr/bin/xgettext
configure:17942: result: /usr/bin/xgettext
configure:17952: checking for hexdump
configure:17970: found /usr/bin/hexdump
configure:17982: result: /usr/bin/hexdump
configure:18036: checking for readelf
configure:18054: found /usr/bin/readelf
configure:18066: result: /usr/bin/readelf
configure:18134: checking for c++filt
configure:18152: found /usr/bin/c++filt
configure:18164: result: /usr/bin/c++filt
configure:18232: checking for objcopy
configure:18250: found /usr/bin/objcopy
configure:18262: result: /usr/bin/objcopy
configure:18436: checking whether C++ compiler accepts -Werror
configure:18455: g++ -std=c++11 -c -g -O2  -Werror  conftest.cpp >&5
configure:18455: $? = 0
configure:18463: result: yes
configure:18566: checking whether C++ compiler accepts -Wall
configure:18585: g++ -std=c++11 -c -g -O2 -Werror -Wall  conftest.cpp >&5
configure:18585: $? = 0
configure:18594: result: yes
configure:18603: checking whether C++ compiler accepts -Wextra
configure:18622: g++ -std=c++11 -c -g -O2 -Wall -Werror -Wextra  conftest.cpp >&5
configure:18622: $? = 0
configure:18631: result: yes
configure:18640: checking whether C++ compiler accepts -Wformat
configure:18659: g++ -std=c++11 -c -g -O2 -Wall -Wextra -Werror -Wformat  conftest.cpp >&5
configure:18659: $? = 0
configure:18668: result: yes
configure:18677: checking whether C++ compiler accepts -Wvla
configure:18696: g++ -std=c++11 -c -g -O2 -Wall -Wextra -Wformat -Werror -Wvla  conftest.cpp >&5
configure:18696: $? = 0
configure:18705: result: yes
configure:18714: checking whether C++ compiler accepts -Wformat-security
configure:18733: g++ -std=c++11 -c -g -O2 -Wall -Wextra -Wformat -Wvla -Werror -Wformat-security  conftest.cpp >&5
configure:18733: $? = 0
configure:18742: result: yes
configure:18751: checking whether C++ compiler accepts -Wthread-safety-analysis
configure:18770: g++ -std=c++11 -c -g -O2 -Wall -Wextra -Wformat -Wvla -Wformat-security -Werror -Wthread-safety-analysis  conftest.cpp >&5
g++: error: unrecognized command line option '-Wthread-safety-analysis'; did you mean '-fthreadsafe-statics'?
configure:18770: $? = 1
configure: failed program was:
| /* confdefs.h */
| #define PACKAGE_NAME "Eazy Core"
| #define PACKAGE_TARNAME "eazy"
| #define PACKAGE_VERSION "3.1.99"
| #define PACKAGE_STRING "Eazy Core 3.1.99"
| #define PACKAGE_BUGREPORT "www.eazy.org"
| #define PACKAGE_URL ""
| #define HAVE_CXX11 1
| #define STDC_HEADERS 1
| #define HAVE_SYS_TYPES_H 1
| #define HAVE_SYS_STAT_H 1
| #define HAVE_STDLIB_H 1
| #define HAVE_STRING_H 1
| #define HAVE_MEMORY_H 1
| #define HAVE_STRINGS_H 1
| #define HAVE_INTTYPES_H 1
| #define HAVE_STDINT_H 1
| #define HAVE_UNISTD_H 1
| #define HAVE_DLFCN_H 1
| #define LT_OBJDIR ".libs/"
| /* end confdefs.h.  */
| 
| int
| main ()
| {
| 
|   ;
|   return 0;
| }
configure:18779: result: no
configure:18792: checking whether C++ compiler accepts -Wunused-parameter
configure:18811: g++ -std=c++11 -c -g -O2 -Wall -Wextra -Wformat -Wvla -Wformat-security -Werror -Wunused-parameter  conftest.cpp >&5
configure:18811: $? = 0
configure:18820: result: yes
configure:18829: checking whether C++ compiler accepts -Wself-assign
configure:18848: g++ -std=c++11 -c -g -O2 -Wall -Wextra -Wformat -Wvla -Wformat-security -Wno-unused-parameter -Werror -Wself-assign  conftest.cpp >&5
g++: error: unrecognized command line option '-Wself-assign'; did you mean '-Wcast-align'?
configure:18848: $? = 1
configure: failed program was:
| /* confdefs.h */
| #define PACKAGE_NAME "Eazy Core"
| #define PACKAGE_TARNAME "eazy"
| #define PACKAGE_VERSION "3.1.99"
| #define PACKAGE_STRING "Eazy Core 3.1.99"
| #define PACKAGE_BUGREPORT "www.eazy.org"
| #define PACKAGE_URL ""
| #define HAVE_CXX11 1
| #define STDC_HEADERS 1
| #define HAVE_SYS_TYPES_H 1
| #define HAVE_SYS_STAT_H 1
| #define HAVE_STDLIB_H 1
| #define HAVE_STRING_H 1
| #define HAVE_MEMORY_H 1
| #define HAVE_STRINGS_H 1
| #define HAVE_INTTYPES_H 1
| #define HAVE_STDINT_H 1
| #define HAVE_UNISTD_H 1
| #define HAVE_DLFCN_H 1
| #define LT_OBJDIR ".libs/"
| /* end confdefs.h.  */
| 
| int
| main ()
| {
| 
|   ;
|   return 0;
| }
configure:18857: result: no
configure:18866: checking whether C++ compiler accepts -Wunused-local-typedef
configure:18885: g++ -std=c++11 -c -g -O2 -Wall -Wextra -Wformat -Wvla -Wformat-security -Wno-unused-parameter -Werror -Wunused-local-typedef  conftest.cpp >&5
g++: error: unrecognized command line option '-Wunused-local-typedef'; did you mean '-Wunused-local-typedefs'?
configure:18885: $? = 1
configure: failed program was:
| /* confdefs.h */
| #define PACKAGE_NAME "Eazy Core"
| #define PACKAGE_TARNAME "eazy"
| #define PACKAGE_VERSION "3.1.99"
| #define PACKAGE_STRING "Eazy Core 3.1.99"
| #define PACKAGE_BUGREPORT "www.eazy.org"
| #define PACKAGE_URL ""
| #define HAVE_CXX11 1
| #define STDC_HEADERS 1
| #define HAVE_SYS_TYPES_H 1
| #define HAVE_SYS_STAT_H 1
| #define HAVE_STDLIB_H 1
| #define HAVE_STRING_H 1
| #define HAVE_MEMORY_H 1
| #define HAVE_STRINGS_H 1
| #define HAVE_INTTYPES_H 1
| #define HAVE_STDINT_H 1
| #define HAVE_UNISTD_H 1
| #define HAVE_DLFCN_H 1
| #define LT_OBJDIR ".libs/"
| /* end confdefs.h.  */
| 
| int
| main ()
| {
| 
|   ;
|   return 0;
| }
configure:18894: result: no
configure:18903: checking whether C++ compiler accepts -Wdeprecated-register
configure:18922: g++ -std=c++11 -c -g -O2 -Wall -Wextra -Wformat -Wvla -Wformat-security -Wno-unused-parameter -Werror -Wdeprecated-register  conftest.cpp >&5
g++: error: unrecognized command line option '-Wdeprecated-register'; did you mean '-frename-registers'?
configure:18922: $? = 1
configure: failed program was:
| /* confdefs.h */
| #define PACKAGE_NAME "Eazy Core"
| #define PACKAGE_TARNAME "eazy"
| #define PACKAGE_VERSION "3.1.99"
| #define PACKAGE_STRING "Eazy Core 3.1.99"
| #define PACKAGE_BUGREPORT "www.eazy.org"
| #define PACKAGE_URL ""
| #define HAVE_CXX11 1
| #define STDC_HEADERS 1
| #define HAVE_SYS_TYPES_H 1
| #define HAVE_SYS_STAT_H 1
| #define HAVE_STDLIB_H 1
| #define HAVE_STRING_H 1
| #define HAVE_MEMORY_H 1
| #define HAVE_STRINGS_H 1
| #define HAVE_INTTYPES_H 1
| #define HAVE_STDINT_H 1
| #define HAVE_UNISTD_H 1
| #define HAVE_DLFCN_H 1
| #define LT_OBJDIR ".libs/"
| /* end confdefs.h.  */
| 
| int
| main ()
| {
| 
|   ;
|   return 0;
| }
configure:18931: result: no
configure:18940: checking whether C++ compiler accepts -Wimplicit-fallthrough
configure:18959: g++ -std=c++11 -c -g -O2 -Wall -Wextra -Wformat -Wvla -Wformat-security -Wno-unused-parameter -Werror -Wimplicit-fallthrough  conftest.cpp >&5
configure:18959: $? = 0
configure:18968: result: yes
configure:20644: checking for pkg-config
configure:20662: found /usr/bin/pkg-config
configure:20674: result: /usr/bin/pkg-config
configure:20699: checking pkg-config is at least version 0.9.0
configure:20702: result: yes
configure:20823: checking whether byte ordering is bigendian
configure:20838: g++ -std=c++11 -c -g -O2 -Wall -Wextra -Wformat -Wvla -Wformat-security -Wno-unused-parameter -Wno-implicit-fallthrough  -DHAVE_BUILD_INFO -D__STDC_FORMAT_MACROS conftest.cpp >&5
conftest.cpp:23:9: error: expected unqualified-id before 'not' token
         not a universal capable compiler
         ^~~
configure:20838: $? = 1
configure: failed program was:
| /* confdefs.h */
| #define PACKAGE_NAME "Eazy Core"
| #define PACKAGE_TARNAME "eazy"
| #define PACKAGE_VERSION "3.1.99"
| #define PACKAGE_STRING "Eazy Core 3.1.99"
| #define PACKAGE_BUGREPORT "www.eazy.org"
| #define PACKAGE_URL ""
| #define HAVE_CXX11 1
| #define STDC_HEADERS 1
| #define HAVE_SYS_TYPES_H 1
| #define HAVE_SYS_STAT_H 1
| #define HAVE_STDLIB_H 1
| #define HAVE_STRING_H 1
| #define HAVE_MEMORY_H 1
| #define HAVE_STRINGS_H 1
| #define HAVE_INTTYPES_H 1
| #define HAVE_STDINT_H 1
| #define HAVE_UNISTD_H 1
| #define HAVE_DLFCN_H 1
| #define LT_OBJDIR ".libs/"
| /* end confdefs.h.  */
| #ifndef __APPLE_CC__
| 	       not a universal capable compiler
| 	     #endif
| 	     typedef int dummy;
| 
configure:20883: g++ -std=c++11 -c -g -O2 -Wall -Wextra -Wformat -Wvla -Wformat-security -Wno-unused-parameter -Wno-implicit-fallthrough  -DHAVE_BUILD_INFO -D__STDC_FORMAT_MACROS conftest.cpp >&5
configure:20883: $? = 0
configure:20901: g++ -std=c++11 -c -g -O2 -Wall -Wextra -Wformat -Wvla -Wformat-security -Wno-unused-parameter -Wno-implicit-fallthrough  -DHAVE_BUILD_INFO -D__STDC_FORMAT_MACROS conftest.cpp >&5
conftest.cpp: In function 'int main()':
conftest.cpp:29:8: error: 'big' was not declared in this scope
    not big endian
        ^~~
configure:20901: $? = 1
configure: failed program was:
| /* confdefs.h */
| #define PACKAGE_NAME "Eazy Core"
| #define PACKAGE_TARNAME "eazy"
| #define PACKAGE_VERSION "3.1.99"
| #define PACKAGE_STRING "Eazy Core 3.1.99"
| #define PACKAGE_BUGREPORT "www.eazy.org"
| #define PACKAGE_URL ""
| #define HAVE_CXX11 1
| #define STDC_HEADERS 1
| #define HAVE_SYS_TYPES_H 1
| #define HAVE_SYS_STAT_H 1
| #define HAVE_STDLIB_H 1
| #define HAVE_STRING_H 1
| #define HAVE_MEMORY_H 1
| #define HAVE_STRINGS_H 1
| #define HAVE_INTTYPES_H 1
| #define HAVE_STDINT_H 1
| #define HAVE_UNISTD_H 1
| #define HAVE_DLFCN_H 1
| #define LT_OBJDIR ".libs/"
| /* end confdefs.h.  */
| #include <sys/types.h>
| 		#include <sys/param.h>
| 
| int
| main ()
| {
| #if BYTE_ORDER != BIG_ENDIAN
| 		 not big endian
| 		#endif
| 
|   ;
|   return 0;
| }
configure:21029: result: no
configure:21230: checking whether gcc is Clang
configure:21255: result: no
configure:21378: checking whether pthreads work with -pthread
configure:21472: gcc -o conftest -g -O2 -pthread  -DHAVE_BUILD_INFO -D__STDC_FORMAT_MACROS  conftest.c   >&5
configure:21472: $? = 0
configure:21481: result: yes
configure:21500: checking for joinable pthread attribute
configure:21518: gcc -o conftest -g -O2 -pthread  -DHAVE_BUILD_INFO -D__STDC_FORMAT_MACROS  conftest.c   >&5
configure:21518: $? = 0
configure:21526: result: PTHREAD_CREATE_JOINABLE
configure:21540: checking whether more special flags are required for pthreads
configure:21553: result: no
configure:21561: checking for PTHREAD_PRIO_INHERIT
configure:21577: gcc -o conftest -g -O2 -pthread  -DHAVE_BUILD_INFO -D__STDC_FORMAT_MACROS  conftest.c   >&5
configure:21577: $? = 0
configure:21586: result: yes
configure:21699: checking for special C compiler options needed for large files
configure:21744: result: no
configure:21750: checking for _FILE_OFFSET_BITS value needed for large files
configure:21775: g++ -std=c++11 -c -g -O2 -Wall -Wextra -Wformat -Wvla -Wformat-security -Wno-unused-parameter -Wno-implicit-fallthrough  -DHAVE_BUILD_INFO -D__STDC_FORMAT_MACROS conftest.cpp >&5
configure:21775: $? = 0
configure:21807: result: no
configure:21893: checking whether strerror_r is declared
configure:21893: g++ -std=c++11 -c -g -O2 -Wall -Wextra -Wformat -Wvla -Wformat-security -Wno-unused-parameter -Wno-implicit-fallthrough  -DHAVE_BUILD_INFO -D__STDC_FORMAT_MACROS conftest.cpp >&5
configure:21893: $? = 0
configure:21893: result: yes
configure:21906: checking for strerror_r
configure:21906: g++ -std=c++11 -o conftest -g -O2 -Wall -Wextra -Wformat -Wvla -Wformat-security -Wno-unused-parameter -Wno-implicit-fallthrough  -DHAVE_BUILD_INFO -D__STDC_FORMAT_MACROS  conftest.cpp  >&5
configure:21906: $? = 0
configure:21906: result: yes
configure:21915: checking whether strerror_r returns char *
configure:21939: g++ -std=c++11 -c -g -O2 -Wall -Wextra -Wformat -Wvla -Wformat-security -Wno-unused-parameter -Wno-implicit-fallthrough  -DHAVE_BUILD_INFO -D__STDC_FORMAT_MACROS conftest.cpp >&5
configure:21939: $? = 0
configure:21977: result: yes
configure:21998: checking whether the linker accepts -Wl,--large-address-aware
configure:22017: g++ -std=c++11 -o conftest -g -O2 -Wall -Wextra -Wformat -Wvla -Wformat-security -Wno-unused-parameter -Wno-implicit-fallthrough  -DHAVE_BUILD_INFO -D__STDC_FORMAT_MACROS   -Wl,--large-address-aware conftest.cpp  >&5
/usr/bin/x86_64-linux-gnu-ld: unrecognized option '--large-address-aware'
/usr/bin/x86_64-linux-gnu-ld: use the --help option for usage information
collect2: error: ld returned 1 exit status
configure:22017: $? = 1
configure: failed program was:
| /* confdefs.h */
| #define PACKAGE_NAME "Eazy Core"
| #define PACKAGE_TARNAME "eazy"
| #define PACKAGE_VERSION "3.1.99"
| #define PACKAGE_STRING "Eazy Core 3.1.99"
| #define PACKAGE_BUGREPORT "www.eazy.org"
| #define PACKAGE_URL ""
| #define HAVE_CXX11 1
| #define STDC_HEADERS 1
| #define HAVE_SYS_TYPES_H 1
| #define HAVE_SYS_STAT_H 1
| #define HAVE_STDLIB_H 1
| #define HAVE_STRING_H 1
| #define HAVE_MEMORY_H 1
| #define HAVE_STRINGS_H 1
| #define HAVE_INTTYPES_H 1
| #define HAVE_STDINT_H 1
| #define HAVE_UNISTD_H 1
| #define HAVE_DLFCN_H 1
| #define LT_OBJDIR ".libs/"
| #define HAVE_PTHREAD_PRIO_INHERIT 1
| #define HAVE_PTHREAD 1
| #define HAVE_DECL_STRERROR_R 1
| #define HAVE_STRERROR_R 1
| #define STRERROR_R_CHAR_P 1
| /* end confdefs.h.  */
| 
| int
| main ()
| {
| 
|   ;
|   return 0;
| }
configure:22026: result: no
configure:22038: checking for __attribute__((visibility))
configure:22062: g++ -std=c++11 -o conftest -g -O2 -Wall -Wextra -Wformat -Wvla -Wformat-security -Wno-unused-parameter -Wno-implicit-fallthrough  -DHAVE_BUILD_INFO -D__STDC_FORMAT_MACROS  conftest.cpp  >&5
configure:22062: $? = 0
configure:22075: result: yes
configure:22091: checking for __attribute__((dllexport))
configure:22112: g++ -std=c++11 -o conftest -g -O2 -Wall -Wextra -Wformat -Wvla -Wformat-security -Wno-unused-parameter -Wno-implicit-fallthrough  -DHAVE_BUILD_INFO -D__STDC_FORMAT_MACROS  conftest.cpp  >&5
conftest.cpp:30:62: warning: 'dllexport' attribute directive ignored [-Wattributes]
                     __attribute__((dllexport)) int foo( void ) { return 0; }
                                                              ^
configure:22112: $? = 0
configure:22125: result: no
configure:22141: checking for __attribute__((dllimport))
configure:22162: g++ -std=c++11 -o conftest -g -O2 -Wall -Wextra -Wformat -Wvla -Wformat-security -Wno-unused-parameter -Wno-implicit-fallthrough  -DHAVE_BUILD_INFO -D__STDC_FORMAT_MACROS  conftest.cpp  >&5
conftest.cpp:30:62: warning: 'dllimport' attribute directive ignored [-Wattributes]
                     int foo( void ) __attribute__((dllimport));
                                                              ^
configure:22162: $? = 0
configure:22175: result: no
configure:22275: checking for library containing clock_gettime
configure:22306: g++ -std=c++11 -o conftest -g -O2 -Wall -Wextra -Wformat -Wvla -Wformat-security -Wno-unused-parameter -Wno-implicit-fallthrough  -DHAVE_BUILD_INFO -D__STDC_FORMAT_MACROS  conftest.cpp  >&5
configure:22306: $? = 0
configure:22323: result: none required
configure:22335: checking whether C++ compiler accepts -fPIC
configure:22354: g++ -std=c++11 -c -g -O2 -Wall -Wextra -Wformat -Wvla -Wformat-security -Wno-unused-parameter -Wno-implicit-fallthrough  -fPIC  -DHAVE_BUILD_INFO -D__STDC_FORMAT_MACROS conftest.cpp >&5
configure:22354: $? = 0
configure:22362: result: yes
configure:22373: checking whether C++ compiler accepts -Wstack-protector
configure:22392: g++ -std=c++11 -c -g -O2 -Wall -Wextra -Wformat -Wvla -Wformat-security -Wno-unused-parameter -Wno-implicit-fallthrough  -Wstack-protector  -DHAVE_BUILD_INFO -D__STDC_FORMAT_MACROS conftest.cpp >&5
configure:22392: $? = 0
configure:22400: result: yes
configure:22408: checking whether C++ compiler accepts -fstack-protector-all
configure:22427: g++ -std=c++11 -c -g -O2 -Wall -Wextra -Wformat -Wvla -Wformat-security -Wno-unused-parameter -Wno-implicit-fallthrough  -fstack-protector-all  -DHAVE_BUILD_INFO -D__STDC_FORMAT_MACROS conftest.cpp >&5
configure:22427: $? = 0
configure:22435: result: yes
configure:22445: checking whether C++ preprocessor accepts -D_FORTIFY_SOURCE=2
configure:22464: g++ -std=c++11 -E  -DHAVE_BUILD_INFO -D__STDC_FORMAT_MACROS  -D_FORTIFY_SOURCE=2 conftest.cpp
configure:22464: $? = 0
configure:22472: result: yes
configure:22476: checking whether C++ preprocessor accepts -U_FORTIFY_SOURCE
configure:22495: g++ -std=c++11 -E  -DHAVE_BUILD_INFO -D__STDC_FORMAT_MACROS  -U_FORTIFY_SOURCE conftest.cpp
configure:22495: $? = 0
configure:22503: result: yes
configure:22520: checking whether the linker accepts -Wl,--dynamicbase
configure:22539: g++ -std=c++11 -o conftest -g -O2 -Wall -Wextra -Wformat -Wvla -Wformat-security -Wno-unused-parameter -Wno-implicit-fallthrough  -DHAVE_BUILD_INFO -D__STDC_FORMAT_MACROS   -Wl,--dynamicbase conftest.cpp  >&5
/usr/bin/x86_64-linux-gnu-ld: unrecognized option '--dynamicbase'
/usr/bin/x86_64-linux-gnu-ld: use the --help option for usage information
collect2: error: ld returned 1 exit status
configure:22539: $? = 1
configure: failed program was:
| /* confdefs.h */
| #define PACKAGE_NAME "Eazy Core"
| #define PACKAGE_TARNAME "eazy"
| #define PACKAGE_VERSION "3.1.99"
| #define PACKAGE_STRING "Eazy Core 3.1.99"
| #define PACKAGE_BUGREPORT "www.eazy.org"
| #define PACKAGE_URL ""
| #define HAVE_CXX11 1
| #define STDC_HEADERS 1
| #define HAVE_SYS_TYPES_H 1
| #define HAVE_SYS_STAT_H 1
| #define HAVE_STDLIB_H 1
| #define HAVE_STRING_H 1
| #define HAVE_MEMORY_H 1
| #define HAVE_STRINGS_H 1
| #define HAVE_INTTYPES_H 1
| #define HAVE_STDINT_H 1
| #define HAVE_UNISTD_H 1
| #define HAVE_DLFCN_H 1
| #define LT_OBJDIR ".libs/"
| #define HAVE_PTHREAD_PRIO_INHERIT 1
| #define HAVE_PTHREAD 1
| #define HAVE_DECL_STRERROR_R 1
| #define HAVE_STRERROR_R 1
| #define STRERROR_R_CHAR_P 1
| #define HAVE_FUNC_ATTRIBUTE_VISIBILITY 1
| /* end confdefs.h.  */
| 
| int
| main ()
| {
| 
|   ;
|   return 0;
| }
configure:22548: result: no
configure:22556: checking whether the linker accepts -Wl,--nxcompat
configure:22575: g++ -std=c++11 -o conftest -g -O2 -Wall -Wextra -Wformat -Wvla -Wformat-security -Wno-unused-parameter -Wno-implicit-fallthrough  -DHAVE_BUILD_INFO -D__STDC_FORMAT_MACROS   -Wl,--nxcompat conftest.cpp  >&5
/usr/bin/x86_64-linux-gnu-ld: unrecognized option '--nxcompat'
/usr/bin/x86_64-linux-gnu-ld: use the --help option for usage information
collect2: error: ld returned 1 exit status
configure:22575: $? = 1
configure: failed program was:
| /* confdefs.h */
| #define PACKAGE_NAME "Eazy Core"
| #define PACKAGE_TARNAME "eazy"
| #define PACKAGE_VERSION "3.1.99"
| #define PACKAGE_STRING "Eazy Core 3.1.99"
| #define PACKAGE_BUGREPORT "www.eazy.org"
| #define PACKAGE_URL ""
| #define HAVE_CXX11 1
| #define STDC_HEADERS 1
| #define HAVE_SYS_TYPES_H 1
| #define HAVE_SYS_STAT_H 1
| #define HAVE_STDLIB_H 1
| #define HAVE_STRING_H 1
| #define HAVE_MEMORY_H 1
| #define HAVE_STRINGS_H 1
| #define HAVE_INTTYPES_H 1
| #define HAVE_STDINT_H 1
| #define HAVE_UNISTD_H 1
| #define HAVE_DLFCN_H 1
| #define LT_OBJDIR ".libs/"
| #define HAVE_PTHREAD_PRIO_INHERIT 1
| #define HAVE_PTHREAD 1
| #define HAVE_DECL_STRERROR_R 1
| #define HAVE_STRERROR_R 1
| #define STRERROR_R_CHAR_P 1
| #define HAVE_FUNC_ATTRIBUTE_VISIBILITY 1
| /* end confdefs.h.  */
| 
| int
| main ()
| {
| 
|   ;
|   return 0;
| }
configure:22584: result: no
configure:22592: checking whether the linker accepts -Wl,--high-entropy-va
configure:22611: g++ -std=c++11 -o conftest -g -O2 -Wall -Wextra -Wformat -Wvla -Wformat-security -Wno-unused-parameter -Wno-implicit-fallthrough  -DHAVE_BUILD_INFO -D__STDC_FORMAT_MACROS   -Wl,--high-entropy-va conftest.cpp  >&5
/usr/bin/x86_64-linux-gnu-ld: unrecognized option '--high-entropy-va'
/usr/bin/x86_64-linux-gnu-ld: use the --help option for usage information
collect2: error: ld returned 1 exit status
configure:22611: $? = 1
configure: failed program was:
| /* confdefs.h */
| #define PACKAGE_NAME "Eazy Core"
| #define PACKAGE_TARNAME "eazy"
| #define PACKAGE_VERSION "3.1.99"
| #define PACKAGE_STRING "Eazy Core 3.1.99"
| #define PACKAGE_BUGREPORT "www.eazy.org"
| #define PACKAGE_URL ""
| #define HAVE_CXX11 1
| #define STDC_HEADERS 1
| #define HAVE_SYS_TYPES_H 1
| #define HAVE_SYS_STAT_H 1
| #define HAVE_STDLIB_H 1
| #define HAVE_STRING_H 1
| #define HAVE_MEMORY_H 1
| #define HAVE_STRINGS_H 1
| #define HAVE_INTTYPES_H 1
| #define HAVE_STDINT_H 1
| #define HAVE_UNISTD_H 1
| #define HAVE_DLFCN_H 1
| #define LT_OBJDIR ".libs/"
| #define HAVE_PTHREAD_PRIO_INHERIT 1
| #define HAVE_PTHREAD 1
| #define HAVE_DECL_STRERROR_R 1
| #define HAVE_STRERROR_R 1
| #define STRERROR_R_CHAR_P 1
| #define HAVE_FUNC_ATTRIBUTE_VISIBILITY 1
| /* end confdefs.h.  */
| 
| int
| main ()
| {
| 
|   ;
|   return 0;
| }
configure:22620: result: no
configure:22628: checking whether the linker accepts -Wl,-z,relro
configure:22647: g++ -std=c++11 -o conftest -g -O2 -Wall -Wextra -Wformat -Wvla -Wformat-security -Wno-unused-parameter -Wno-implicit-fallthrough  -DHAVE_BUILD_INFO -D__STDC_FORMAT_MACROS   -Wl,-z,relro conftest.cpp  >&5
configure:22647: $? = 0
configure:22656: result: yes
configure:22664: checking whether the linker accepts -Wl,-z,now
configure:22683: g++ -std=c++11 -o conftest -g -O2 -Wall -Wextra -Wformat -Wvla -Wformat-security -Wno-unused-parameter -Wno-implicit-fallthrough  -DHAVE_BUILD_INFO -D__STDC_FORMAT_MACROS   -Wl,-z,now conftest.cpp  >&5
configure:22683: $? = 0
configure:22692: result: yes
configure:22702: checking whether C++ compiler accepts -fPIC
configure:22729: result: yes
configure:22737: checking whether the linker accepts -pic
configure:22756: g++ -std=c++11 -o conftest -g -O2 -Wall -Wextra -Wformat -Wvla -Wformat-security -Wno-unused-parameter -Wno-implicit-fallthrough  -DHAVE_BUILD_INFO -D__STDC_FORMAT_MACROS   -pic conftest.cpp  >&5
g++: error: unrecognized command line option '-pic'; did you mean '-fpic'?
configure:22756: $? = 1
configure: failed program was:
| /* confdefs.h */
| #define PACKAGE_NAME "Eazy Core"
| #define PACKAGE_TARNAME "eazy"
| #define PACKAGE_VERSION "3.1.99"
| #define PACKAGE_STRING "Eazy Core 3.1.99"
| #define PACKAGE_BUGREPORT "www.eazy.org"
| #define PACKAGE_URL ""
| #define HAVE_CXX11 1
| #define STDC_HEADERS 1
| #define HAVE_SYS_TYPES_H 1
| #define HAVE_SYS_STAT_H 1
| #define HAVE_STDLIB_H 1
| #define HAVE_STRING_H 1
| #define HAVE_MEMORY_H 1
| #define HAVE_STRINGS_H 1
| #define HAVE_INTTYPES_H 1
| #define HAVE_STDINT_H 1
| #define HAVE_UNISTD_H 1
| #define HAVE_DLFCN_H 1
| #define LT_OBJDIR ".libs/"
| #define HAVE_PTHREAD_PRIO_INHERIT 1
| #define HAVE_PTHREAD 1
| #define HAVE_DECL_STRERROR_R 1
| #define HAVE_STRERROR_R 1
| #define STRERROR_R_CHAR_P 1
| #define HAVE_FUNC_ATTRIBUTE_VISIBILITY 1
| /* end confdefs.h.  */
| 
| int
| main ()
| {
| 
|   ;
|   return 0;
| }
configure:22765: result: no
configure:22864: checking endian.h usability
configure:22864: g++ -std=c++11 -c -g -O2 -Wall -Wextra -Wformat -Wvla -Wformat-security -Wno-unused-parameter -Wno-implicit-fallthrough  -DHAVE_BUILD_INFO -D__STDC_FORMAT_MACROS conftest.cpp >&5
configure:22864: $? = 0
configure:22864: result: yes
configure:22864: checking endian.h presence
configure:22864: g++ -std=c++11 -E  -DHAVE_BUILD_INFO -D__STDC_FORMAT_MACROS conftest.cpp
configure:22864: $? = 0
configure:22864: result: yes
configure:22864: checking for endian.h
configure:22864: result: yes
configure:22864: checking stdio.h usability
configure:22864: g++ -std=c++11 -c -g -O2 -Wall -Wextra -Wformat -Wvla -Wformat-security -Wno-unused-parameter -Wno-implicit-fallthrough  -DHAVE_BUILD_INFO -D__STDC_FORMAT_MACROS conftest.cpp >&5
configure:22864: $? = 0
configure:22864: result: yes
configure:22864: checking stdio.h presence
configure:22864: g++ -std=c++11 -E  -DHAVE_BUILD_INFO -D__STDC_FORMAT_MACROS conftest.cpp
configure:22864: $? = 0
configure:22864: result: yes
configure:22864: checking for stdio.h
configure:22864: result: yes
configure:22864: checking for stdlib.h
configure:22864: result: yes
configure:22864: checking for unistd.h
configure:22864: result: yes
configure:22864: checking for strings.h
configure:22864: result: yes
configure:22864: checking for sys/types.h
configure:22864: result: yes
configure:22864: checking for sys/stat.h
configure:22864: result: yes
configure:22864: checking sys/select.h usability
configure:22864: g++ -std=c++11 -c -g -O2 -Wall -Wextra -Wformat -Wvla -Wformat-security -Wno-unused-parameter -Wno-implicit-fallthrough  -DHAVE_BUILD_INFO -D__STDC_FORMAT_MACROS conftest.cpp >&5
configure:22864: $? = 0
configure:22864: result: yes
configure:22864: checking sys/select.h presence
configure:22864: g++ -std=c++11 -E  -DHAVE_BUILD_INFO -D__STDC_FORMAT_MACROS conftest.cpp
configure:22864: $? = 0
configure:22864: result: yes
configure:22864: checking for sys/select.h
configure:22864: result: yes
configure:22864: checking sys/prctl.h usability
configure:22864: g++ -std=c++11 -c -g -O2 -Wall -Wextra -Wformat -Wvla -Wformat-security -Wno-unused-parameter -Wno-implicit-fallthrough  -DHAVE_BUILD_INFO -D__STDC_FORMAT_MACROS conftest.cpp >&5
configure:22864: $? = 0
configure:22864: result: yes
configure:22864: checking sys/prctl.h presence
configure:22864: g++ -std=c++11 -E  -DHAVE_BUILD_INFO -D__STDC_FORMAT_MACROS conftest.cpp
configure:22864: $? = 0
configure:22864: result: yes
configure:22864: checking for sys/prctl.h
configure:22864: result: yes
configure:22874: checking for library containing getaddrinfo_a
configure:22905: g++ -std=c++11 -o conftest -g -O2 -Wall -Wextra -Wformat -Wvla -Wformat-security -Wno-unused-parameter -Wno-implicit-fallthrough  -DHAVE_BUILD_INFO -D__STDC_FORMAT_MACROS  conftest.cpp  >&5
/tmp/ccCxM2Kd.o: In function `main':
/home/tex/workspaces/EZY/conftest.cpp:48: undefined reference to `getaddrinfo_a'
collect2: error: ld returned 1 exit status
configure:22905: $? = 1
configure: failed program was:
| /* confdefs.h */
| #define PACKAGE_NAME "Eazy Core"
| #define PACKAGE_TARNAME "eazy"
| #define PACKAGE_VERSION "3.1.99"
| #define PACKAGE_STRING "Eazy Core 3.1.99"
| #define PACKAGE_BUGREPORT "www.eazy.org"
| #define PACKAGE_URL ""
| #define HAVE_CXX11 1
| #define STDC_HEADERS 1
| #define HAVE_SYS_TYPES_H 1
| #define HAVE_SYS_STAT_H 1
| #define HAVE_STDLIB_H 1
| #define HAVE_STRING_H 1
| #define HAVE_MEMORY_H 1
| #define HAVE_STRINGS_H 1
| #define HAVE_INTTYPES_H 1
| #define HAVE_STDINT_H 1
| #define HAVE_UNISTD_H 1
| #define HAVE_DLFCN_H 1
| #define LT_OBJDIR ".libs/"
| #define HAVE_PTHREAD_PRIO_INHERIT 1
| #define HAVE_PTHREAD 1
| #define HAVE_DECL_STRERROR_R 1
| #define HAVE_STRERROR_R 1
| #define STRERROR_R_CHAR_P 1
| #define HAVE_FUNC_ATTRIBUTE_VISIBILITY 1
| #define HAVE_ENDIAN_H 1
| #define HAVE_STDIO_H 1
| #define HAVE_STDLIB_H 1
| #define HAVE_UNISTD_H 1
| #define HAVE_STRINGS_H 1
| #define HAVE_SYS_TYPES_H 1
| #define HAVE_SYS_STAT_H 1
| #define HAVE_SYS_SELECT_H 1
| #define HAVE_SYS_PRCTL_H 1
| /* end confdefs.h.  */
| 
| /* Override any GCC internal prototype to avoid an error.
|    Use char because int might match the return type of a GCC
|    builtin and then its argument prototype would still apply.  */
| #ifdef __cplusplus
| extern "C"
| #endif
| char getaddrinfo_a ();
| int
| main ()
| {
| return getaddrinfo_a ();
|   ;
|   return 0;
| }
configure:22905: g++ -std=c++11 -o conftest -g -O2 -Wall -Wextra -Wformat -Wvla -Wformat-security -Wno-unused-parameter -Wno-implicit-fallthrough  -DHAVE_BUILD_INFO -D__STDC_FORMAT_MACROS  conftest.cpp -lanl   >&5
configure:22905: $? = 0
configure:22922: result: -lanl
configure:22932: checking for library containing inet_pton
configure:22963: g++ -std=c++11 -o conftest -g -O2 -Wall -Wextra -Wformat -Wvla -Wformat-security -Wno-unused-parameter -Wno-implicit-fallthrough  -DHAVE_BUILD_INFO -D__STDC_FORMAT_MACROS  conftest.cpp -lanl  >&5
configure:22963: $? = 0
configure:22980: result: none required
configure:22991: checking whether strnlen is declared
configure:22991: g++ -std=c++11 -c -g -O2 -Wall -Wextra -Wformat -Wvla -Wformat-security -Wno-unused-parameter -Wno-implicit-fallthrough  -DHAVE_BUILD_INFO -D__STDC_FORMAT_MACROS conftest.cpp >&5
configure:22991: $? = 0
configure:22991: result: yes
configure:23004: checking whether daemon is declared
configure:23004: g++ -std=c++11 -c -g -O2 -Wall -Wextra -Wformat -Wvla -Wformat-security -Wno-unused-parameter -Wno-implicit-fallthrough  -DHAVE_BUILD_INFO -D__STDC_FORMAT_MACROS conftest.cpp >&5
configure:23004: $? = 0
configure:23004: result: yes
configure:23016: checking whether le32toh is declared
configure:23016: g++ -std=c++11 -c -g -O2 -Wall -Wextra -Wformat -Wvla -Wformat-security -Wno-unused-parameter -Wno-implicit-fallthrough  -DHAVE_BUILD_INFO -D__STDC_FORMAT_MACROS conftest.cpp >&5
configure:23016: $? = 0
configure:23016: result: yes
configure:23029: checking whether le64toh is declared
configure:23029: g++ -std=c++11 -c -g -O2 -Wall -Wextra -Wformat -Wvla -Wformat-security -Wno-unused-parameter -Wno-implicit-fallthrough  -DHAVE_BUILD_INFO -D__STDC_FORMAT_MACROS conftest.cpp >&5
configure:23029: $? = 0
configure:23029: result: yes
configure:23042: checking whether htole32 is declared
configure:23042: g++ -std=c++11 -c -g -O2 -Wall -Wextra -Wformat -Wvla -Wformat-security -Wno-unused-parameter -Wno-implicit-fallthrough  -DHAVE_BUILD_INFO -D__STDC_FORMAT_MACROS conftest.cpp >&5
configure:23042: $? = 0
configure:23042: result: yes
configure:23055: checking whether htole64 is declared
configure:23055: g++ -std=c++11 -c -g -O2 -Wall -Wextra -Wformat -Wvla -Wformat-security -Wno-unused-parameter -Wno-implicit-fallthrough  -DHAVE_BUILD_INFO -D__STDC_FORMAT_MACROS conftest.cpp >&5
configure:23055: $? = 0
configure:23055: result: yes
configure:23068: checking whether be32toh is declared
configure:23068: g++ -std=c++11 -c -g -O2 -Wall -Wextra -Wformat -Wvla -Wformat-security -Wno-unused-parameter -Wno-implicit-fallthrough  -DHAVE_BUILD_INFO -D__STDC_FORMAT_MACROS conftest.cpp >&5
configure:23068: $? = 0
configure:23068: result: yes
configure:23081: checking whether be64toh is declared
configure:23081: g++ -std=c++11 -c -g -O2 -Wall -Wextra -Wformat -Wvla -Wformat-security -Wno-unused-parameter -Wno-implicit-fallthrough  -DHAVE_BUILD_INFO -D__STDC_FORMAT_MACROS conftest.cpp >&5
configure:23081: $? = 0
configure:23081: result: yes
configure:23094: checking whether htobe32 is declared
configure:23094: g++ -std=c++11 -c -g -O2 -Wall -Wextra -Wformat -Wvla -Wformat-security -Wno-unused-parameter -Wno-implicit-fallthrough  -DHAVE_BUILD_INFO -D__STDC_FORMAT_MACROS conftest.cpp >&5
configure:23094: $? = 0
configure:23094: result: yes
configure:23107: checking whether htobe64 is declared
configure:23107: g++ -std=c++11 -c -g -O2 -Wall -Wextra -Wformat -Wvla -Wformat-security -Wno-unused-parameter -Wno-implicit-fallthrough  -DHAVE_BUILD_INFO -D__STDC_FORMAT_MACROS conftest.cpp >&5
configure:23107: $? = 0
configure:23107: result: yes
configure:23122: checking for MSG_NOSIGNAL
configure:23135: g++ -std=c++11 -c -g -O2 -Wall -Wextra -Wformat -Wvla -Wformat-security -Wno-unused-parameter -Wno-implicit-fallthrough  -DHAVE_BUILD_INFO -D__STDC_FORMAT_MACROS conftest.cpp >&5
conftest.cpp: In function 'int main()':
conftest.cpp:53:6: warning: unused variable 'f' [-Wunused-variable]
  int f = MSG_NOSIGNAL;
      ^
configure:23135: $? = 0
configure:23136: result: yes
configure:23147: checking for MSG_DONTWAIT
configure:23160: g++ -std=c++11 -c -g -O2 -Wall -Wextra -Wformat -Wvla -Wformat-security -Wno-unused-parameter -Wno-implicit-fallthrough  -DHAVE_BUILD_INFO -D__STDC_FORMAT_MACROS conftest.cpp >&5
conftest.cpp: In function 'int main()':
conftest.cpp:54:6: warning: unused variable 'f' [-Wunused-variable]
  int f = MSG_DONTWAIT;
      ^
configure:23160: $? = 0
configure:23161: result: yes
configure:23172: checking for getmemoryinfo
configure:23185: g++ -std=c++11 -c -g -O2 -Wall -Wextra -Wformat -Wvla -Wformat-security -Wno-unused-parameter -Wno-implicit-fallthrough  -DHAVE_BUILD_INFO -D__STDC_FORMAT_MACROS conftest.cpp >&5
conftest.cpp: In function 'int main()':
conftest.cpp:55:6: warning: unused variable 'f' [-Wunused-variable]
  int f = malloc_info(0, NULL);
      ^
configure:23185: $? = 0
configure:23186: result: yes
configure:23197: checking for mallopt M_ARENA_MAX
configure:23210: g++ -std=c++11 -c -g -O2 -Wall -Wextra -Wformat -Wvla -Wformat-security -Wno-unused-parameter -Wno-implicit-fallthrough  -DHAVE_BUILD_INFO -D__STDC_FORMAT_MACROS conftest.cpp >&5
configure:23210: $? = 0
configure:23211: result: yes
configure:23222: checking for visibility attribute
configure:23231: g++ -std=c++11 -o conftest -g -O2 -Wall -Wextra -Wformat -Wvla -Wformat-security -Wno-unused-parameter -Wno-implicit-fallthrough  -DHAVE_BUILD_INFO -D__STDC_FORMAT_MACROS  conftest.cpp -lanl  >&5
configure:23231: $? = 0
configure:23236: result: yes
configure:23254: checking for thread_local support
configure:23268: g++ -std=c++11 -o conftest -g -O2 -Wall -Wextra -Wformat -Wvla -Wformat-security -Wno-unused-parameter -Wno-implicit-fallthrough  -DHAVE_BUILD_INFO -D__STDC_FORMAT_MACROS  -pthread conftest.cpp -lanl  >&5
configure:23268: $? = 0
configure:23273: result: yes
configure:23347: checking for Berkeley DB C++ headers
configure:23377: g++ -std=c++11 -c -g -O2 -Wall -Wextra -Wformat -Wvla -Wformat-security -Wno-unused-parameter -Wno-implicit-fallthrough  -DHAVE_BUILD_INFO -D__STDC_FORMAT_MACROS conftest.cpp >&5
conftest.cpp:56:18: fatal error: bdb4.8/db_cxx.h: No such file or directory
         #include <bdb4.8/db_cxx.h>
                  ^~~~~~~~~~~~~~~~~
compilation terminated.
configure:23377: $? = 1
configure: failed program was:
| /* confdefs.h */
| #define PACKAGE_NAME "Eazy Core"
| #define PACKAGE_TARNAME "eazy"
| #define PACKAGE_VERSION "3.1.99"
| #define PACKAGE_STRING "Eazy Core 3.1.99"
| #define PACKAGE_BUGREPORT "www.eazy.org"
| #define PACKAGE_URL ""
| #define HAVE_CXX11 1
| #define STDC_HEADERS 1
| #define HAVE_SYS_TYPES_H 1
| #define HAVE_SYS_STAT_H 1
| #define HAVE_STDLIB_H 1
| #define HAVE_STRING_H 1
| #define HAVE_MEMORY_H 1
| #define HAVE_STRINGS_H 1
| #define HAVE_INTTYPES_H 1
| #define HAVE_STDINT_H 1
| #define HAVE_UNISTD_H 1
| #define HAVE_DLFCN_H 1
| #define LT_OBJDIR ".libs/"
| #define HAVE_PTHREAD_PRIO_INHERIT 1
| #define HAVE_PTHREAD 1
| #define HAVE_DECL_STRERROR_R 1
| #define HAVE_STRERROR_R 1
| #define STRERROR_R_CHAR_P 1
| #define HAVE_FUNC_ATTRIBUTE_VISIBILITY 1
| #define HAVE_ENDIAN_H 1
| #define HAVE_STDIO_H 1
| #define HAVE_STDLIB_H 1
| #define HAVE_UNISTD_H 1
| #define HAVE_STRINGS_H 1
| #define HAVE_SYS_TYPES_H 1
| #define HAVE_SYS_STAT_H 1
| #define HAVE_SYS_SELECT_H 1
| #define HAVE_SYS_PRCTL_H 1
| #define HAVE_GETADDRINFO_A 1
| #define HAVE_INET_PTON 1
| #define HAVE_DECL_STRNLEN 1
| #define HAVE_DECL_DAEMON 1
| #define HAVE_DECL_LE32TOH 1
| #define HAVE_DECL_LE64TOH 1
| #define HAVE_DECL_HTOLE32 1
| #define HAVE_DECL_HTOLE64 1
| #define HAVE_DECL_BE32TOH 1
| #define HAVE_DECL_BE64TOH 1
| #define HAVE_DECL_HTOBE32 1
| #define HAVE_DECL_HTOBE64 1
| #define HAVE_MSG_NOSIGNAL 1
| #define HAVE_MSG_DONTWAIT 1
| #define HAVE_MALLOC_INFO 1
| #define HAVE_MALLOPT_ARENA_MAX 1
| #define HAVE_VISIBILITY_ATTRIBUTE 1
| #define HAVE_THREAD_LOCAL 1
| /* end confdefs.h.  */
| 
|         #include <bdb4.8/db_cxx.h>
| 
| int
| main ()
| {
| 
|         #if !((DB_VERSION_MAJOR == 4 && DB_VERSION_MINOR >= 8) || DB_VERSION_MAJOR > 4)
|           #error "failed to find bdb 4.8+"
|         #endif
| 
|   ;
|   return 0;
| }
configure:23377: g++ -std=c++11 -c -g -O2 -Wall -Wextra -Wformat -Wvla -Wformat-security -Wno-unused-parameter -Wno-implicit-fallthrough  -DHAVE_BUILD_INFO -D__STDC_FORMAT_MACROS conftest.cpp >&5
conftest.cpp:56:18: fatal error: libdb4.8/db_cxx.h: No such file or directory
         #include <libdb4.8/db_cxx.h>
                  ^~~~~~~~~~~~~~~~~~~
compilation terminated.
configure:23377: $? = 1
configure: failed program was:
| /* confdefs.h */
| #define PACKAGE_NAME "Eazy Core"
| #define PACKAGE_TARNAME "eazy"
| #define PACKAGE_VERSION "3.1.99"
| #define PACKAGE_STRING "Eazy Core 3.1.99"
| #define PACKAGE_BUGREPORT "www.eazy.org"
| #define PACKAGE_URL ""
| #define HAVE_CXX11 1
| #define STDC_HEADERS 1
| #define HAVE_SYS_TYPES_H 1
| #define HAVE_SYS_STAT_H 1
| #define HAVE_STDLIB_H 1
| #define HAVE_STRING_H 1
| #define HAVE_MEMORY_H 1
| #define HAVE_STRINGS_H 1
| #define HAVE_INTTYPES_H 1
| #define HAVE_STDINT_H 1
| #define HAVE_UNISTD_H 1
| #define HAVE_DLFCN_H 1
| #define LT_OBJDIR ".libs/"
| #define HAVE_PTHREAD_PRIO_INHERIT 1
| #define HAVE_PTHREAD 1
| #define HAVE_DECL_STRERROR_R 1
| #define HAVE_STRERROR_R 1
| #define STRERROR_R_CHAR_P 1
| #define HAVE_FUNC_ATTRIBUTE_VISIBILITY 1
| #define HAVE_ENDIAN_H 1
| #define HAVE_STDIO_H 1
| #define HAVE_STDLIB_H 1
| #define HAVE_UNISTD_H 1
| #define HAVE_STRINGS_H 1
| #define HAVE_SYS_TYPES_H 1
| #define HAVE_SYS_STAT_H 1
| #define HAVE_SYS_SELECT_H 1
| #define HAVE_SYS_PRCTL_H 1
| #define HAVE_GETADDRINFO_A 1
| #define HAVE_INET_PTON 1
| #define HAVE_DECL_STRNLEN 1
| #define HAVE_DECL_DAEMON 1
| #define HAVE_DECL_LE32TOH 1
| #define HAVE_DECL_LE64TOH 1
| #define HAVE_DECL_HTOLE32 1
| #define HAVE_DECL_HTOLE64 1
| #define HAVE_DECL_BE32TOH 1
| #define HAVE_DECL_BE64TOH 1
| #define HAVE_DECL_HTOBE32 1
| #define HAVE_DECL_HTOBE64 1
| #define HAVE_MSG_NOSIGNAL 1
| #define HAVE_MSG_DONTWAIT 1
| #define HAVE_MALLOC_INFO 1
| #define HAVE_MALLOPT_ARENA_MAX 1
| #define HAVE_VISIBILITY_ATTRIBUTE 1
| #define HAVE_THREAD_LOCAL 1
| /* end confdefs.h.  */
| 
|         #include <libdb4.8/db_cxx.h>
| 
| int
| main ()
| {
| 
|         #if !((DB_VERSION_MAJOR == 4 && DB_VERSION_MINOR >= 8) || DB_VERSION_MAJOR > 4)
|           #error "failed to find bdb 4.8+"
|         #endif
| 
|   ;
|   return 0;
| }
configure:23377: g++ -std=c++11 -c -g -O2 -Wall -Wextra -Wformat -Wvla -Wformat-security -Wno-unused-parameter -Wno-implicit-fallthrough  -DHAVE_BUILD_INFO -D__STDC_FORMAT_MACROS conftest.cpp >&5
conftest.cpp:56:18: fatal error: db4.8/db_cxx.h: No such file or directory
         #include <db4.8/db_cxx.h>
                  ^~~~~~~~~~~~~~~~
compilation terminated.
configure:23377: $? = 1
configure: failed program was:
| /* confdefs.h */
| #define PACKAGE_NAME "Eazy Core"
| #define PACKAGE_TARNAME "eazy"
| #define PACKAGE_VERSION "3.1.99"
| #define PACKAGE_STRING "Eazy Core 3.1.99"
| #define PACKAGE_BUGREPORT "www.eazy.org"
| #define PACKAGE_URL ""
| #define HAVE_CXX11 1
| #define STDC_HEADERS 1
| #define HAVE_SYS_TYPES_H 1
| #define HAVE_SYS_STAT_H 1
| #define HAVE_STDLIB_H 1
| #define HAVE_STRING_H 1
| #define HAVE_MEMORY_H 1
| #define HAVE_STRINGS_H 1
| #define HAVE_INTTYPES_H 1
| #define HAVE_STDINT_H 1
| #define HAVE_UNISTD_H 1
| #define HAVE_DLFCN_H 1
| #define LT_OBJDIR ".libs/"
| #define HAVE_PTHREAD_PRIO_INHERIT 1
| #define HAVE_PTHREAD 1
| #define HAVE_DECL_STRERROR_R 1
| #define HAVE_STRERROR_R 1
| #define STRERROR_R_CHAR_P 1
| #define HAVE_FUNC_ATTRIBUTE_VISIBILITY 1
| #define HAVE_ENDIAN_H 1
| #define HAVE_STDIO_H 1
| #define HAVE_STDLIB_H 1
| #define HAVE_UNISTD_H 1
| #define HAVE_STRINGS_H 1
| #define HAVE_SYS_TYPES_H 1
| #define HAVE_SYS_STAT_H 1
| #define HAVE_SYS_SELECT_H 1
| #define HAVE_SYS_PRCTL_H 1
| #define HAVE_GETADDRINFO_A 1
| #define HAVE_INET_PTON 1
| #define HAVE_DECL_STRNLEN 1
| #define HAVE_DECL_DAEMON 1
| #define HAVE_DECL_LE32TOH 1
| #define HAVE_DECL_LE64TOH 1
| #define HAVE_DECL_HTOLE32 1
| #define HAVE_DECL_HTOLE64 1
| #define HAVE_DECL_BE32TOH 1
| #define HAVE_DECL_BE64TOH 1
| #define HAVE_DECL_HTOBE32 1
| #define HAVE_DECL_HTOBE64 1
| #define HAVE_MSG_NOSIGNAL 1
| #define HAVE_MSG_DONTWAIT 1
| #define HAVE_MALLOC_INFO 1
| #define HAVE_MALLOPT_ARENA_MAX 1
| #define HAVE_VISIBILITY_ATTRIBUTE 1
| #define HAVE_THREAD_LOCAL 1
| /* end confdefs.h.  */
| 
|         #include <db4.8/db_cxx.h>
| 
| int
| main ()
| {
| 
|         #if !((DB_VERSION_MAJOR == 4 && DB_VERSION_MINOR >= 8) || DB_VERSION_MAJOR > 4)
|           #error "failed to find bdb 4.8+"
|         #endif
| 
|   ;
|   return 0;
| }
configure:23377: g++ -std=c++11 -c -g -O2 -Wall -Wextra -Wformat -Wvla -Wformat-security -Wno-unused-parameter -Wno-implicit-fallthrough  -DHAVE_BUILD_INFO -D__STDC_FORMAT_MACROS conftest.cpp >&5
conftest.cpp:56:18: fatal error: bdb48/db_cxx.h: No such file or directory
         #include <bdb48/db_cxx.h>
                  ^~~~~~~~~~~~~~~~
compilation terminated.
configure:23377: $? = 1
configure: failed program was:
| /* confdefs.h */
| #define PACKAGE_NAME "Eazy Core"
| #define PACKAGE_TARNAME "eazy"
| #define PACKAGE_VERSION "3.1.99"
| #define PACKAGE_STRING "Eazy Core 3.1.99"
| #define PACKAGE_BUGREPORT "www.eazy.org"
| #define PACKAGE_URL ""
| #define HAVE_CXX11 1
| #define STDC_HEADERS 1
| #define HAVE_SYS_TYPES_H 1
| #define HAVE_SYS_STAT_H 1
| #define HAVE_STDLIB_H 1
| #define HAVE_STRING_H 1
| #define HAVE_MEMORY_H 1
| #define HAVE_STRINGS_H 1
| #define HAVE_INTTYPES_H 1
| #define HAVE_STDINT_H 1
| #define HAVE_UNISTD_H 1
| #define HAVE_DLFCN_H 1
| #define LT_OBJDIR ".libs/"
| #define HAVE_PTHREAD_PRIO_INHERIT 1
| #define HAVE_PTHREAD 1
| #define HAVE_DECL_STRERROR_R 1
| #define HAVE_STRERROR_R 1
| #define STRERROR_R_CHAR_P 1
| #define HAVE_FUNC_ATTRIBUTE_VISIBILITY 1
| #define HAVE_ENDIAN_H 1
| #define HAVE_STDIO_H 1
| #define HAVE_STDLIB_H 1
| #define HAVE_UNISTD_H 1
| #define HAVE_STRINGS_H 1
| #define HAVE_SYS_TYPES_H 1
| #define HAVE_SYS_STAT_H 1
| #define HAVE_SYS_SELECT_H 1
| #define HAVE_SYS_PRCTL_H 1
| #define HAVE_GETADDRINFO_A 1
| #define HAVE_INET_PTON 1
| #define HAVE_DECL_STRNLEN 1
| #define HAVE_DECL_DAEMON 1
| #define HAVE_DECL_LE32TOH 1
| #define HAVE_DECL_LE64TOH 1
| #define HAVE_DECL_HTOLE32 1
| #define HAVE_DECL_HTOLE64 1
| #define HAVE_DECL_BE32TOH 1
| #define HAVE_DECL_BE64TOH 1
| #define HAVE_DECL_HTOBE32 1
| #define HAVE_DECL_HTOBE64 1
| #define HAVE_MSG_NOSIGNAL 1
| #define HAVE_MSG_DONTWAIT 1
| #define HAVE_MALLOC_INFO 1
| #define HAVE_MALLOPT_ARENA_MAX 1
| #define HAVE_VISIBILITY_ATTRIBUTE 1
| #define HAVE_THREAD_LOCAL 1
| /* end confdefs.h.  */
| 
|         #include <bdb48/db_cxx.h>
| 
| int
| main ()
| {
| 
|         #if !((DB_VERSION_MAJOR == 4 && DB_VERSION_MINOR >= 8) || DB_VERSION_MAJOR > 4)
|           #error "failed to find bdb 4.8+"
|         #endif
| 
|   ;
|   return 0;
| }
configure:23377: g++ -std=c++11 -c -g -O2 -Wall -Wextra -Wformat -Wvla -Wformat-security -Wno-unused-parameter -Wno-implicit-fallthrough  -DHAVE_BUILD_INFO -D__STDC_FORMAT_MACROS conftest.cpp >&5
conftest.cpp:56:18: fatal error: libdb48/db_cxx.h: No such file or directory
         #include <libdb48/db_cxx.h>
                  ^~~~~~~~~~~~~~~~~~
compilation terminated.
configure:23377: $? = 1
configure: failed program was:
| /* confdefs.h */
| #define PACKAGE_NAME "Eazy Core"
| #define PACKAGE_TARNAME "eazy"
| #define PACKAGE_VERSION "3.1.99"
| #define PACKAGE_STRING "Eazy Core 3.1.99"
| #define PACKAGE_BUGREPORT "www.eazy.org"
| #define PACKAGE_URL ""
| #define HAVE_CXX11 1
| #define STDC_HEADERS 1
| #define HAVE_SYS_TYPES_H 1
| #define HAVE_SYS_STAT_H 1
| #define HAVE_STDLIB_H 1
| #define HAVE_STRING_H 1
| #define HAVE_MEMORY_H 1
| #define HAVE_STRINGS_H 1
| #define HAVE_INTTYPES_H 1
| #define HAVE_STDINT_H 1
| #define HAVE_UNISTD_H 1
| #define HAVE_DLFCN_H 1
| #define LT_OBJDIR ".libs/"
| #define HAVE_PTHREAD_PRIO_INHERIT 1
| #define HAVE_PTHREAD 1
| #define HAVE_DECL_STRERROR_R 1
| #define HAVE_STRERROR_R 1
| #define STRERROR_R_CHAR_P 1
| #define HAVE_FUNC_ATTRIBUTE_VISIBILITY 1
| #define HAVE_ENDIAN_H 1
| #define HAVE_STDIO_H 1
| #define HAVE_STDLIB_H 1
| #define HAVE_UNISTD_H 1
| #define HAVE_STRINGS_H 1
| #define HAVE_SYS_TYPES_H 1
| #define HAVE_SYS_STAT_H 1
| #define HAVE_SYS_SELECT_H 1
| #define HAVE_SYS_PRCTL_H 1
| #define HAVE_GETADDRINFO_A 1
| #define HAVE_INET_PTON 1
| #define HAVE_DECL_STRNLEN 1
| #define HAVE_DECL_DAEMON 1
| #define HAVE_DECL_LE32TOH 1
| #define HAVE_DECL_LE64TOH 1
| #define HAVE_DECL_HTOLE32 1
| #define HAVE_DECL_HTOLE64 1
| #define HAVE_DECL_BE32TOH 1
| #define HAVE_DECL_BE64TOH 1
| #define HAVE_DECL_HTOBE32 1
| #define HAVE_DECL_HTOBE64 1
| #define HAVE_MSG_NOSIGNAL 1
| #define HAVE_MSG_DONTWAIT 1
| #define HAVE_MALLOC_INFO 1
| #define HAVE_MALLOPT_ARENA_MAX 1
| #define HAVE_VISIBILITY_ATTRIBUTE 1
| #define HAVE_THREAD_LOCAL 1
| /* end confdefs.h.  */
| 
|         #include <libdb48/db_cxx.h>
| 
| int
| main ()
| {
| 
|         #if !((DB_VERSION_MAJOR == 4 && DB_VERSION_MINOR >= 8) || DB_VERSION_MAJOR > 4)
|           #error "failed to find bdb 4.8+"
|         #endif
| 
|   ;
|   return 0;
| }
configure:23377: g++ -std=c++11 -c -g -O2 -Wall -Wextra -Wformat -Wvla -Wformat-security -Wno-unused-parameter -Wno-implicit-fallthrough  -DHAVE_BUILD_INFO -D__STDC_FORMAT_MACROS conftest.cpp >&5
conftest.cpp:56:18: fatal error: db48/db_cxx.h: No such file or directory
         #include <db48/db_cxx.h>
                  ^~~~~~~~~~~~~~~
compilation terminated.
configure:23377: $? = 1
configure: failed program was:
| /* confdefs.h */
| #define PACKAGE_NAME "Eazy Core"
| #define PACKAGE_TARNAME "eazy"
| #define PACKAGE_VERSION "3.1.99"
| #define PACKAGE_STRING "Eazy Core 3.1.99"
| #define PACKAGE_BUGREPORT "www.eazy.org"
| #define PACKAGE_URL ""
| #define HAVE_CXX11 1
| #define STDC_HEADERS 1
| #define HAVE_SYS_TYPES_H 1
| #define HAVE_SYS_STAT_H 1
| #define HAVE_STDLIB_H 1
| #define HAVE_STRING_H 1
| #define HAVE_MEMORY_H 1
| #define HAVE_STRINGS_H 1
| #define HAVE_INTTYPES_H 1
| #define HAVE_STDINT_H 1
| #define HAVE_UNISTD_H 1
| #define HAVE_DLFCN_H 1
| #define LT_OBJDIR ".libs/"
| #define HAVE_PTHREAD_PRIO_INHERIT 1
| #define HAVE_PTHREAD 1
| #define HAVE_DECL_STRERROR_R 1
| #define HAVE_STRERROR_R 1
| #define STRERROR_R_CHAR_P 1
| #define HAVE_FUNC_ATTRIBUTE_VISIBILITY 1
| #define HAVE_ENDIAN_H 1
| #define HAVE_STDIO_H 1
| #define HAVE_STDLIB_H 1
| #define HAVE_UNISTD_H 1
| #define HAVE_STRINGS_H 1
| #define HAVE_SYS_TYPES_H 1
| #define HAVE_SYS_STAT_H 1
| #define HAVE_SYS_SELECT_H 1
| #define HAVE_SYS_PRCTL_H 1
| #define HAVE_GETADDRINFO_A 1
| #define HAVE_INET_PTON 1
| #define HAVE_DECL_STRNLEN 1
| #define HAVE_DECL_DAEMON 1
| #define HAVE_DECL_LE32TOH 1
| #define HAVE_DECL_LE64TOH 1
| #define HAVE_DECL_HTOLE32 1
| #define HAVE_DECL_HTOLE64 1
| #define HAVE_DECL_BE32TOH 1
| #define HAVE_DECL_BE64TOH 1
| #define HAVE_DECL_HTOBE32 1
| #define HAVE_DECL_HTOBE64 1
| #define HAVE_MSG_NOSIGNAL 1
| #define HAVE_MSG_DONTWAIT 1
| #define HAVE_MALLOC_INFO 1
| #define HAVE_MALLOPT_ARENA_MAX 1
| #define HAVE_VISIBILITY_ATTRIBUTE 1
| #define HAVE_THREAD_LOCAL 1
| /* end confdefs.h.  */
| 
|         #include <db48/db_cxx.h>
| 
| int
| main ()
| {
| 
|         #if !((DB_VERSION_MAJOR == 4 && DB_VERSION_MINOR >= 8) || DB_VERSION_MAJOR > 4)
|           #error "failed to find bdb 4.8+"
|         #endif
| 
|   ;
|   return 0;
| }
configure:23377: g++ -std=c++11 -c -g -O2 -Wall -Wextra -Wformat -Wvla -Wformat-security -Wno-unused-parameter -Wno-implicit-fallthrough  -DHAVE_BUILD_INFO -D__STDC_FORMAT_MACROS conftest.cpp >&5
conftest.cpp:56:18: fatal error: bdb4/db_cxx.h: No such file or directory
         #include <bdb4/db_cxx.h>
                  ^~~~~~~~~~~~~~~
compilation terminated.
configure:23377: $? = 1
configure: failed program was:
| /* confdefs.h */
| #define PACKAGE_NAME "Eazy Core"
| #define PACKAGE_TARNAME "eazy"
| #define PACKAGE_VERSION "3.1.99"
| #define PACKAGE_STRING "Eazy Core 3.1.99"
| #define PACKAGE_BUGREPORT "www.eazy.org"
| #define PACKAGE_URL ""
| #define HAVE_CXX11 1
| #define STDC_HEADERS 1
| #define HAVE_SYS_TYPES_H 1
| #define HAVE_SYS_STAT_H 1
| #define HAVE_STDLIB_H 1
| #define HAVE_STRING_H 1
| #define HAVE_MEMORY_H 1
| #define HAVE_STRINGS_H 1
| #define HAVE_INTTYPES_H 1
| #define HAVE_STDINT_H 1
| #define HAVE_UNISTD_H 1
| #define HAVE_DLFCN_H 1
| #define LT_OBJDIR ".libs/"
| #define HAVE_PTHREAD_PRIO_INHERIT 1
| #define HAVE_PTHREAD 1
| #define HAVE_DECL_STRERROR_R 1
| #define HAVE_STRERROR_R 1
| #define STRERROR_R_CHAR_P 1
| #define HAVE_FUNC_ATTRIBUTE_VISIBILITY 1
| #define HAVE_ENDIAN_H 1
| #define HAVE_STDIO_H 1
| #define HAVE_STDLIB_H 1
| #define HAVE_UNISTD_H 1
| #define HAVE_STRINGS_H 1
| #define HAVE_SYS_TYPES_H 1
| #define HAVE_SYS_STAT_H 1
| #define HAVE_SYS_SELECT_H 1
| #define HAVE_SYS_PRCTL_H 1
| #define HAVE_GETADDRINFO_A 1
| #define HAVE_INET_PTON 1
| #define HAVE_DECL_STRNLEN 1
| #define HAVE_DECL_DAEMON 1
| #define HAVE_DECL_LE32TOH 1
| #define HAVE_DECL_LE64TOH 1
| #define HAVE_DECL_HTOLE32 1
| #define HAVE_DECL_HTOLE64 1
| #define HAVE_DECL_BE32TOH 1
| #define HAVE_DECL_BE64TOH 1
| #define HAVE_DECL_HTOBE32 1
| #define HAVE_DECL_HTOBE64 1
| #define HAVE_MSG_NOSIGNAL 1
| #define HAVE_MSG_DONTWAIT 1
| #define HAVE_MALLOC_INFO 1
| #define HAVE_MALLOPT_ARENA_MAX 1
| #define HAVE_VISIBILITY_ATTRIBUTE 1
| #define HAVE_THREAD_LOCAL 1
| /* end confdefs.h.  */
| 
|         #include <bdb4/db_cxx.h>
| 
| int
| main ()
| {
| 
|         #if !((DB_VERSION_MAJOR == 4 && DB_VERSION_MINOR >= 8) || DB_VERSION_MAJOR > 4)
|           #error "failed to find bdb 4.8+"
|         #endif
| 
|   ;
|   return 0;
| }
configure:23377: g++ -std=c++11 -c -g -O2 -Wall -Wextra -Wformat -Wvla -Wformat-security -Wno-unused-parameter -Wno-implicit-fallthrough  -DHAVE_BUILD_INFO -D__STDC_FORMAT_MACROS conftest.cpp >&5
conftest.cpp:56:18: fatal error: libdb4/db_cxx.h: No such file or directory
         #include <libdb4/db_cxx.h>
                  ^~~~~~~~~~~~~~~~~
compilation terminated.
configure:23377: $? = 1
configure: failed program was:
| /* confdefs.h */
| #define PACKAGE_NAME "Eazy Core"
| #define PACKAGE_TARNAME "eazy"
| #define PACKAGE_VERSION "3.1.99"
| #define PACKAGE_STRING "Eazy Core 3.1.99"
| #define PACKAGE_BUGREPORT "www.eazy.org"
| #define PACKAGE_URL ""
| #define HAVE_CXX11 1
| #define STDC_HEADERS 1
| #define HAVE_SYS_TYPES_H 1
| #define HAVE_SYS_STAT_H 1
| #define HAVE_STDLIB_H 1
| #define HAVE_STRING_H 1
| #define HAVE_MEMORY_H 1
| #define HAVE_STRINGS_H 1
| #define HAVE_INTTYPES_H 1
| #define HAVE_STDINT_H 1
| #define HAVE_UNISTD_H 1
| #define HAVE_DLFCN_H 1
| #define LT_OBJDIR ".libs/"
| #define HAVE_PTHREAD_PRIO_INHERIT 1
| #define HAVE_PTHREAD 1
| #define HAVE_DECL_STRERROR_R 1
| #define HAVE_STRERROR_R 1
| #define STRERROR_R_CHAR_P 1
| #define HAVE_FUNC_ATTRIBUTE_VISIBILITY 1
| #define HAVE_ENDIAN_H 1
| #define HAVE_STDIO_H 1
| #define HAVE_STDLIB_H 1
| #define HAVE_UNISTD_H 1
| #define HAVE_STRINGS_H 1
| #define HAVE_SYS_TYPES_H 1
| #define HAVE_SYS_STAT_H 1
| #define HAVE_SYS_SELECT_H 1
| #define HAVE_SYS_PRCTL_H 1
| #define HAVE_GETADDRINFO_A 1
| #define HAVE_INET_PTON 1
| #define HAVE_DECL_STRNLEN 1
| #define HAVE_DECL_DAEMON 1
| #define HAVE_DECL_LE32TOH 1
| #define HAVE_DECL_LE64TOH 1
| #define HAVE_DECL_HTOLE32 1
| #define HAVE_DECL_HTOLE64 1
| #define HAVE_DECL_BE32TOH 1
| #define HAVE_DECL_BE64TOH 1
| #define HAVE_DECL_HTOBE32 1
| #define HAVE_DECL_HTOBE64 1
| #define HAVE_MSG_NOSIGNAL 1
| #define HAVE_MSG_DONTWAIT 1
| #define HAVE_MALLOC_INFO 1
| #define HAVE_MALLOPT_ARENA_MAX 1
| #define HAVE_VISIBILITY_ATTRIBUTE 1
| #define HAVE_THREAD_LOCAL 1
| /* end confdefs.h.  */
| 
|         #include <libdb4/db_cxx.h>
| 
| int
| main ()
| {
| 
|         #if !((DB_VERSION_MAJOR == 4 && DB_VERSION_MINOR >= 8) || DB_VERSION_MAJOR > 4)
|           #error "failed to find bdb 4.8+"
|         #endif
| 
|   ;
|   return 0;
| }
configure:23377: g++ -std=c++11 -c -g -O2 -Wall -Wextra -Wformat -Wvla -Wformat-security -Wno-unused-parameter -Wno-implicit-fallthrough  -DHAVE_BUILD_INFO -D__STDC_FORMAT_MACROS conftest.cpp >&5
conftest.cpp:56:18: fatal error: db4/db_cxx.h: No such file or directory
         #include <db4/db_cxx.h>
                  ^~~~~~~~~~~~~~
compilation terminated.
configure:23377: $? = 1
configure: failed program was:
| /* confdefs.h */
| #define PACKAGE_NAME "Eazy Core"
| #define PACKAGE_TARNAME "eazy"
| #define PACKAGE_VERSION "3.1.99"
| #define PACKAGE_STRING "Eazy Core 3.1.99"
| #define PACKAGE_BUGREPORT "www.eazy.org"
| #define PACKAGE_URL ""
| #define HAVE_CXX11 1
| #define STDC_HEADERS 1
| #define HAVE_SYS_TYPES_H 1
| #define HAVE_SYS_STAT_H 1
| #define HAVE_STDLIB_H 1
| #define HAVE_STRING_H 1
| #define HAVE_MEMORY_H 1
| #define HAVE_STRINGS_H 1
| #define HAVE_INTTYPES_H 1
| #define HAVE_STDINT_H 1
| #define HAVE_UNISTD_H 1
| #define HAVE_DLFCN_H 1
| #define LT_OBJDIR ".libs/"
| #define HAVE_PTHREAD_PRIO_INHERIT 1
| #define HAVE_PTHREAD 1
| #define HAVE_DECL_STRERROR_R 1
| #define HAVE_STRERROR_R 1
| #define STRERROR_R_CHAR_P 1
| #define HAVE_FUNC_ATTRIBUTE_VISIBILITY 1
| #define HAVE_ENDIAN_H 1
| #define HAVE_STDIO_H 1
| #define HAVE_STDLIB_H 1
| #define HAVE_UNISTD_H 1
| #define HAVE_STRINGS_H 1
| #define HAVE_SYS_TYPES_H 1
| #define HAVE_SYS_STAT_H 1
| #define HAVE_SYS_SELECT_H 1
| #define HAVE_SYS_PRCTL_H 1
| #define HAVE_GETADDRINFO_A 1
| #define HAVE_INET_PTON 1
| #define HAVE_DECL_STRNLEN 1
| #define HAVE_DECL_DAEMON 1
| #define HAVE_DECL_LE32TOH 1
| #define HAVE_DECL_LE64TOH 1
| #define HAVE_DECL_HTOLE32 1
| #define HAVE_DECL_HTOLE64 1
| #define HAVE_DECL_BE32TOH 1
| #define HAVE_DECL_BE64TOH 1
| #define HAVE_DECL_HTOBE32 1
| #define HAVE_DECL_HTOBE64 1
| #define HAVE_MSG_NOSIGNAL 1
| #define HAVE_MSG_DONTWAIT 1
| #define HAVE_MALLOC_INFO 1
| #define HAVE_MALLOPT_ARENA_MAX 1
| #define HAVE_VISIBILITY_ATTRIBUTE 1
| #define HAVE_THREAD_LOCAL 1
| /* end confdefs.h.  */
| 
|         #include <db4/db_cxx.h>
| 
| int
| main ()
| {
| 
|         #if !((DB_VERSION_MAJOR == 4 && DB_VERSION_MINOR >= 8) || DB_VERSION_MAJOR > 4)
|           #error "failed to find bdb 4.8+"
|         #endif
| 
|   ;
|   return 0;
| }
configure:23377: g++ -std=c++11 -c -g -O2 -Wall -Wextra -Wformat -Wvla -Wformat-security -Wno-unused-parameter -Wno-implicit-fallthrough  -DHAVE_BUILD_INFO -D__STDC_FORMAT_MACROS conftest.cpp >&5
conftest.cpp:56:18: fatal error: bdb5/db_cxx.h: No such file or directory
         #include <bdb5/db_cxx.h>
                  ^~~~~~~~~~~~~~~
compilation terminated.
configure:23377: $? = 1
configure: failed program was:
| /* confdefs.h */
| #define PACKAGE_NAME "Eazy Core"
| #define PACKAGE_TARNAME "eazy"
| #define PACKAGE_VERSION "3.1.99"
| #define PACKAGE_STRING "Eazy Core 3.1.99"
| #define PACKAGE_BUGREPORT "www.eazy.org"
| #define PACKAGE_URL ""
| #define HAVE_CXX11 1
| #define STDC_HEADERS 1
| #define HAVE_SYS_TYPES_H 1
| #define HAVE_SYS_STAT_H 1
| #define HAVE_STDLIB_H 1
| #define HAVE_STRING_H 1
| #define HAVE_MEMORY_H 1
| #define HAVE_STRINGS_H 1
| #define HAVE_INTTYPES_H 1
| #define HAVE_STDINT_H 1
| #define HAVE_UNISTD_H 1
| #define HAVE_DLFCN_H 1
| #define LT_OBJDIR ".libs/"
| #define HAVE_PTHREAD_PRIO_INHERIT 1
| #define HAVE_PTHREAD 1
| #define HAVE_DECL_STRERROR_R 1
| #define HAVE_STRERROR_R 1
| #define STRERROR_R_CHAR_P 1
| #define HAVE_FUNC_ATTRIBUTE_VISIBILITY 1
| #define HAVE_ENDIAN_H 1
| #define HAVE_STDIO_H 1
| #define HAVE_STDLIB_H 1
| #define HAVE_UNISTD_H 1
| #define HAVE_STRINGS_H 1
| #define HAVE_SYS_TYPES_H 1
| #define HAVE_SYS_STAT_H 1
| #define HAVE_SYS_SELECT_H 1
| #define HAVE_SYS_PRCTL_H 1
| #define HAVE_GETADDRINFO_A 1
| #define HAVE_INET_PTON 1
| #define HAVE_DECL_STRNLEN 1
| #define HAVE_DECL_DAEMON 1
| #define HAVE_DECL_LE32TOH 1
| #define HAVE_DECL_LE64TOH 1
| #define HAVE_DECL_HTOLE32 1
| #define HAVE_DECL_HTOLE64 1
| #define HAVE_DECL_BE32TOH 1
| #define HAVE_DECL_BE64TOH 1
| #define HAVE_DECL_HTOBE32 1
| #define HAVE_DECL_HTOBE64 1
| #define HAVE_MSG_NOSIGNAL 1
| #define HAVE_MSG_DONTWAIT 1
| #define HAVE_MALLOC_INFO 1
| #define HAVE_MALLOPT_ARENA_MAX 1
| #define HAVE_VISIBILITY_ATTRIBUTE 1
| #define HAVE_THREAD_LOCAL 1
| /* end confdefs.h.  */
| 
|         #include <bdb5/db_cxx.h>
| 
| int
| main ()
| {
| 
|         #if !((DB_VERSION_MAJOR == 4 && DB_VERSION_MINOR >= 8) || DB_VERSION_MAJOR > 4)
|           #error "failed to find bdb 4.8+"
|         #endif
| 
|   ;
|   return 0;
| }
configure:23377: g++ -std=c++11 -c -g -O2 -Wall -Wextra -Wformat -Wvla -Wformat-security -Wno-unused-parameter -Wno-implicit-fallthrough  -DHAVE_BUILD_INFO -D__STDC_FORMAT_MACROS conftest.cpp >&5
conftest.cpp:56:18: fatal error: libdb5/db_cxx.h: No such file or directory
         #include <libdb5/db_cxx.h>
                  ^~~~~~~~~~~~~~~~~
compilation terminated.
configure:23377: $? = 1
configure: failed program was:
| /* confdefs.h */
| #define PACKAGE_NAME "Eazy Core"
| #define PACKAGE_TARNAME "eazy"
| #define PACKAGE_VERSION "3.1.99"
| #define PACKAGE_STRING "Eazy Core 3.1.99"
| #define PACKAGE_BUGREPORT "www.eazy.org"
| #define PACKAGE_URL ""
| #define HAVE_CXX11 1
| #define STDC_HEADERS 1
| #define HAVE_SYS_TYPES_H 1
| #define HAVE_SYS_STAT_H 1
| #define HAVE_STDLIB_H 1
| #define HAVE_STRING_H 1
| #define HAVE_MEMORY_H 1
| #define HAVE_STRINGS_H 1
| #define HAVE_INTTYPES_H 1
| #define HAVE_STDINT_H 1
| #define HAVE_UNISTD_H 1
| #define HAVE_DLFCN_H 1
| #define LT_OBJDIR ".libs/"
| #define HAVE_PTHREAD_PRIO_INHERIT 1
| #define HAVE_PTHREAD 1
| #define HAVE_DECL_STRERROR_R 1
| #define HAVE_STRERROR_R 1
| #define STRERROR_R_CHAR_P 1
| #define HAVE_FUNC_ATTRIBUTE_VISIBILITY 1
| #define HAVE_ENDIAN_H 1
| #define HAVE_STDIO_H 1
| #define HAVE_STDLIB_H 1
| #define HAVE_UNISTD_H 1
| #define HAVE_STRINGS_H 1
| #define HAVE_SYS_TYPES_H 1
| #define HAVE_SYS_STAT_H 1
| #define HAVE_SYS_SELECT_H 1
| #define HAVE_SYS_PRCTL_H 1
| #define HAVE_GETADDRINFO_A 1
| #define HAVE_INET_PTON 1
| #define HAVE_DECL_STRNLEN 1
| #define HAVE_DECL_DAEMON 1
| #define HAVE_DECL_LE32TOH 1
| #define HAVE_DECL_LE64TOH 1
| #define HAVE_DECL_HTOLE32 1
| #define HAVE_DECL_HTOLE64 1
| #define HAVE_DECL_BE32TOH 1
| #define HAVE_DECL_BE64TOH 1
| #define HAVE_DECL_HTOBE32 1
| #define HAVE_DECL_HTOBE64 1
| #define HAVE_MSG_NOSIGNAL 1
| #define HAVE_MSG_DONTWAIT 1
| #define HAVE_MALLOC_INFO 1
| #define HAVE_MALLOPT_ARENA_MAX 1
| #define HAVE_VISIBILITY_ATTRIBUTE 1
| #define HAVE_THREAD_LOCAL 1
| /* end confdefs.h.  */
| 
|         #include <libdb5/db_cxx.h>
| 
| int
| main ()
| {
| 
|         #if !((DB_VERSION_MAJOR == 4 && DB_VERSION_MINOR >= 8) || DB_VERSION_MAJOR > 4)
|           #error "failed to find bdb 4.8+"
|         #endif
| 
|   ;
|   return 0;
| }
configure:23377: g++ -std=c++11 -c -g -O2 -Wall -Wextra -Wformat -Wvla -Wformat-security -Wno-unused-parameter -Wno-implicit-fallthrough  -DHAVE_BUILD_INFO -D__STDC_FORMAT_MACROS conftest.cpp >&5
conftest.cpp:56:18: fatal error: db5/db_cxx.h: No such file or directory
         #include <db5/db_cxx.h>
                  ^~~~~~~~~~~~~~
compilation terminated.
configure:23377: $? = 1
configure: failed program was:
| /* confdefs.h */
| #define PACKAGE_NAME "Eazy Core"
| #define PACKAGE_TARNAME "eazy"
| #define PACKAGE_VERSION "3.1.99"
| #define PACKAGE_STRING "Eazy Core 3.1.99"
| #define PACKAGE_BUGREPORT "www.eazy.org"
| #define PACKAGE_URL ""
| #define HAVE_CXX11 1
| #define STDC_HEADERS 1
| #define HAVE_SYS_TYPES_H 1
| #define HAVE_SYS_STAT_H 1
| #define HAVE_STDLIB_H 1
| #define HAVE_STRING_H 1
| #define HAVE_MEMORY_H 1
| #define HAVE_STRINGS_H 1
| #define HAVE_INTTYPES_H 1
| #define HAVE_STDINT_H 1
| #define HAVE_UNISTD_H 1
| #define HAVE_DLFCN_H 1
| #define LT_OBJDIR ".libs/"
| #define HAVE_PTHREAD_PRIO_INHERIT 1
| #define HAVE_PTHREAD 1
| #define HAVE_DECL_STRERROR_R 1
| #define HAVE_STRERROR_R 1
| #define STRERROR_R_CHAR_P 1
| #define HAVE_FUNC_ATTRIBUTE_VISIBILITY 1
| #define HAVE_ENDIAN_H 1
| #define HAVE_STDIO_H 1
| #define HAVE_STDLIB_H 1
| #define HAVE_UNISTD_H 1
| #define HAVE_STRINGS_H 1
| #define HAVE_SYS_TYPES_H 1
| #define HAVE_SYS_STAT_H 1
| #define HAVE_SYS_SELECT_H 1
| #define HAVE_SYS_PRCTL_H 1
| #define HAVE_GETADDRINFO_A 1
| #define HAVE_INET_PTON 1
| #define HAVE_DECL_STRNLEN 1
| #define HAVE_DECL_DAEMON 1
| #define HAVE_DECL_LE32TOH 1
| #define HAVE_DECL_LE64TOH 1
| #define HAVE_DECL_HTOLE32 1
| #define HAVE_DECL_HTOLE64 1
| #define HAVE_DECL_BE32TOH 1
| #define HAVE_DECL_BE64TOH 1
| #define HAVE_DECL_HTOBE32 1
| #define HAVE_DECL_HTOBE64 1
| #define HAVE_MSG_NOSIGNAL 1
| #define HAVE_MSG_DONTWAIT 1
| #define HAVE_MALLOC_INFO 1
| #define HAVE_MALLOPT_ARENA_MAX 1
| #define HAVE_VISIBILITY_ATTRIBUTE 1
| #define HAVE_THREAD_LOCAL 1
| /* end confdefs.h.  */
| 
|         #include <db5/db_cxx.h>
| 
| int
| main ()
| {
| 
|         #if !((DB_VERSION_MAJOR == 4 && DB_VERSION_MINOR >= 8) || DB_VERSION_MAJOR > 4)
|           #error "failed to find bdb 4.8+"
|         #endif
| 
|   ;
|   return 0;
| }
configure:23377: g++ -std=c++11 -c -g -O2 -Wall -Wextra -Wformat -Wvla -Wformat-security -Wno-unused-parameter -Wno-implicit-fallthrough  -DHAVE_BUILD_INFO -D__STDC_FORMAT_MACROS conftest.cpp >&5
conftest.cpp:56:18: fatal error: bdb5.3/db_cxx.h: No such file or directory
         #include <bdb5.3/db_cxx.h>
                  ^~~~~~~~~~~~~~~~~
compilation terminated.
configure:23377: $? = 1
configure: failed program was:
| /* confdefs.h */
| #define PACKAGE_NAME "Eazy Core"
| #define PACKAGE_TARNAME "eazy"
| #define PACKAGE_VERSION "3.1.99"
| #define PACKAGE_STRING "Eazy Core 3.1.99"
| #define PACKAGE_BUGREPORT "www.eazy.org"
| #define PACKAGE_URL ""
| #define HAVE_CXX11 1
| #define STDC_HEADERS 1
| #define HAVE_SYS_TYPES_H 1
| #define HAVE_SYS_STAT_H 1
| #define HAVE_STDLIB_H 1
| #define HAVE_STRING_H 1
| #define HAVE_MEMORY_H 1
| #define HAVE_STRINGS_H 1
| #define HAVE_INTTYPES_H 1
| #define HAVE_STDINT_H 1
| #define HAVE_UNISTD_H 1
| #define HAVE_DLFCN_H 1
| #define LT_OBJDIR ".libs/"
| #define HAVE_PTHREAD_PRIO_INHERIT 1
| #define HAVE_PTHREAD 1
| #define HAVE_DECL_STRERROR_R 1
| #define HAVE_STRERROR_R 1
| #define STRERROR_R_CHAR_P 1
| #define HAVE_FUNC_ATTRIBUTE_VISIBILITY 1
| #define HAVE_ENDIAN_H 1
| #define HAVE_STDIO_H 1
| #define HAVE_STDLIB_H 1
| #define HAVE_UNISTD_H 1
| #define HAVE_STRINGS_H 1
| #define HAVE_SYS_TYPES_H 1
| #define HAVE_SYS_STAT_H 1
| #define HAVE_SYS_SELECT_H 1
| #define HAVE_SYS_PRCTL_H 1
| #define HAVE_GETADDRINFO_A 1
| #define HAVE_INET_PTON 1
| #define HAVE_DECL_STRNLEN 1
| #define HAVE_DECL_DAEMON 1
| #define HAVE_DECL_LE32TOH 1
| #define HAVE_DECL_LE64TOH 1
| #define HAVE_DECL_HTOLE32 1
| #define HAVE_DECL_HTOLE64 1
| #define HAVE_DECL_BE32TOH 1
| #define HAVE_DECL_BE64TOH 1
| #define HAVE_DECL_HTOBE32 1
| #define HAVE_DECL_HTOBE64 1
| #define HAVE_MSG_NOSIGNAL 1
| #define HAVE_MSG_DONTWAIT 1
| #define HAVE_MALLOC_INFO 1
| #define HAVE_MALLOPT_ARENA_MAX 1
| #define HAVE_VISIBILITY_ATTRIBUTE 1
| #define HAVE_THREAD_LOCAL 1
| /* end confdefs.h.  */
| 
|         #include <bdb5.3/db_cxx.h>
| 
| int
| main ()
| {
| 
|         #if !((DB_VERSION_MAJOR == 4 && DB_VERSION_MINOR >= 8) || DB_VERSION_MAJOR > 4)
|           #error "failed to find bdb 4.8+"
|         #endif
| 
|   ;
|   return 0;
| }
configure:23377: g++ -std=c++11 -c -g -O2 -Wall -Wextra -Wformat -Wvla -Wformat-security -Wno-unused-parameter -Wno-implicit-fallthrough  -DHAVE_BUILD_INFO -D__STDC_FORMAT_MACROS conftest.cpp >&5
conftest.cpp:56:18: fatal error: libdb5.3/db_cxx.h: No such file or directory
         #include <libdb5.3/db_cxx.h>
                  ^~~~~~~~~~~~~~~~~~~
compilation terminated.
configure:23377: $? = 1
configure: failed program was:
| /* confdefs.h */
| #define PACKAGE_NAME "Eazy Core"
| #define PACKAGE_TARNAME "eazy"
| #define PACKAGE_VERSION "3.1.99"
| #define PACKAGE_STRING "Eazy Core 3.1.99"
| #define PACKAGE_BUGREPORT "www.eazy.org"
| #define PACKAGE_URL ""
| #define HAVE_CXX11 1
| #define STDC_HEADERS 1
| #define HAVE_SYS_TYPES_H 1
| #define HAVE_SYS_STAT_H 1
| #define HAVE_STDLIB_H 1
| #define HAVE_STRING_H 1
| #define HAVE_MEMORY_H 1
| #define HAVE_STRINGS_H 1
| #define HAVE_INTTYPES_H 1
| #define HAVE_STDINT_H 1
| #define HAVE_UNISTD_H 1
| #define HAVE_DLFCN_H 1
| #define LT_OBJDIR ".libs/"
| #define HAVE_PTHREAD_PRIO_INHERIT 1
| #define HAVE_PTHREAD 1
| #define HAVE_DECL_STRERROR_R 1
| #define HAVE_STRERROR_R 1
| #define STRERROR_R_CHAR_P 1
| #define HAVE_FUNC_ATTRIBUTE_VISIBILITY 1
| #define HAVE_ENDIAN_H 1
| #define HAVE_STDIO_H 1
| #define HAVE_STDLIB_H 1
| #define HAVE_UNISTD_H 1
| #define HAVE_STRINGS_H 1
| #define HAVE_SYS_TYPES_H 1
| #define HAVE_SYS_STAT_H 1
| #define HAVE_SYS_SELECT_H 1
| #define HAVE_SYS_PRCTL_H 1
| #define HAVE_GETADDRINFO_A 1
| #define HAVE_INET_PTON 1
| #define HAVE_DECL_STRNLEN 1
| #define HAVE_DECL_DAEMON 1
| #define HAVE_DECL_LE32TOH 1
| #define HAVE_DECL_LE64TOH 1
| #define HAVE_DECL_HTOLE32 1
| #define HAVE_DECL_HTOLE64 1
| #define HAVE_DECL_BE32TOH 1
| #define HAVE_DECL_BE64TOH 1
| #define HAVE_DECL_HTOBE32 1
| #define HAVE_DECL_HTOBE64 1
| #define HAVE_MSG_NOSIGNAL 1
| #define HAVE_MSG_DONTWAIT 1
| #define HAVE_MALLOC_INFO 1
| #define HAVE_MALLOPT_ARENA_MAX 1
| #define HAVE_VISIBILITY_ATTRIBUTE 1
| #define HAVE_THREAD_LOCAL 1
| /* end confdefs.h.  */
| 
|         #include <libdb5.3/db_cxx.h>
| 
| int
| main ()
| {
| 
|         #if !((DB_VERSION_MAJOR == 4 && DB_VERSION_MINOR >= 8) || DB_VERSION_MAJOR > 4)
|           #error "failed to find bdb 4.8+"
|         #endif
| 
|   ;
|   return 0;
| }
configure:23377: g++ -std=c++11 -c -g -O2 -Wall -Wextra -Wformat -Wvla -Wformat-security -Wno-unused-parameter -Wno-implicit-fallthrough  -DHAVE_BUILD_INFO -D__STDC_FORMAT_MACROS conftest.cpp >&5
conftest.cpp:56:18: fatal error: db5.3/db_cxx.h: No such file or directory
         #include <db5.3/db_cxx.h>
                  ^~~~~~~~~~~~~~~~
compilation terminated.
configure:23377: $? = 1
configure: failed program was:
| /* confdefs.h */
| #define PACKAGE_NAME "Eazy Core"
| #define PACKAGE_TARNAME "eazy"
| #define PACKAGE_VERSION "3.1.99"
| #define PACKAGE_STRING "Eazy Core 3.1.99"
| #define PACKAGE_BUGREPORT "www.eazy.org"
| #define PACKAGE_URL ""
| #define HAVE_CXX11 1
| #define STDC_HEADERS 1
| #define HAVE_SYS_TYPES_H 1
| #define HAVE_SYS_STAT_H 1
| #define HAVE_STDLIB_H 1
| #define HAVE_STRING_H 1
| #define HAVE_MEMORY_H 1
| #define HAVE_STRINGS_H 1
| #define HAVE_INTTYPES_H 1
| #define HAVE_STDINT_H 1
| #define HAVE_UNISTD_H 1
| #define HAVE_DLFCN_H 1
| #define LT_OBJDIR ".libs/"
| #define HAVE_PTHREAD_PRIO_INHERIT 1
| #define HAVE_PTHREAD 1
| #define HAVE_DECL_STRERROR_R 1
| #define HAVE_STRERROR_R 1
| #define STRERROR_R_CHAR_P 1
| #define HAVE_FUNC_ATTRIBUTE_VISIBILITY 1
| #define HAVE_ENDIAN_H 1
| #define HAVE_STDIO_H 1
| #define HAVE_STDLIB_H 1
| #define HAVE_UNISTD_H 1
| #define HAVE_STRINGS_H 1
| #define HAVE_SYS_TYPES_H 1
| #define HAVE_SYS_STAT_H 1
| #define HAVE_SYS_SELECT_H 1
| #define HAVE_SYS_PRCTL_H 1
| #define HAVE_GETADDRINFO_A 1
| #define HAVE_INET_PTON 1
| #define HAVE_DECL_STRNLEN 1
| #define HAVE_DECL_DAEMON 1
| #define HAVE_DECL_LE32TOH 1
| #define HAVE_DECL_LE64TOH 1
| #define HAVE_DECL_HTOLE32 1
| #define HAVE_DECL_HTOLE64 1
| #define HAVE_DECL_BE32TOH 1
| #define HAVE_DECL_BE64TOH 1
| #define HAVE_DECL_HTOBE32 1
| #define HAVE_DECL_HTOBE64 1
| #define HAVE_MSG_NOSIGNAL 1
| #define HAVE_MSG_DONTWAIT 1
| #define HAVE_MALLOC_INFO 1
| #define HAVE_MALLOPT_ARENA_MAX 1
| #define HAVE_VISIBILITY_ATTRIBUTE 1
| #define HAVE_THREAD_LOCAL 1
| /* end confdefs.h.  */
| 
|         #include <db5.3/db_cxx.h>
| 
| int
| main ()
| {
| 
|         #if !((DB_VERSION_MAJOR == 4 && DB_VERSION_MINOR >= 8) || DB_VERSION_MAJOR > 4)
|           #error "failed to find bdb 4.8+"
|         #endif
| 
|   ;
|   return 0;
| }
configure:23377: g++ -std=c++11 -c -g -O2 -Wall -Wextra -Wformat -Wvla -Wformat-security -Wno-unused-parameter -Wno-implicit-fallthrough  -DHAVE_BUILD_INFO -D__STDC_FORMAT_MACROS conftest.cpp >&5
conftest.cpp:56:18: fatal error: bdb/db_cxx.h: No such file or directory
         #include <bdb/db_cxx.h>
                  ^~~~~~~~~~~~~~
compilation terminated.
configure:23377: $? = 1
configure: failed program was:
| /* confdefs.h */
| #define PACKAGE_NAME "Eazy Core"
| #define PACKAGE_TARNAME "eazy"
| #define PACKAGE_VERSION "3.1.99"
| #define PACKAGE_STRING "Eazy Core 3.1.99"
| #define PACKAGE_BUGREPORT "www.eazy.org"
| #define PACKAGE_URL ""
| #define HAVE_CXX11 1
| #define STDC_HEADERS 1
| #define HAVE_SYS_TYPES_H 1
| #define HAVE_SYS_STAT_H 1
| #define HAVE_STDLIB_H 1
| #define HAVE_STRING_H 1
| #define HAVE_MEMORY_H 1
| #define HAVE_STRINGS_H 1
| #define HAVE_INTTYPES_H 1
| #define HAVE_STDINT_H 1
| #define HAVE_UNISTD_H 1
| #define HAVE_DLFCN_H 1
| #define LT_OBJDIR ".libs/"
| #define HAVE_PTHREAD_PRIO_INHERIT 1
| #define HAVE_PTHREAD 1
| #define HAVE_DECL_STRERROR_R 1
| #define HAVE_STRERROR_R 1
| #define STRERROR_R_CHAR_P 1
| #define HAVE_FUNC_ATTRIBUTE_VISIBILITY 1
| #define HAVE_ENDIAN_H 1
| #define HAVE_STDIO_H 1
| #define HAVE_STDLIB_H 1
| #define HAVE_UNISTD_H 1
| #define HAVE_STRINGS_H 1
| #define HAVE_SYS_TYPES_H 1
| #define HAVE_SYS_STAT_H 1
| #define HAVE_SYS_SELECT_H 1
| #define HAVE_SYS_PRCTL_H 1
| #define HAVE_GETADDRINFO_A 1
| #define HAVE_INET_PTON 1
| #define HAVE_DECL_STRNLEN 1
| #define HAVE_DECL_DAEMON 1
| #define HAVE_DECL_LE32TOH 1
| #define HAVE_DECL_LE64TOH 1
| #define HAVE_DECL_HTOLE32 1
| #define HAVE_DECL_HTOLE64 1
| #define HAVE_DECL_BE32TOH 1
| #define HAVE_DECL_BE64TOH 1
| #define HAVE_DECL_HTOBE32 1
| #define HAVE_DECL_HTOBE64 1
| #define HAVE_MSG_NOSIGNAL 1
| #define HAVE_MSG_DONTWAIT 1
| #define HAVE_MALLOC_INFO 1
| #define HAVE_MALLOPT_ARENA_MAX 1
| #define HAVE_VISIBILITY_ATTRIBUTE 1
| #define HAVE_THREAD_LOCAL 1
| /* end confdefs.h.  */
| 
|         #include <bdb/db_cxx.h>
| 
| int
| main ()
| {
| 
|         #if !((DB_VERSION_MAJOR == 4 && DB_VERSION_MINOR >= 8) || DB_VERSION_MAJOR > 4)
|           #error "failed to find bdb 4.8+"
|         #endif
| 
|   ;
|   return 0;
| }
configure:23377: g++ -std=c++11 -c -g -O2 -Wall -Wextra -Wformat -Wvla -Wformat-security -Wno-unused-parameter -Wno-implicit-fallthrough  -DHAVE_BUILD_INFO -D__STDC_FORMAT_MACROS conftest.cpp >&5
conftest.cpp:56:18: fatal error: libdb/db_cxx.h: No such file or directory
         #include <libdb/db_cxx.h>
                  ^~~~~~~~~~~~~~~~
compilation terminated.
configure:23377: $? = 1
configure: failed program was:
| /* confdefs.h */
| #define PACKAGE_NAME "Eazy Core"
| #define PACKAGE_TARNAME "eazy"
| #define PACKAGE_VERSION "3.1.99"
| #define PACKAGE_STRING "Eazy Core 3.1.99"
| #define PACKAGE_BUGREPORT "www.eazy.org"
| #define PACKAGE_URL ""
| #define HAVE_CXX11 1
| #define STDC_HEADERS 1
| #define HAVE_SYS_TYPES_H 1
| #define HAVE_SYS_STAT_H 1
| #define HAVE_STDLIB_H 1
| #define HAVE_STRING_H 1
| #define HAVE_MEMORY_H 1
| #define HAVE_STRINGS_H 1
| #define HAVE_INTTYPES_H 1
| #define HAVE_STDINT_H 1
| #define HAVE_UNISTD_H 1
| #define HAVE_DLFCN_H 1
| #define LT_OBJDIR ".libs/"
| #define HAVE_PTHREAD_PRIO_INHERIT 1
| #define HAVE_PTHREAD 1
| #define HAVE_DECL_STRERROR_R 1
| #define HAVE_STRERROR_R 1
| #define STRERROR_R_CHAR_P 1
| #define HAVE_FUNC_ATTRIBUTE_VISIBILITY 1
| #define HAVE_ENDIAN_H 1
| #define HAVE_STDIO_H 1
| #define HAVE_STDLIB_H 1
| #define HAVE_UNISTD_H 1
| #define HAVE_STRINGS_H 1
| #define HAVE_SYS_TYPES_H 1
| #define HAVE_SYS_STAT_H 1
| #define HAVE_SYS_SELECT_H 1
| #define HAVE_SYS_PRCTL_H 1
| #define HAVE_GETADDRINFO_A 1
| #define HAVE_INET_PTON 1
| #define HAVE_DECL_STRNLEN 1
| #define HAVE_DECL_DAEMON 1
| #define HAVE_DECL_LE32TOH 1
| #define HAVE_DECL_LE64TOH 1
| #define HAVE_DECL_HTOLE32 1
| #define HAVE_DECL_HTOLE64 1
| #define HAVE_DECL_BE32TOH 1
| #define HAVE_DECL_BE64TOH 1
| #define HAVE_DECL_HTOBE32 1
| #define HAVE_DECL_HTOBE64 1
| #define HAVE_MSG_NOSIGNAL 1
| #define HAVE_MSG_DONTWAIT 1
| #define HAVE_MALLOC_INFO 1
| #define HAVE_MALLOPT_ARENA_MAX 1
| #define HAVE_VISIBILITY_ATTRIBUTE 1
| #define HAVE_THREAD_LOCAL 1
| /* end confdefs.h.  */
| 
|         #include <libdb/db_cxx.h>
| 
| int
| main ()
| {
| 
|         #if !((DB_VERSION_MAJOR == 4 && DB_VERSION_MINOR >= 8) || DB_VERSION_MAJOR > 4)
|           #error "failed to find bdb 4.8+"
|         #endif
| 
|   ;
|   return 0;
| }
configure:23377: g++ -std=c++11 -c -g -O2 -Wall -Wextra -Wformat -Wvla -Wformat-security -Wno-unused-parameter -Wno-implicit-fallthrough  -DHAVE_BUILD_INFO -D__STDC_FORMAT_MACROS conftest.cpp >&5
conftest.cpp:56:18: fatal error: db/db_cxx.h: No such file or directory
         #include <db/db_cxx.h>
                  ^~~~~~~~~~~~~
compilation terminated.
configure:23377: $? = 1
configure: failed program was:
| /* confdefs.h */
| #define PACKAGE_NAME "Eazy Core"
| #define PACKAGE_TARNAME "eazy"
| #define PACKAGE_VERSION "3.1.99"
| #define PACKAGE_STRING "Eazy Core 3.1.99"
| #define PACKAGE_BUGREPORT "www.eazy.org"
| #define PACKAGE_URL ""
| #define HAVE_CXX11 1
| #define STDC_HEADERS 1
| #define HAVE_SYS_TYPES_H 1
| #define HAVE_SYS_STAT_H 1
| #define HAVE_STDLIB_H 1
| #define HAVE_STRING_H 1
| #define HAVE_MEMORY_H 1
| #define HAVE_STRINGS_H 1
| #define HAVE_INTTYPES_H 1
| #define HAVE_STDINT_H 1
| #define HAVE_UNISTD_H 1
| #define HAVE_DLFCN_H 1
| #define LT_OBJDIR ".libs/"
| #define HAVE_PTHREAD_PRIO_INHERIT 1
| #define HAVE_PTHREAD 1
| #define HAVE_DECL_STRERROR_R 1
| #define HAVE_STRERROR_R 1
| #define STRERROR_R_CHAR_P 1
| #define HAVE_FUNC_ATTRIBUTE_VISIBILITY 1
| #define HAVE_ENDIAN_H 1
| #define HAVE_STDIO_H 1
| #define HAVE_STDLIB_H 1
| #define HAVE_UNISTD_H 1
| #define HAVE_STRINGS_H 1
| #define HAVE_SYS_TYPES_H 1
| #define HAVE_SYS_STAT_H 1
| #define HAVE_SYS_SELECT_H 1
| #define HAVE_SYS_PRCTL_H 1
| #define HAVE_GETADDRINFO_A 1
| #define HAVE_INET_PTON 1
| #define HAVE_DECL_STRNLEN 1
| #define HAVE_DECL_DAEMON 1
| #define HAVE_DECL_LE32TOH 1
| #define HAVE_DECL_LE64TOH 1
| #define HAVE_DECL_HTOLE32 1
| #define HAVE_DECL_HTOLE64 1
| #define HAVE_DECL_BE32TOH 1
| #define HAVE_DECL_BE64TOH 1
| #define HAVE_DECL_HTOBE32 1
| #define HAVE_DECL_HTOBE64 1
| #define HAVE_MSG_NOSIGNAL 1
| #define HAVE_MSG_DONTWAIT 1
| #define HAVE_MALLOC_INFO 1
| #define HAVE_MALLOPT_ARENA_MAX 1
| #define HAVE_VISIBILITY_ATTRIBUTE 1
| #define HAVE_THREAD_LOCAL 1
| /* end confdefs.h.  */
| 
|         #include <db/db_cxx.h>
| 
| int
| main ()
| {
| 
|         #if !((DB_VERSION_MAJOR == 4 && DB_VERSION_MINOR >= 8) || DB_VERSION_MAJOR > 4)
|           #error "failed to find bdb 4.8+"
|         #endif
| 
|   ;
|   return 0;
| }
configure:23377: g++ -std=c++11 -c -g -O2 -Wall -Wextra -Wformat -Wvla -Wformat-security -Wno-unused-parameter -Wno-implicit-fallthrough  -DHAVE_BUILD_INFO -D__STDC_FORMAT_MACROS conftest.cpp >&5
configure:23377: $? = 0
configure:23406: g++ -std=c++11 -c -g -O2 -Wall -Wextra -Wformat -Wvla -Wformat-security -Wno-unused-parameter -Wno-implicit-fallthrough  -DHAVE_BUILD_INFO -D__STDC_FORMAT_MACROS conftest.cpp >&5
configure:23406: $? = 0
configure:23449: result: default
configure:23472: checking for main in -ldb_cxx-4.8
configure:23491: g++ -std=c++11 -o conftest -g -O2 -Wall -Wextra -Wformat -Wvla -Wformat-security -Wno-unused-parameter -Wno-implicit-fallthrough  -DHAVE_BUILD_INFO -D__STDC_FORMAT_MACROS  conftest.cpp -ldb_cxx-4.8  -lanl  >&5
configure:23491: $? = 0
configure:23501: result: yes
configure:23523: checking miniupnpc/miniwget.h usability
configure:23523: g++ -std=c++11 -c -g -O2 -Wall -Wextra -Wformat -Wvla -Wformat-security -Wno-unused-parameter -Wno-implicit-fallthrough  -DHAVE_BUILD_INFO -D__STDC_FORMAT_MACROS conftest.cpp >&5
configure:23523: $? = 0
configure:23523: result: yes
configure:23523: checking miniupnpc/miniwget.h presence
configure:23523: g++ -std=c++11 -E  -DHAVE_BUILD_INFO -D__STDC_FORMAT_MACROS conftest.cpp
configure:23523: $? = 0
configure:23523: result: yes
configure:23523: checking for miniupnpc/miniwget.h
configure:23523: result: yes
configure:23528: checking for main in -lminiupnpc
configure:23547: g++ -std=c++11 -o conftest -g -O2 -Wall -Wextra -Wformat -Wvla -Wformat-security -Wno-unused-parameter -Wno-implicit-fallthrough  -DHAVE_BUILD_INFO -D__STDC_FORMAT_MACROS  conftest.cpp -lminiupnpc  -lanl  >&5
configure:23547: $? = 0
configure:23556: result: yes
configure:23523: checking miniupnpc/miniupnpc.h usability
configure:23523: g++ -std=c++11 -c -g -O2 -Wall -Wextra -Wformat -Wvla -Wformat-security -Wno-unused-parameter -Wno-implicit-fallthrough  -DHAVE_BUILD_INFO -D__STDC_FORMAT_MACROS conftest.cpp >&5
configure:23523: $? = 0
configure:23523: result: yes
configure:23523: checking miniupnpc/miniupnpc.h presence
configure:23523: g++ -std=c++11 -E  -DHAVE_BUILD_INFO -D__STDC_FORMAT_MACROS conftest.cpp
configure:23523: $? = 0
configure:23523: result: yes
configure:23523: checking for miniupnpc/miniupnpc.h
configure:23523: result: yes
configure:23528: checking for main in -lminiupnpc
configure:23556: result: yes
configure:23523: checking miniupnpc/upnpcommands.h usability
configure:23523: g++ -std=c++11 -c -g -O2 -Wall -Wextra -Wformat -Wvla -Wformat-security -Wno-unused-parameter -Wno-implicit-fallthrough  -DHAVE_BUILD_INFO -D__STDC_FORMAT_MACROS conftest.cpp >&5
configure:23523: $? = 0
configure:23523: result: yes
configure:23523: checking miniupnpc/upnpcommands.h presence
configure:23523: g++ -std=c++11 -E  -DHAVE_BUILD_INFO -D__STDC_FORMAT_MACROS conftest.cpp
configure:23523: $? = 0
configure:23523: result: yes
configure:23523: checking for miniupnpc/upnpcommands.h
configure:23523: result: yes
configure:23528: checking for main in -lminiupnpc
configure:23556: result: yes
configure:23523: checking miniupnpc/upnperrors.h usability
configure:23523: g++ -std=c++11 -c -g -O2 -Wall -Wextra -Wformat -Wvla -Wformat-security -Wno-unused-parameter -Wno-implicit-fallthrough  -DHAVE_BUILD_INFO -D__STDC_FORMAT_MACROS conftest.cpp >&5
configure:23523: $? = 0
configure:23523: result: yes
configure:23523: checking miniupnpc/upnperrors.h presence
configure:23523: g++ -std=c++11 -E  -DHAVE_BUILD_INFO -D__STDC_FORMAT_MACROS conftest.cpp
configure:23523: $? = 0
configure:23523: result: yes
configure:23523: checking for miniupnpc/upnperrors.h
configure:23523: result: yes
configure:23528: checking for main in -lminiupnpc
configure:23556: result: yes
configure:23666: checking for QT5
configure:23673: $PKG_CONFIG --exists --print-errors "$qt5_modules"
configure:23676: $? = 0
configure:23690: $PKG_CONFIG --exists --print-errors "$qt5_modules"
configure:23693: $? = 0
configure:23731: result: yes
configure:23983: checking for QT_TEST
configure:23990: $PKG_CONFIG --exists --print-errors "${QT_LIB_PREFIX}Test"
configure:23993: $? = 0
configure:24007: $PKG_CONFIG --exists --print-errors "${QT_LIB_PREFIX}Test"
configure:24010: $? = 0
configure:24048: result: yes
configure:24055: checking for QT_DBUS
configure:24062: $PKG_CONFIG --exists --print-errors "${QT_LIB_PREFIX}DBus"
configure:24065: $? = 0
configure:24079: $PKG_CONFIG --exists --print-errors "${QT_LIB_PREFIX}DBus"
configure:24082: $? = 0
configure:24120: result: yes
configure:25090: checking for static Qt
configure:25116: g++ -std=c++11 -c -fPIC -g -O2 -Wall -Wextra -Wformat -Wvla -Wformat-security -Wno-unused-parameter -Wno-implicit-fallthrough -I/usr/include/x86_64-linux-gnu/qt5/QtNetwork -I/usr/include/x86_64-linux-gnu/qt5 -I/usr/include/x86_64-linux-gnu/qt5/QtWidgets -I/usr/include/x86_64-linux-gnu/qt5 -I/usr/include/x86_64-linux-gnu/qt5/QtGui -I/usr/include/x86_64-linux-gnu/qt5 -I/usr/include/x86_64-linux-gnu/qt5/QtCore -I/usr/include/x86_64-linux-gnu/qt5  -DHAVE_BUILD_INFO -D__STDC_FORMAT_MACROS conftest.cpp >&5
conftest.cpp: In function 'int main()':
conftest.cpp:70:7: error: 'choke' was not declared in this scope
       choke
       ^~~~~
configure:25116: $? = 1
configure: failed program was:
| /* confdefs.h */
| #define PACKAGE_NAME "Eazy Core"
| #define PACKAGE_TARNAME "eazy"
| #define PACKAGE_VERSION "3.1.99"
| #define PACKAGE_STRING "Eazy Core 3.1.99"
| #define PACKAGE_BUGREPORT "www.eazy.org"
| #define PACKAGE_URL ""
| #define HAVE_CXX11 1
| #define STDC_HEADERS 1
| #define HAVE_SYS_TYPES_H 1
| #define HAVE_SYS_STAT_H 1
| #define HAVE_STDLIB_H 1
| #define HAVE_STRING_H 1
| #define HAVE_MEMORY_H 1
| #define HAVE_STRINGS_H 1
| #define HAVE_INTTYPES_H 1
| #define HAVE_STDINT_H 1
| #define HAVE_UNISTD_H 1
| #define HAVE_DLFCN_H 1
| #define LT_OBJDIR ".libs/"
| #define HAVE_PTHREAD_PRIO_INHERIT 1
| #define HAVE_PTHREAD 1
| #define HAVE_DECL_STRERROR_R 1
| #define HAVE_STRERROR_R 1
| #define STRERROR_R_CHAR_P 1
| #define HAVE_FUNC_ATTRIBUTE_VISIBILITY 1
| #define HAVE_ENDIAN_H 1
| #define HAVE_STDIO_H 1
| #define HAVE_STDLIB_H 1
| #define HAVE_UNISTD_H 1
| #define HAVE_STRINGS_H 1
| #define HAVE_SYS_TYPES_H 1
| #define HAVE_SYS_STAT_H 1
| #define HAVE_SYS_SELECT_H 1
| #define HAVE_SYS_PRCTL_H 1
| #define HAVE_GETADDRINFO_A 1
| #define HAVE_INET_PTON 1
| #define HAVE_DECL_STRNLEN 1
| #define HAVE_DECL_DAEMON 1
| #define HAVE_DECL_LE32TOH 1
| #define HAVE_DECL_LE64TOH 1
| #define HAVE_DECL_HTOLE32 1
| #define HAVE_DECL_HTOLE64 1
| #define HAVE_DECL_BE32TOH 1
| #define HAVE_DECL_BE64TOH 1
| #define HAVE_DECL_HTOBE32 1
| #define HAVE_DECL_HTOBE64 1
| #define HAVE_MSG_NOSIGNAL 1
| #define HAVE_MSG_DONTWAIT 1
| #define HAVE_MALLOC_INFO 1
| #define HAVE_MALLOPT_ARENA_MAX 1
| #define HAVE_VISIBILITY_ATTRIBUTE 1
| #define HAVE_THREAD_LOCAL 1
| #define HAVE_MINIUPNPC_MINIWGET_H 1
| #define HAVE_MINIUPNPC_MINIUPNPC_H 1
| #define HAVE_MINIUPNPC_UPNPCOMMANDS_H 1
| #define HAVE_MINIUPNPC_UPNPERRORS_H 1
| /* end confdefs.h.  */
| 
|       #include <QtCore/qconfig.h>
|       #ifndef QT_VERSION
|       #  include <QtCore/qglobal.h>
|       #endif
| 
| int
| main ()
| {
| 
|       #if !defined(QT_STATIC)
|       choke
|       #endif
| 
|   ;
|   return 0;
| }
configure:25124: result: no
configure:25996: checking whether -fPIE can be used with this Qt config
configure:26022: g++ -std=c++11 -c -fPIC -g -O2 -Wall -Wextra -Wformat -Wvla -Wformat-security -Wno-unused-parameter -Wno-implicit-fallthrough -I/usr/include/x86_64-linux-gnu/qt5/QtNetwork -I/usr/include/x86_64-linux-gnu/qt5 -I/usr/include/x86_64-linux-gnu/qt5/QtWidgets -I/usr/include/x86_64-linux-gnu/qt5 -I/usr/include/x86_64-linux-gnu/qt5/QtGui -I/usr/include/x86_64-linux-gnu/qt5 -I/usr/include/x86_64-linux-gnu/qt5/QtCore -I/usr/include/x86_64-linux-gnu/qt5  -DHAVE_BUILD_INFO -D__STDC_FORMAT_MACROS -DHAVE_QT5 conftest.cpp >&5
conftest.cpp: In function 'int main()':
conftest.cpp:70:9: error: 'choke' was not declared in this scope
         choke
         ^~~~~
configure:26022: $? = 1
configure: failed program was:
| /* confdefs.h */
| #define PACKAGE_NAME "Eazy Core"
| #define PACKAGE_TARNAME "eazy"
| #define PACKAGE_VERSION "3.1.99"
| #define PACKAGE_STRING "Eazy Core 3.1.99"
| #define PACKAGE_BUGREPORT "www.eazy.org"
| #define PACKAGE_URL ""
| #define HAVE_CXX11 1
| #define STDC_HEADERS 1
| #define HAVE_SYS_TYPES_H 1
| #define HAVE_SYS_STAT_H 1
| #define HAVE_STDLIB_H 1
| #define HAVE_STRING_H 1
| #define HAVE_MEMORY_H 1
| #define HAVE_STRINGS_H 1
| #define HAVE_INTTYPES_H 1
| #define HAVE_STDINT_H 1
| #define HAVE_UNISTD_H 1
| #define HAVE_DLFCN_H 1
| #define LT_OBJDIR ".libs/"
| #define HAVE_PTHREAD_PRIO_INHERIT 1
| #define HAVE_PTHREAD 1
| #define HAVE_DECL_STRERROR_R 1
| #define HAVE_STRERROR_R 1
| #define STRERROR_R_CHAR_P 1
| #define HAVE_FUNC_ATTRIBUTE_VISIBILITY 1
| #define HAVE_ENDIAN_H 1
| #define HAVE_STDIO_H 1
| #define HAVE_STDLIB_H 1
| #define HAVE_UNISTD_H 1
| #define HAVE_STRINGS_H 1
| #define HAVE_SYS_TYPES_H 1
| #define HAVE_SYS_STAT_H 1
| #define HAVE_SYS_SELECT_H 1
| #define HAVE_SYS_PRCTL_H 1
| #define HAVE_GETADDRINFO_A 1
| #define HAVE_INET_PTON 1
| #define HAVE_DECL_STRNLEN 1
| #define HAVE_DECL_DAEMON 1
| #define HAVE_DECL_LE32TOH 1
| #define HAVE_DECL_LE64TOH 1
| #define HAVE_DECL_HTOLE32 1
| #define HAVE_DECL_HTOLE64 1
| #define HAVE_DECL_BE32TOH 1
| #define HAVE_DECL_BE64TOH 1
| #define HAVE_DECL_HTOBE32 1
| #define HAVE_DECL_HTOBE64 1
| #define HAVE_MSG_NOSIGNAL 1
| #define HAVE_MSG_DONTWAIT 1
| #define HAVE_MALLOC_INFO 1
| #define HAVE_MALLOPT_ARENA_MAX 1
| #define HAVE_VISIBILITY_ATTRIBUTE 1
| #define HAVE_THREAD_LOCAL 1
| #define HAVE_MINIUPNPC_MINIWGET_H 1
| #define HAVE_MINIUPNPC_MINIUPNPC_H 1
| #define HAVE_MINIUPNPC_UPNPCOMMANDS_H 1
| #define HAVE_MINIUPNPC_UPNPERRORS_H 1
| /* end confdefs.h.  */
| 
|         #include <QtCore/qconfig.h>
|         #ifndef QT_VERSION
|         #  include <QtCore/qglobal.h>
|         #endif
| 
| int
| main ()
| {
| 
|         #if defined(QT_REDUCE_RELOCATIONS)
|         choke
|         #endif
| 
|   ;
|   return 0;
| }
configure:26026: result: no
configure:26096: checking for moc-qt5
configure:26129: result: no
configure:26096: checking for moc5
configure:26129: result: no
configure:26096: checking for moc
configure:26114: found /usr/lib/qt5/bin/moc
configure:26126: result: /usr/lib/qt5/bin/moc
configure:26215: checking for uic-qt5
configure:26248: result: no
configure:26215: checking for uic5
configure:26248: result: no
configure:26215: checking for uic
configure:26233: found /usr/lib/qt5/bin/uic
configure:26245: result: /usr/lib/qt5/bin/uic
configure:26334: checking for rcc-qt5
configure:26367: result: no
configure:26334: checking for rcc5
configure:26367: result: no
configure:26334: checking for rcc
configure:26352: found /usr/lib/qt5/bin/rcc
configure:26364: result: /usr/lib/qt5/bin/rcc
configure:26453: checking for lrelease-qt5
configure:26486: result: no
configure:26453: checking for lrelease5
configure:26486: result: no
configure:26453: checking for lrelease
configure:26471: found /usr/lib/qt5/bin/lrelease
configure:26483: result: /usr/lib/qt5/bin/lrelease
configure:26572: checking for lupdate-qt5
configure:26605: result: no
configure:26572: checking for lupdate5
configure:26605: result: no
configure:26572: checking for lupdate
configure:26590: found /usr/lib/qt5/bin/lupdate
configure:26602: result: /usr/lib/qt5/bin/lupdate
configure:26787: checking whether to build Eazy Core GUI
configure:26817: result: yes (Qt5)
configure:26891: checking for boostlib >= 1.47.0
configure:26976: g++ -std=c++11 -c -g -O2 -Wall -Wextra -Wformat -Wvla -Wformat-security -Wno-unused-parameter -Wno-implicit-fallthrough  -DHAVE_BUILD_INFO -D__STDC_FORMAT_MACROS -DHAVE_QT5 -I/usr/include conftest.cpp >&5
configure:26976: $? = 0
configure:26978: result: yes
configure:27165: checking whether the Boost::System library is available
configure:27190: g++ -std=c++11 -c   -DHAVE_BUILD_INFO -D__STDC_FORMAT_MACROS -DHAVE_QT5 -I/usr/include conftest.cpp >&5
configure:27190: $? = 0
configure:27205: result: yes
configure:27221: checking for exit in -lboost_system
configure:27246: g++ -std=c++11 -o conftest -g -O2 -Wall -Wextra -Wformat -Wvla -Wformat-security -Wno-unused-parameter -Wno-implicit-fallthrough  -DHAVE_BUILD_INFO -D__STDC_FORMAT_MACROS -DHAVE_QT5 -I/usr/include  -L/usr/lib/x86_64-linux-gnu conftest.cpp -lboost_system  -lanl  >&5
conftest.cpp:68:6: warning: declaration of 'char exit()' conflicts with built-in declaration 'void exit(int)' [-Wbuiltin-declaration-mismatch]
 char exit ();
      ^~~~
configure:27246: $? = 0
configure:27256: result: yes
configure:27411: checking whether the Boost::Filesystem library is available
configure:27435: g++ -std=c++11 -c -g -O2 -Wall -Wextra -Wformat -Wvla -Wformat-security -Wno-unused-parameter -Wno-implicit-fallthrough  -DHAVE_BUILD_INFO -D__STDC_FORMAT_MACROS -DHAVE_QT5 -I/usr/include conftest.cpp >&5
configure:27435: $? = 0
configure:27449: result: yes
configure:27461: checking for exit in -lboost_filesystem
configure:27486: g++ -std=c++11 -o conftest -g -O2 -Wall -Wextra -Wformat -Wvla -Wformat-security -Wno-unused-parameter -Wno-implicit-fallthrough  -DHAVE_BUILD_INFO -D__STDC_FORMAT_MACROS -DHAVE_QT5 -I/usr/include  -L/usr/lib/x86_64-linux-gnu conftest.cpp -lboost_filesystem  -lanl  -lboost_system >&5
conftest.cpp:69:6: warning: declaration of 'char exit()' conflicts with built-in declaration 'void exit(int)' [-Wbuiltin-declaration-mismatch]
 char exit ();
      ^~~~
configure:27486: $? = 0
configure:27496: result: yes
configure:27646: checking whether the Boost::Program_Options library is available
configure:27670: g++ -std=c++11 -c -g -O2 -Wall -Wextra -Wformat -Wvla -Wformat-security -Wno-unused-parameter -Wno-implicit-fallthrough  -DHAVE_BUILD_INFO -D__STDC_FORMAT_MACROS -DHAVE_QT5 -I/usr/include conftest.cpp >&5
configure:27670: $? = 0
configure:27684: result: yes
configure:27695: checking for exit in -lboost_program_options
configure:27720: g++ -std=c++11 -o conftest -g -O2 -Wall -Wextra -Wformat -Wvla -Wformat-security -Wno-unused-parameter -Wno-implicit-fallthrough  -DHAVE_BUILD_INFO -D__STDC_FORMAT_MACROS -DHAVE_QT5 -I/usr/include  -L/usr/lib/x86_64-linux-gnu conftest.cpp -lboost_program_options  -lanl  >&5
conftest.cpp:70:6: warning: declaration of 'char exit()' conflicts with built-in declaration 'void exit(int)' [-Wbuiltin-declaration-mismatch]
 char exit ();
      ^~~~
configure:27720: $? = 0
configure:27730: result: yes
configure:27873: checking whether the Boost::Thread library is available
configure:27905: g++ -std=c++11 -c -pthread -g -O2 -Wall -Wextra -Wformat -Wvla -Wformat-security -Wno-unused-parameter -Wno-implicit-fallthrough  -DHAVE_BUILD_INFO -D__STDC_FORMAT_MACROS -DHAVE_QT5 -I/usr/include conftest.cpp >&5
configure:27905: $? = 0
configure:27920: result: yes
configure:27950: checking for exit in -lboost_thread
configure:27975: g++ -std=c++11 -o conftest -g -O2 -Wall -Wextra -Wformat -Wvla -Wformat-security -Wno-unused-parameter -Wno-implicit-fallthrough  -DHAVE_BUILD_INFO -D__STDC_FORMAT_MACROS -DHAVE_QT5 -I/usr/include  -L/usr/lib/x86_64-linux-gnu conftest.cpp -lboost_thread  -lanl  >&5
conftest.cpp:71:6: warning: declaration of 'char exit()' conflicts with built-in declaration 'void exit(int)' [-Wbuiltin-declaration-mismatch]
 char exit ();
      ^~~~
configure:27975: $? = 0
configure:27985: result: yes
configure:28145: checking whether the Boost::Chrono library is available
configure:28169: g++ -std=c++11 -c -g -O2 -Wall -Wextra -Wformat -Wvla -Wformat-security -Wno-unused-parameter -Wno-implicit-fallthrough  -DHAVE_BUILD_INFO -D__STDC_FORMAT_MACROS -DHAVE_QT5 -pthread -I/usr/include conftest.cpp >&5
configure:28169: $? = 0
configure:28184: result: yes
configure:28200: checking for exit in -lboost_chrono
configure:28225: g++ -std=c++11 -o conftest -g -O2 -Wall -Wextra -Wformat -Wvla -Wformat-security -Wno-unused-parameter -Wno-implicit-fallthrough  -DHAVE_BUILD_INFO -D__STDC_FORMAT_MACROS -DHAVE_QT5 -pthread -I/usr/include  -L/usr/lib/x86_64-linux-gnu conftest.cpp -lboost_chrono  -lanl  >&5
conftest.cpp:72:6: warning: declaration of 'char exit()' conflicts with built-in declaration 'void exit(int)' [-Wbuiltin-declaration-mismatch]
 char exit ();
      ^~~~
configure:28225: $? = 0
configure:28235: result: yes
configure:28477: checking whether the Boost::Unit_Test_Framework library is available
configure:28500: g++ -std=c++11 -c -g -O2 -Wall -Wextra -Wformat -Wvla -Wformat-security -Wno-unused-parameter -Wno-implicit-fallthrough  -DHAVE_BUILD_INFO -D__STDC_FORMAT_MACROS -DHAVE_QT5 -DBOOST_SP_USE_STD_ATOMIC -DBOOST_AC_USE_STD_ATOMIC -pthread -I/usr/include conftest.cpp >&5
conftest.cpp: In function 'int main()':
conftest.cpp:70:21: warning: unused variable 'test' [-Wunused-variable]
         test_suite* test= BOOST_TEST_SUITE( "Unit test example 1" ); return 0;
                     ^~~~
configure:28500: $? = 0
configure:28514: result: yes
configure:28626: checking for dynamic linked boost test
configure:28641: g++ -std=c++11 -o conftest -g -O2 -Wall -Wextra -Wformat -Wvla -Wformat-security -Wno-unused-parameter -Wno-implicit-fallthrough  -DHAVE_BUILD_INFO -D__STDC_FORMAT_MACROS -DHAVE_QT5 -DBOOST_SP_USE_STD_ATOMIC -DBOOST_AC_USE_STD_ATOMIC -pthread -I/usr/include  conftest.cpp -lanl  -L/usr/lib/x86_64-linux-gnu -lboost_unit_test_framework >&5
configure:28641: $? = 0
configure:28642: result: yes
configure:28668: checking for mismatched boost c++11 scoped enums
configure:28696: g++ -std=c++11 -o conftest -g -O2 -Wall -Wextra -Wformat -Wvla -Wformat-security -Wno-unused-parameter -Wno-implicit-fallthrough  -DHAVE_BUILD_INFO -D__STDC_FORMAT_MACROS -DHAVE_QT5 -DBOOST_SP_USE_STD_ATOMIC -DBOOST_AC_USE_STD_ATOMIC -pthread -I/usr/include  conftest.cpp -L/usr/lib/x86_64-linux-gnu -lboost_system -lboost_filesystem -lboost_program_options -lboost_thread -lboost_chrono -lanl  >&5
conftest.cpp: In function 'int main()':
conftest.cpp:83:5: error: 'choke' was not declared in this scope
     choke;
     ^~~~~
conftest.cpp:83:5: note: suggested alternative: 'clone'
     choke;
     ^~~~~
     clone
configure:28696: $? = 1
configure: failed program was:
| /* confdefs.h */
| #define PACKAGE_NAME "Eazy Core"
| #define PACKAGE_TARNAME "eazy"
| #define PACKAGE_VERSION "3.1.99"
| #define PACKAGE_STRING "Eazy Core 3.1.99"
| #define PACKAGE_BUGREPORT "www.eazy.org"
| #define PACKAGE_URL ""
| #define HAVE_CXX11 1
| #define STDC_HEADERS 1
| #define HAVE_SYS_TYPES_H 1
| #define HAVE_SYS_STAT_H 1
| #define HAVE_STDLIB_H 1
| #define HAVE_STRING_H 1
| #define HAVE_MEMORY_H 1
| #define HAVE_STRINGS_H 1
| #define HAVE_INTTYPES_H 1
| #define HAVE_STDINT_H 1
| #define HAVE_UNISTD_H 1
| #define HAVE_DLFCN_H 1
| #define LT_OBJDIR ".libs/"
| #define HAVE_PTHREAD_PRIO_INHERIT 1
| #define HAVE_PTHREAD 1
| #define HAVE_DECL_STRERROR_R 1
| #define HAVE_STRERROR_R 1
| #define STRERROR_R_CHAR_P 1
| #define HAVE_FUNC_ATTRIBUTE_VISIBILITY 1
| #define HAVE_ENDIAN_H 1
| #define HAVE_STDIO_H 1
| #define HAVE_STDLIB_H 1
| #define HAVE_UNISTD_H 1
| #define HAVE_STRINGS_H 1
| #define HAVE_SYS_TYPES_H 1
| #define HAVE_SYS_STAT_H 1
| #define HAVE_SYS_SELECT_H 1
| #define HAVE_SYS_PRCTL_H 1
| #define HAVE_GETADDRINFO_A 1
| #define HAVE_INET_PTON 1
| #define HAVE_DECL_STRNLEN 1
| #define HAVE_DECL_DAEMON 1
| #define HAVE_DECL_LE32TOH 1
| #define HAVE_DECL_LE64TOH 1
| #define HAVE_DECL_HTOLE32 1
| #define HAVE_DECL_HTOLE64 1
| #define HAVE_DECL_BE32TOH 1
| #define HAVE_DECL_BE64TOH 1
| #define HAVE_DECL_HTOBE32 1
| #define HAVE_DECL_HTOBE64 1
| #define HAVE_MSG_NOSIGNAL 1
| #define HAVE_MSG_DONTWAIT 1
| #define HAVE_MALLOC_INFO 1
| #define HAVE_MALLOPT_ARENA_MAX 1
| #define HAVE_VISIBILITY_ATTRIBUTE 1
| #define HAVE_THREAD_LOCAL 1
| #define HAVE_MINIUPNPC_MINIWGET_H 1
| #define HAVE_MINIUPNPC_MINIUPNPC_H 1
| #define HAVE_MINIUPNPC_UPNPCOMMANDS_H 1
| #define HAVE_MINIUPNPC_UPNPERRORS_H 1
| #define HAVE_BOOST /**/
| #define HAVE_BOOST_SYSTEM /**/
| #define HAVE_BOOST_FILESYSTEM /**/
| #define HAVE_BOOST_PROGRAM_OPTIONS /**/
| #define HAVE_BOOST_THREAD /**/
| #define HAVE_BOOST_CHRONO /**/
| #define HAVE_BOOST_UNIT_TEST_FRAMEWORK /**/
| /* end confdefs.h.  */
| 
|   #include <boost/config.hpp>
|   #include <boost/version.hpp>
|   #if !defined(BOOST_NO_SCOPED_ENUMS) && !defined(BOOST_NO_CXX11_SCOPED_ENUMS) && BOOST_VERSION < 105700
|   #define BOOST_NO_SCOPED_ENUMS
|   #define BOOST_NO_CXX11_SCOPED_ENUMS
|   #define CHECK
|   #endif
|   #include <boost/filesystem.hpp>
| 
| int
| main ()
| {
| 
|   #if defined(CHECK)
|     boost::filesystem::copy_file("foo", "bar");
|   #else
|     choke;
|   #endif
| 
|   ;
|   return 0;
| }
configure:28700: result: ok
configure:28732: g++ -std=c++11 -o conftest -g -O2 -Wall -Wextra -Wformat -Wvla -Wformat-security -Wno-unused-parameter -Wno-implicit-fallthrough  -DHAVE_BUILD_INFO -D__STDC_FORMAT_MACROS -DHAVE_QT5 -DBOOST_SP_USE_STD_ATOMIC -DBOOST_AC_USE_STD_ATOMIC -pthread -I/usr/include  conftest.cpp -L/usr/lib/x86_64-linux-gnu -lboost_system -lboost_filesystem -lboost_program_options -lboost_thread -lboost_chrono -lanl  >&5
configure:28732: $? = 0
configure:28794: checking for SSL
configure:28801: $PKG_CONFIG --exists --print-errors "libssl"
configure:28804: $? = 0
configure:28818: $PKG_CONFIG --exists --print-errors "libssl"
configure:28821: $? = 0
configure:28859: result: yes
configure:28865: checking for CRYPTO
configure:28872: $PKG_CONFIG --exists --print-errors "libcrypto"
configure:28875: $? = 0
configure:28889: $PKG_CONFIG --exists --print-errors "libcrypto"
configure:28892: $? = 0
configure:28930: result: yes
configure:28939: checking for PROTOBUF
configure:28946: $PKG_CONFIG --exists --print-errors "protobuf"
configure:28949: $? = 0
configure:28963: $PKG_CONFIG --exists --print-errors "protobuf"
configure:28966: $? = 0
configure:29026: result: yes
configure:29041: checking for QR
configure:29048: $PKG_CONFIG --exists --print-errors "libqrencode"
configure:29051: $? = 0
configure:29065: $PKG_CONFIG --exists --print-errors "libqrencode"
configure:29068: $? = 0
configure:29106: result: yes
configure:29119: checking for EVENT
configure:29126: $PKG_CONFIG --exists --print-errors "libevent"
configure:29129: $? = 0
configure:29143: $PKG_CONFIG --exists --print-errors "libevent"
configure:29146: $? = 0
configure:29184: result: yes
configure:29191: checking for EVENT_PTHREADS
configure:29198: $PKG_CONFIG --exists --print-errors "libevent_pthreads"
configure:29201: $? = 0
configure:29215: $PKG_CONFIG --exists --print-errors "libevent_pthreads"
configure:29218: $? = 0
configure:29256: result: yes
configure:29266: checking for ZMQ
configure:29273: $PKG_CONFIG --exists --print-errors "libzmq >= 4"
configure:29276: $? = 0
configure:29290: $PKG_CONFIG --exists --print-errors "libzmq >= 4"
configure:29293: $? = 0
configure:29341: result: yes
configure:29732: checking for RAND_egd in -lcrypto
configure:29757: g++ -std=c++11 -o conftest -g -O2 -Wall -Wextra -Wformat -Wvla -Wformat-security -Wno-unused-parameter -Wno-implicit-fallthrough  -DHAVE_BUILD_INFO -D__STDC_FORMAT_MACROS -DHAVE_QT5  conftest.cpp -lcrypto  -lanl  >&5
/tmp/ccvxpV4s.o: In function `main':
/home/tex/workspaces/EZY/conftest.cpp:79: undefined reference to `RAND_egd'
collect2: error: ld returned 1 exit status
configure:29757: $? = 1
configure: failed program was:
| /* confdefs.h */
| #define PACKAGE_NAME "Eazy Core"
| #define PACKAGE_TARNAME "eazy"
| #define PACKAGE_VERSION "3.1.99"
| #define PACKAGE_STRING "Eazy Core 3.1.99"
| #define PACKAGE_BUGREPORT "www.eazy.org"
| #define PACKAGE_URL ""
| #define HAVE_CXX11 1
| #define STDC_HEADERS 1
| #define HAVE_SYS_TYPES_H 1
| #define HAVE_SYS_STAT_H 1
| #define HAVE_STDLIB_H 1
| #define HAVE_STRING_H 1
| #define HAVE_MEMORY_H 1
| #define HAVE_STRINGS_H 1
| #define HAVE_INTTYPES_H 1
| #define HAVE_STDINT_H 1
| #define HAVE_UNISTD_H 1
| #define HAVE_DLFCN_H 1
| #define LT_OBJDIR ".libs/"
| #define HAVE_PTHREAD_PRIO_INHERIT 1
| #define HAVE_PTHREAD 1
| #define HAVE_DECL_STRERROR_R 1
| #define HAVE_STRERROR_R 1
| #define STRERROR_R_CHAR_P 1
| #define HAVE_FUNC_ATTRIBUTE_VISIBILITY 1
| #define HAVE_ENDIAN_H 1
| #define HAVE_STDIO_H 1
| #define HAVE_STDLIB_H 1
| #define HAVE_UNISTD_H 1
| #define HAVE_STRINGS_H 1
| #define HAVE_SYS_TYPES_H 1
| #define HAVE_SYS_STAT_H 1
| #define HAVE_SYS_SELECT_H 1
| #define HAVE_SYS_PRCTL_H 1
| #define HAVE_GETADDRINFO_A 1
| #define HAVE_INET_PTON 1
| #define HAVE_DECL_STRNLEN 1
| #define HAVE_DECL_DAEMON 1
| #define HAVE_DECL_LE32TOH 1
| #define HAVE_DECL_LE64TOH 1
| #define HAVE_DECL_HTOLE32 1
| #define HAVE_DECL_HTOLE64 1
| #define HAVE_DECL_BE32TOH 1
| #define HAVE_DECL_BE64TOH 1
| #define HAVE_DECL_HTOBE32 1
| #define HAVE_DECL_HTOBE64 1
| #define HAVE_MSG_NOSIGNAL 1
| #define HAVE_MSG_DONTWAIT 1
| #define HAVE_MALLOC_INFO 1
| #define HAVE_MALLOPT_ARENA_MAX 1
| #define HAVE_VISIBILITY_ATTRIBUTE 1
| #define HAVE_THREAD_LOCAL 1
| #define HAVE_MINIUPNPC_MINIWGET_H 1
| #define HAVE_MINIUPNPC_MINIUPNPC_H 1
| #define HAVE_MINIUPNPC_UPNPCOMMANDS_H 1
| #define HAVE_MINIUPNPC_UPNPERRORS_H 1
| #define HAVE_BOOST /**/
| #define HAVE_BOOST_SYSTEM /**/
| #define HAVE_BOOST_FILESYSTEM /**/
| #define HAVE_BOOST_PROGRAM_OPTIONS /**/
| #define HAVE_BOOST_THREAD /**/
| #define HAVE_BOOST_CHRONO /**/
| #define HAVE_BOOST_UNIT_TEST_FRAMEWORK /**/
| #define HAVE_WORKING_BOOST_SLEEP_FOR 1
| #define ENABLE_ZMQ 1
| /* end confdefs.h.  */
| 
| /* Override any GCC internal prototype to avoid an error.
|    Use char because int might match the return type of a GCC
|    builtin and then its argument prototype would still apply.  */
| #ifdef __cplusplus
| extern "C"
| #endif
| char RAND_egd ();
| int
| main ()
| {
| return RAND_egd ();
|   ;
|   return 0;
| }
configure:29766: result: no
configure:29780: WARNING: Detected unsupported SSL version: This is NOT supported, and may break consensus compatibility! Use '--with-unsupported-ssl' if you don't care
configure:29949: checking openssl/ec.h usability
configure:29949: g++ -std=c++11 -c -g -O2 -Wall -Wextra -Wformat -Wvla -Wformat-security -Wno-unused-parameter -Wno-implicit-fallthrough  -DHAVE_BUILD_INFO -D__STDC_FORMAT_MACROS -DHAVE_QT5 conftest.cpp >&5
configure:29949: $? = 0
configure:29949: result: yes
configure:29949: checking openssl/ec.h presence
configure:29949: g++ -std=c++11 -E  -DHAVE_BUILD_INFO -D__STDC_FORMAT_MACROS -DHAVE_QT5 conftest.cpp
configure:29949: $? = 0
configure:29949: result: yes
configure:29949: checking for openssl/ec.h
configure:29949: result: yes
configure:30016: checking for protoc
configure:30034: found /usr/bin/protoc
configure:30046: result: /usr/bin/protoc
configure:30080: checking whether to build eazyd
configure:30090: result: yes
configure:30093: checking whether to build utils (eazy-cli eazy-tx)
configure:30103: result: yes
configure:30106: checking whether to build libraries
configure:30121: result: no
configure:30132: checking if ccache should be used
configure:30145: result: no
configure:30186: checking if wallet should be enabled
configure:30189: result: yes
configure:30202: checking whether to build with support for UPnP
configure:30212: result: yes
configure:30214: checking whether to build with UPnP enabled by default
configure:30222: result: no
configure:30240: checking whether to build GUI with support for D-Bus
configure:30247: result: yes
configure:30250: checking whether to build GUI with support for QR codes
configure:30260: result: yes
configure:30277: checking whether to build test_eazy-qt
configure:30280: result: yes
configure:30298: checking whether to build test_eazy
configure:30301: result: yes
configure:30309: checking whether to reduce exports
configure:30315: result: no
configure:30639: checking that generated files are newer than configure
configure:30645: result: done
configure:30757: creating ./config.status

## ---------------------- ##
## Running config.status. ##
## ---------------------- ##

This file was extended by Eazy Core config.status 3.1.99, which was
generated by GNU Autoconf 2.69.  Invocation command line was

  CONFIG_FILES    = 
  CONFIG_HEADERS  = 
  CONFIG_LINKS    = 
  CONFIG_COMMANDS = 
  $ ./config.status 

on efs

config.status:1388: creating Makefile
config.status:1388: creating src/Makefile
config.status:1388: creating share/setup.nsi
config.status:1388: creating share/qt/Info.plist
config.status:1388: creating src/test/buildenv.py
config.status:1388: creating qa/pull-tester/run-bitcoind-for-test.sh
config.status:1388: creating qa/pull-tester/tests-config.sh
config.status:1388: creating contrib/devtools/split-debug.sh
config.status:1388: creating doc/Doxyfile
config.status:1388: creating src/config/eazy-config.h
config.status:1617: executing depfiles commands
config.status:1617: executing libtool commands
configure:33241: === configuring in src/univalue (/home/tex/workspaces/EZY/src/univalue)
configure:33304: running /bin/bash ./configure --disable-option-checking '--prefix=/usr/local'  '--with-unsupported-ssl' '--disable-shared' '--with-pic' '--enable-module-recovery' --cache-file=/dev/null --srcdir=.
configure:33241: === configuring in src/secp256k1 (/home/tex/workspaces/EZY/src/secp256k1)
configure:33304: running /bin/bash ./configure --disable-option-checking '--prefix=/usr/local'  '--with-unsupported-ssl' '--disable-shared' '--with-pic' '--enable-module-recovery' --cache-file=/dev/null --srcdir=.
configure:33323: result: Fixing libtool for -rpath problems.

## ---------------- ##
## Cache variables. ##
## ---------------- ##

ac_cv_build=x86_64-pc-linux-gnu
ac_cv_c_bigendian=no
ac_cv_c_compiler_gnu=yes
ac_cv_cxx_compiler_gnu=yes
ac_cv_env_ARFLAGS_set=
ac_cv_env_ARFLAGS_value=
ac_cv_env_BDB_CFLAGS_set=
ac_cv_env_BDB_CFLAGS_value=
ac_cv_env_BDB_LIBS_set=
ac_cv_env_BDB_LIBS_value=
ac_cv_env_CCC_set=
ac_cv_env_CCC_value=
ac_cv_env_CC_set=
ac_cv_env_CC_value=
ac_cv_env_CFLAGS_set=
ac_cv_env_CFLAGS_value=
ac_cv_env_CPPFLAGS_set=
ac_cv_env_CPPFLAGS_value=
ac_cv_env_CPP_set=
ac_cv_env_CPP_value=
ac_cv_env_CRYPTO_CFLAGS_set=
ac_cv_env_CRYPTO_CFLAGS_value=
ac_cv_env_CRYPTO_LIBS_set=
ac_cv_env_CRYPTO_LIBS_value=
ac_cv_env_CXXCPP_set=
ac_cv_env_CXXCPP_value=
ac_cv_env_CXXFLAGS_set=
ac_cv_env_CXXFLAGS_value=
ac_cv_env_CXX_set=
ac_cv_env_CXX_value=
ac_cv_env_EVENT_CFLAGS_set=
ac_cv_env_EVENT_CFLAGS_value=
ac_cv_env_EVENT_LIBS_set=
ac_cv_env_EVENT_LIBS_value=
ac_cv_env_EVENT_PTHREADS_CFLAGS_set=
ac_cv_env_EVENT_PTHREADS_CFLAGS_value=
ac_cv_env_EVENT_PTHREADS_LIBS_set=
ac_cv_env_EVENT_PTHREADS_LIBS_value=
ac_cv_env_LDFLAGS_set=
ac_cv_env_LDFLAGS_value=
ac_cv_env_LIBS_set=
ac_cv_env_LIBS_value=
ac_cv_env_LT_SYS_LIBRARY_PATH_set=
ac_cv_env_LT_SYS_LIBRARY_PATH_value=
ac_cv_env_OBJCXXFLAGS_set=
ac_cv_env_OBJCXXFLAGS_value=
ac_cv_env_OBJCXX_set=
ac_cv_env_OBJCXX_value=
ac_cv_env_PKG_CONFIG_LIBDIR_set=
ac_cv_env_PKG_CONFIG_LIBDIR_value=
ac_cv_env_PKG_CONFIG_PATH_set=
ac_cv_env_PKG_CONFIG_PATH_value=
ac_cv_env_PKG_CONFIG_set=
ac_cv_env_PKG_CONFIG_value=
ac_cv_env_PROTOBUF_CFLAGS_set=
ac_cv_env_PROTOBUF_CFLAGS_value=
ac_cv_env_PROTOBUF_LIBS_set=
ac_cv_env_PROTOBUF_LIBS_value=
ac_cv_env_PYTHONPATH_set=
ac_cv_env_PYTHONPATH_value=
ac_cv_env_QR_CFLAGS_set=
ac_cv_env_QR_CFLAGS_value=
ac_cv_env_QR_LIBS_set=
ac_cv_env_QR_LIBS_value=
ac_cv_env_QT4_CFLAGS_set=
ac_cv_env_QT4_CFLAGS_value=
ac_cv_env_QT4_LIBS_set=
ac_cv_env_QT4_LIBS_value=
ac_cv_env_QT5_CFLAGS_set=
ac_cv_env_QT5_CFLAGS_value=
ac_cv_env_QT5_LIBS_set=
ac_cv_env_QT5_LIBS_value=
ac_cv_env_QTPLATFORM_CFLAGS_set=
ac_cv_env_QTPLATFORM_CFLAGS_value=
ac_cv_env_QTPLATFORM_LIBS_set=
ac_cv_env_QTPLATFORM_LIBS_value=
ac_cv_env_QTPRINT_CFLAGS_set=
ac_cv_env_QTPRINT_CFLAGS_value=
ac_cv_env_QTPRINT_LIBS_set=
ac_cv_env_QTPRINT_LIBS_value=
ac_cv_env_QTXCBQPA_CFLAGS_set=
ac_cv_env_QTXCBQPA_CFLAGS_value=
ac_cv_env_QTXCBQPA_LIBS_set=
ac_cv_env_QTXCBQPA_LIBS_value=
ac_cv_env_QT_DBUS_CFLAGS_set=
ac_cv_env_QT_DBUS_CFLAGS_value=
ac_cv_env_QT_DBUS_LIBS_set=
ac_cv_env_QT_DBUS_LIBS_value=
ac_cv_env_QT_TEST_CFLAGS_set=
ac_cv_env_QT_TEST_CFLAGS_value=
ac_cv_env_QT_TEST_LIBS_set=
ac_cv_env_QT_TEST_LIBS_value=
ac_cv_env_SSL_CFLAGS_set=
ac_cv_env_SSL_CFLAGS_value=
ac_cv_env_SSL_LIBS_set=
ac_cv_env_SSL_LIBS_value=
ac_cv_env_UNIVALUE_CFLAGS_set=
ac_cv_env_UNIVALUE_CFLAGS_value=
ac_cv_env_UNIVALUE_LIBS_set=
ac_cv_env_UNIVALUE_LIBS_value=
ac_cv_env_X11XCB_CFLAGS_set=
ac_cv_env_X11XCB_CFLAGS_value=
ac_cv_env_X11XCB_LIBS_set=
ac_cv_env_X11XCB_LIBS_value=
ac_cv_env_ZMQ_CFLAGS_set=
ac_cv_env_ZMQ_CFLAGS_value=
ac_cv_env_ZMQ_LIBS_set=
ac_cv_env_ZMQ_LIBS_value=
ac_cv_env_build_alias_set=
ac_cv_env_build_alias_value=
ac_cv_env_host_alias_set=
ac_cv_env_host_alias_value=
ac_cv_env_target_alias_set=
ac_cv_env_target_alias_value=
ac_cv_func_strerror_r=yes
ac_cv_func_strerror_r_char_p=yes
ac_cv_have_decl_be32toh=yes
ac_cv_have_decl_be64toh=yes
ac_cv_have_decl_daemon=yes
ac_cv_have_decl_htobe32=yes
ac_cv_have_decl_htobe64=yes
ac_cv_have_decl_htole32=yes
ac_cv_have_decl_htole64=yes
ac_cv_have_decl_le32toh=yes
ac_cv_have_decl_le64toh=yes
ac_cv_have_decl_strerror_r=yes
ac_cv_have_decl_strnlen=yes
ac_cv_header_dlfcn_h=yes
ac_cv_header_endian_h=yes
ac_cv_header_inttypes_h=yes
ac_cv_header_memory_h=yes
ac_cv_header_miniupnpc_miniupnpc_h=yes
ac_cv_header_miniupnpc_miniwget_h=yes
ac_cv_header_miniupnpc_upnpcommands_h=yes
ac_cv_header_miniupnpc_upnperrors_h=yes
ac_cv_header_openssl_ec_h=yes
ac_cv_header_stdc=yes
ac_cv_header_stdint_h=yes
ac_cv_header_stdio_h=yes
ac_cv_header_stdlib_h=yes
ac_cv_header_string_h=yes
ac_cv_header_strings_h=yes
ac_cv_header_sys_prctl_h=yes
ac_cv_header_sys_select_h=yes
ac_cv_header_sys_stat_h=yes
ac_cv_header_sys_types_h=yes
ac_cv_header_unistd_h=yes
ac_cv_host=x86_64-pc-linux-gnu
ac_cv_lib_boost_chrono___exit=yes
ac_cv_lib_boost_filesystem___exit=yes
ac_cv_lib_boost_program_options___exit=yes
ac_cv_lib_boost_system___exit=yes
ac_cv_lib_boost_thread___exit=yes
ac_cv_lib_crypto_RAND_egd=no
ac_cv_lib_db_cxx_4_8___main=yes
ac_cv_lib_miniupnpc_main=yes
ac_cv_objcxx_compiler_gnu=no
ac_cv_objext=o
ac_cv_path_EGREP='/bin/grep -E'
ac_cv_path_FGREP='/bin/grep -F'
ac_cv_path_GIT=/usr/bin/git
ac_cv_path_GREP=/bin/grep
ac_cv_path_HEXDUMP=/usr/bin/hexdump
ac_cv_path_LRELEASE=/usr/lib/qt5/bin/lrelease
ac_cv_path_LUPDATE=/usr/lib/qt5/bin/lupdate
ac_cv_path_MOC=/usr/lib/qt5/bin/moc
ac_cv_path_PROTOC=/usr/bin/protoc
ac_cv_path_PYTHON=/usr/bin/python3.6
ac_cv_path_RCC=/usr/lib/qt5/bin/rcc
ac_cv_path_SED=/bin/sed
ac_cv_path_UIC=/usr/lib/qt5/bin/uic
ac_cv_path_XGETTEXT=/usr/bin/xgettext
ac_cv_path_ac_pt_AR=/usr/bin/ar
ac_cv_path_ac_pt_CPPFILT=/usr/bin/c++filt
ac_cv_path_ac_pt_GCOV=/usr/bin/gcov
ac_cv_path_ac_pt_OBJCOPY=/usr/bin/objcopy
ac_cv_path_ac_pt_PKG_CONFIG=/usr/bin/pkg-config
ac_cv_path_ac_pt_RANLIB=/usr/bin/ranlib
ac_cv_path_ac_pt_READELF=/usr/bin/readelf
ac_cv_path_ac_pt_STRIP=/usr/bin/strip
ac_cv_path_install='/usr/bin/install -c'
ac_cv_path_lt_DD=/bin/dd
ac_cv_path_mkdir=/bin/mkdir
ac_cv_prog_AWK=mawk
ac_cv_prog_CPP='gcc -E'
ac_cv_prog_CXXCPP='g++ -std=c++11 -E'
ac_cv_prog_ac_ct_AR=ar
ac_cv_prog_ac_ct_CC=gcc
ac_cv_prog_ac_ct_CXX=g++
ac_cv_prog_ac_ct_MANIFEST_TOOL=mt
ac_cv_prog_ac_ct_OBJDUMP=objdump
ac_cv_prog_ac_ct_RANLIB=ranlib
ac_cv_prog_ac_ct_STRIP=strip
ac_cv_prog_cc_c89=
ac_cv_prog_cc_g=yes
ac_cv_prog_cxx_g=yes
ac_cv_prog_make_make_set=yes
ac_cv_prog_objcxx_g=no
ac_cv_search_clock_gettime='none required'
ac_cv_search_getaddrinfo_a=-lanl
ac_cv_search_inet_pton='none required'
ac_cv_sys_file_offset_bits=no
ac_cv_sys_largefile_CC=no
am_cv_CC_dependencies_compiler_type=gcc3
am_cv_CXX_dependencies_compiler_type=gcc3
am_cv_OBJCXX_dependencies_compiler_type=gcc3
am_cv_make_support_nested_variables=yes
am_cv_prog_cc_c_o=yes
ax_cv_PTHREAD_CLANG=no
ax_cv_PTHREAD_JOINABLE_ATTR=PTHREAD_CREATE_JOINABLE
ax_cv_PTHREAD_PRIO_INHERIT=yes
ax_cv_PTHREAD_SPECIAL_FLAGS=no
ax_cv_boost_chrono=yes
ax_cv_boost_filesystem=yes
ax_cv_boost_program_options=yes
ax_cv_boost_system=yes
ax_cv_boost_thread=yes
ax_cv_boost_unit_test_framework=yes
ax_cv_check_cxxcppflags___D_FORTIFY_SOURCE_2=yes
ax_cv_check_cxxcppflags___U_FORTIFY_SOURCE=yes
ax_cv_check_cxxflags__Wall=yes
ax_cv_check_cxxflags__Wdeprecated_register=no
ax_cv_check_cxxflags__Wextra=yes
ax_cv_check_cxxflags__Wformat=yes
ax_cv_check_cxxflags__Wformat_security=yes
ax_cv_check_cxxflags__Wimplicit_fallthrough=yes
ax_cv_check_cxxflags__Wself_assign=no
ax_cv_check_cxxflags__Wthread_safety_analysis=no
ax_cv_check_cxxflags__Wunused_local_typedef=no
ax_cv_check_cxxflags__Wunused_parameter=yes
ax_cv_check_cxxflags__Wvla=yes
ax_cv_check_cxxflags___Werror=yes
ax_cv_check_cxxflags___Wstack_protector=yes
ax_cv_check_cxxflags___fPIC=yes
ax_cv_check_cxxflags___fstack_protector_all=yes
ax_cv_check_ldflags___Wl___dynamicbase=no
ax_cv_check_ldflags___Wl___high_entropy_va=no
ax_cv_check_ldflags___Wl___large_address_aware=no
ax_cv_check_ldflags___Wl___nxcompat=no
ax_cv_check_ldflags___Wl__z_now=yes
ax_cv_check_ldflags___Wl__z_relro=yes
ax_cv_check_ldflags___pic=no
ax_cv_cxx_compile_cxx11__std_cpp11=yes
ax_cv_have_func_attribute_dllexport=no
ax_cv_have_func_attribute_dllimport=no
ax_cv_have_func_attribute_visibility=yes
bitcoin_cv_static_qt=no
lt_cv_ar_at_file=@
lt_cv_archive_cmds_need_lc=no
lt_cv_deplibs_check_method=pass_all
lt_cv_file_magic_cmd='$MAGIC_CMD'
lt_cv_file_magic_test_file=
lt_cv_ld_reload_flag=-r
lt_cv_nm_interface='BSD nm'
lt_cv_objdir=.libs
lt_cv_path_LD=/usr/bin/x86_64-linux-gnu-ld
lt_cv_path_LDCXX='/usr/bin/x86_64-linux-gnu-ld -m elf_x86_64'
lt_cv_path_NM='/usr/bin/nm -B'
lt_cv_path_mainfest_tool=no
lt_cv_prog_compiler_c_o=yes
lt_cv_prog_compiler_c_o_CXX=yes
lt_cv_prog_compiler_pic='-fPIC -DPIC'
lt_cv_prog_compiler_pic_CXX='-fPIC -DPIC'
lt_cv_prog_compiler_pic_works=yes
lt_cv_prog_compiler_pic_works_CXX=yes
lt_cv_prog_compiler_rtti_exceptions=no
lt_cv_prog_compiler_static_works=yes
lt_cv_prog_compiler_static_works_CXX=yes
lt_cv_prog_gnu_ld=yes
lt_cv_prog_gnu_ldcxx=yes
lt_cv_sharedlib_from_linklib_cmd='printf %s\n'
lt_cv_shlibpath_overrides_runpath=yes
lt_cv_sys_global_symbol_pipe='sed -n -e '\''s/^.*[	 ]\([ABCDGIRSTW][ABCDGIRSTW]*\)[	 ][	 ]*\([_A-Za-z][_A-Za-z0-9]*\)$/\1 \2 \2/p'\'' | sed '\''/ __gnu_lto/d'\'''
lt_cv_sys_global_symbol_to_c_name_address='sed -n -e '\''s/^: \(.*\) .*$/  {"\1", (void *) 0},/p'\'' -e '\''s/^[ABCDGIRSTW][ABCDGIRSTW]* .* \(.*\)$/  {"\1", (void *) \&\1},/p'\'''
lt_cv_sys_global_symbol_to_c_name_address_lib_prefix='sed -n -e '\''s/^: \(.*\) .*$/  {"\1", (void *) 0},/p'\'' -e '\''s/^[ABCDGIRSTW][ABCDGIRSTW]* .* \(lib.*\)$/  {"\1", (void *) \&\1},/p'\'' -e '\''s/^[ABCDGIRSTW][ABCDGIRSTW]* .* \(.*\)$/  {"lib\1", (void *) \&\1},/p'\'''
lt_cv_sys_global_symbol_to_cdecl='sed -n -e '\''s/^T .* \(.*\)$/extern int \1();/p'\'' -e '\''s/^[ABCDGIRSTW][ABCDGIRSTW]* .* \(.*\)$/extern char \1;/p'\'''
lt_cv_sys_global_symbol_to_import=
lt_cv_sys_max_cmd_len=1572864
lt_cv_to_host_file_cmd=func_convert_file_noop
lt_cv_to_tool_file_cmd=func_convert_file_noop
lt_cv_truncate_bin='/bin/dd bs=4096 count=1'
pkg_cv_CRYPTO_CFLAGS=-I/usr/local/include
pkg_cv_CRYPTO_LIBS='-L/usr/local/lib -lcrypto'
pkg_cv_EVENT_CFLAGS=
pkg_cv_EVENT_LIBS=-levent
pkg_cv_EVENT_PTHREADS_CFLAGS=-pthread
pkg_cv_EVENT_PTHREADS_LIBS='-levent_pthreads -levent'
pkg_cv_PROTOBUF_CFLAGS=-pthread
pkg_cv_PROTOBUF_LIBS='-lprotobuf -pthread -lpthread'
pkg_cv_QR_CFLAGS=
pkg_cv_QR_LIBS=-lqrencode
pkg_cv_QT5_CFLAGS='-I/usr/include/x86_64-linux-gnu/qt5/QtNetwork -I/usr/include/x86_64-linux-gnu/qt5 -I/usr/include/x86_64-linux-gnu/qt5/QtWidgets -I/usr/include/x86_64-linux-gnu/qt5 -I/usr/include/x86_64-linux-gnu/qt5/QtGui -I/usr/include/x86_64-linux-gnu/qt5 -I/usr/include/x86_64-linux-gnu/qt5/QtCore -I/usr/include/x86_64-linux-gnu/qt5'
pkg_cv_QT5_LIBS='-lQt5Network -lQt5Widgets -lQt5Gui -lQt5Core'
pkg_cv_QT_DBUS_CFLAGS='-I/usr/include/x86_64-linux-gnu/qt5/QtDBus -I/usr/include/x86_64-linux-gnu/qt5 -I/usr/include/x86_64-linux-gnu/qt5/QtCore -I/usr/include/x86_64-linux-gnu/qt5'
pkg_cv_QT_DBUS_LIBS='-lQt5DBus -lQt5Core'
pkg_cv_QT_TEST_CFLAGS='-I/usr/include/x86_64-linux-gnu/qt5/QtTest -I/usr/include/x86_64-linux-gnu/qt5 -I/usr/include/x86_64-linux-gnu/qt5/QtCore -I/usr/include/x86_64-linux-gnu/qt5'
pkg_cv_QT_TEST_LIBS='-lQt5Test -lQt5Core'
pkg_cv_SSL_CFLAGS=-I/usr/local/include
pkg_cv_SSL_LIBS='-L/usr/local/lib -lssl'
pkg_cv_ZMQ_CFLAGS=
pkg_cv_ZMQ_LIBS=-lzmq

## ----------------- ##
## Output variables. ##
## ----------------- ##

ACLOCAL='${SHELL} /home/tex/workspaces/EZY/build-aux/missing aclocal-1.15'
AMDEPBACKSLASH='\'
AMDEP_FALSE='#'
AMDEP_TRUE=''
AMTAR='$${TAR-tar}'
AM_BACKSLASH='\'
AM_DEFAULT_V='$(AM_DEFAULT_VERBOSITY)'
AM_DEFAULT_VERBOSITY='0'
AM_V='$(V)'
AR='/usr/bin/ar'
ARFLAGS='cr'
AUTOCONF='${SHELL} /home/tex/workspaces/EZY/build-aux/missing autoconf'
AUTOHEADER='${SHELL} /home/tex/workspaces/EZY/build-aux/missing autoheader'
AUTOMAKE='${SHELL} /home/tex/workspaces/EZY/build-aux/missing automake-1.15'
AWK='mawk'
BDB_CFLAGS=''
BDB_CPPFLAGS=''
BDB_LIBS='-ldb_cxx-4.8'
BITCOIN_CLI_NAME='eazy-cli'
BITCOIN_DAEMON_NAME='eazyd'
BITCOIN_GUI_NAME='eazy-qt'
BITCOIN_TX_NAME='eazy-tx'
BOOST_CHRONO_LIB='-lboost_chrono'
BOOST_CPPFLAGS='-DBOOST_SP_USE_STD_ATOMIC -DBOOST_AC_USE_STD_ATOMIC -pthread -I/usr/include'
BOOST_FILESYSTEM_LIB='-lboost_filesystem'
BOOST_LDFLAGS='-L/usr/lib/x86_64-linux-gnu'
BOOST_LIBS='-L/usr/lib/x86_64-linux-gnu -lboost_system -lboost_filesystem -lboost_program_options -lboost_thread -lboost_chrono'
BOOST_PROGRAM_OPTIONS_LIB='-lboost_program_options'
BOOST_SYSTEM_LIB='-lboost_system'
BOOST_THREAD_LIB='-lboost_thread'
BOOST_UNIT_TEST_FRAMEWORK_LIB='-lboost_unit_test_framework'
BREW=''
BUILD_BITCOIND_FALSE='#'
BUILD_BITCOIND_TRUE=''
BUILD_BITCOIN_LIBS_FALSE=''
BUILD_BITCOIN_LIBS_TRUE='#'
BUILD_BITCOIN_UTILS_FALSE='#'
BUILD_BITCOIN_UTILS_TRUE=''
BUILD_DARWIN_FALSE=''
BUILD_DARWIN_TRUE='#'
BUILD_QT='qt'
BUILD_TEST='test'
BUILD_TEST_QT='test'
CC='gcc'
CCACHE=''
CCDEPMODE='depmode=gcc3'
CFLAGS='-g -O2'
CLIENT_VERSION_BUILD='0'
CLIENT_VERSION_IS_RELEASE='false'
CLIENT_VERSION_MAJOR='3'
CLIENT_VERSION_MINOR='1'
CLIENT_VERSION_REVISION='99'
COMPARISON_TOOL_REORG_TESTS='0'
COPYRIGHT_YEAR='2018'
CPP='gcc -E'
CPPFILT='/usr/bin/c++filt'
CPPFLAGS=' -DHAVE_BUILD_INFO -D__STDC_FORMAT_MACROS -DHAVE_QT5'
CRYPTO_CFLAGS='-I/usr/local/include'
CRYPTO_LIBS='-L/usr/local/lib -lcrypto'
CXX='g++ -std=c++11'
CXXCPP='g++ -std=c++11 -E'
CXXDEPMODE='depmode=gcc3'
CXXFLAGS='-g -O2 -Wall -Wextra -Wformat -Wvla -Wformat-security -Wno-unused-parameter -Wno-implicit-fallthrough'
CYGPATH_W='echo'
DEFS='-DHAVE_CONFIG_H'
DEPDIR='.deps'
DLLTOOL='false'
DSYMUTIL=''
DUMPBIN=''
ECHO_C=''
ECHO_N='-n'
ECHO_T=''
EGREP='/bin/grep -E'
EMBEDDED_LEVELDB_FALSE='#'
EMBEDDED_LEVELDB_TRUE=''
EMBEDDED_UNIVALUE_FALSE='#'
EMBEDDED_UNIVALUE_TRUE=''
ENABLE_QT_FALSE='#'
ENABLE_QT_TESTS_FALSE='#'
ENABLE_QT_TESTS_TRUE=''
ENABLE_QT_TRUE=''
ENABLE_TESTS_FALSE='#'
ENABLE_TESTS_TRUE=''
ENABLE_WALLET_FALSE='#'
ENABLE_WALLET_TRUE=''
ENABLE_ZMQ_FALSE='#'
ENABLE_ZMQ_TRUE=''
ERROR_CXXFLAGS=''
EVENT_CFLAGS=''
EVENT_LIBS='-levent'
EVENT_PTHREADS_CFLAGS='-pthread'
EVENT_PTHREADS_LIBS='-levent_pthreads -levent'
EXEEXT=''
FGREP='/bin/grep -F'
GCOV='/usr/bin/gcov'
GENHTML=''
GENISOIMAGE=''
GIT='/usr/bin/git'
GLIBC_BACK_COMPAT_FALSE=''
GLIBC_BACK_COMPAT_TRUE='#'
GREP='/bin/grep'
HARDENED_CPPFLAGS=' -U_FORTIFY_SOURCE -D_FORTIFY_SOURCE=2'
HARDENED_CXXFLAGS=' -Wstack-protector -fstack-protector-all'
HARDENED_LDFLAGS=' -Wl,-z,relro -Wl,-z,now'
HARDEN_FALSE='#'
HARDEN_TRUE=''
HAVE_CXX11='1'
HAVE_QT5_FALSE='#'
HAVE_QT5_TRUE=''
HEXDUMP='/usr/bin/hexdump'
IMAGEMAGICK_CONVERT=''
INSTALLNAMETOOL=''
INSTALL_DATA='${INSTALL} -m 644'
INSTALL_PROGRAM='${INSTALL}'
INSTALL_SCRIPT='${INSTALL}'
INSTALL_STRIP_PROGRAM='$(install_sh) -c -s'
JAVA_COMPARISON_TOOL=''
LCOV=''
LD='/usr/bin/x86_64-linux-gnu-ld -m elf_x86_64'
LDFLAGS=''
LEVELDB_CPPFLAGS=''
LEVELDB_TARGET_FLAGS=''
LIBLEVELDB=''
LIBMEMENV=''
LIBOBJS=''
LIBS='-lanl '
LIBTOOL='$(SHELL) $(top_builddir)/libtool'
LIBTOOL_APP_LDFLAGS=''
LIPO=''
LN_S='ln -s'
LRELEASE='/usr/lib/qt5/bin/lrelease'
LTLIBOBJS=''
LT_SYS_LIBRARY_PATH=''
LUPDATE='/usr/lib/qt5/bin/lupdate'
MAINT=''
MAINTAINER_MODE_FALSE='#'
MAINTAINER_MODE_TRUE=''
MAKEINFO='${SHELL} /home/tex/workspaces/EZY/build-aux/missing makeinfo'
MAKENSIS=''
MANIFEST_TOOL=':'
MINIUPNPC_CPPFLAGS=''
MINIUPNPC_LIBS='-lminiupnpc'
MKDIR_P='/bin/mkdir -p'
MOC='/usr/lib/qt5/bin/moc'
MOC_DEFS='-DHAVE_CONFIG_H -I$(srcdir)'
NM='/usr/bin/nm -B'
NMEDIT=''
OBJCOPY='/usr/bin/objcopy'
OBJCXX='g++ -std=c++11'
OBJCXXDEPMODE='depmode=gcc3'
OBJCXXFLAGS=''
OBJDUMP='objdump'
OBJEXT='o'
OTOOL64=''
OTOOL=''
PACKAGE='eazy'
PACKAGE_BUGREPORT='www.eazy.org'
PACKAGE_NAME='Eazy Core'
PACKAGE_STRING='Eazy Core 3.1.99'
PACKAGE_TARNAME='eazy'
PACKAGE_URL=''
PACKAGE_VERSION='3.1.99'
PATH_SEPARATOR=':'
PIC_FLAGS='-fPIC'
PIE_FLAGS='-fPIC'
PKG_CONFIG='/usr/bin/pkg-config'
PKG_CONFIG_LIBDIR=''
PKG_CONFIG_PATH=''
PORT=''
PROTOBUF_CFLAGS='-pthread'
PROTOBUF_LIBS='-lprotobuf -pthread -lpthread'
PROTOC='/usr/bin/protoc'
PTHREAD_CC='gcc'
PTHREAD_CFLAGS='-pthread'
PTHREAD_LIBS=''
PYTHON='/usr/bin/python3.6'
PYTHONPATH=''
QR_CFLAGS=''
QR_LIBS='-lqrencode'
QT4_CFLAGS=''
QT4_LIBS=''
QT5_CFLAGS='-I/usr/include/x86_64-linux-gnu/qt5/QtNetwork -I/usr/include/x86_64-linux-gnu/qt5 -I/usr/include/x86_64-linux-gnu/qt5/QtWidgets -I/usr/include/x86_64-linux-gnu/qt5 -I/usr/include/x86_64-linux-gnu/qt5/QtGui -I/usr/include/x86_64-linux-gnu/qt5 -I/usr/include/x86_64-linux-gnu/qt5/QtCore -I/usr/include/x86_64-linux-gnu/qt5'
QT5_LIBS='-lQt5Network -lQt5Widgets -lQt5Gui -lQt5Core'
QTPLATFORM_CFLAGS=''
QTPLATFORM_LIBS=''
QTPRINT_CFLAGS=''
QTPRINT_LIBS=''
QTXCBQPA_CFLAGS=''
QTXCBQPA_LIBS=''
QT_DBUS_CFLAGS='-I/usr/include/x86_64-linux-gnu/qt5/QtDBus -I/usr/include/x86_64-linux-gnu/qt5 -I/usr/include/x86_64-linux-gnu/qt5/QtCore -I/usr/include/x86_64-linux-gnu/qt5'
QT_DBUS_INCLUDES='-I/usr/include/x86_64-linux-gnu/qt5/QtDBus -I/usr/include/x86_64-linux-gnu/qt5 -I/usr/include/x86_64-linux-gnu/qt5/QtCore -I/usr/include/x86_64-linux-gnu/qt5'
QT_DBUS_LIBS='-lQt5DBus -lQt5Core'
QT_INCLUDES='-I/usr/include/x86_64-linux-gnu/qt5/QtNetwork -I/usr/include/x86_64-linux-gnu/qt5 -I/usr/include/x86_64-linux-gnu/qt5/QtWidgets -I/usr/include/x86_64-linux-gnu/qt5 -I/usr/include/x86_64-linux-gnu/qt5/QtGui -I/usr/include/x86_64-linux-gnu/qt5 -I/usr/include/x86_64-linux-gnu/qt5/QtCore -I/usr/include/x86_64-linux-gnu/qt5'
QT_LDFLAGS=''
QT_LIBS='-lQt5Network -lQt5Widgets -lQt5Gui -lQt5Core'
QT_PIE_FLAGS='-fPIC'
QT_SELECT='qt5'
QT_TEST_CFLAGS='-I/usr/include/x86_64-linux-gnu/qt5/QtTest -I/usr/include/x86_64-linux-gnu/qt5 -I/usr/include/x86_64-linux-gnu/qt5/QtCore -I/usr/include/x86_64-linux-gnu/qt5'
QT_TEST_INCLUDES='-I/usr/include/x86_64-linux-gnu/qt5/QtTest -I/usr/include/x86_64-linux-gnu/qt5 -I/usr/include/x86_64-linux-gnu/qt5/QtCore -I/usr/include/x86_64-linux-gnu/qt5'
QT_TEST_LIBS='-lQt5Test -lQt5Core'
QT_TRANSLATION_DIR=''
RANLIB='/usr/bin/ranlib'
RCC='/usr/lib/qt5/bin/rcc'
READELF='/usr/bin/readelf'
RELDFLAGS=''
RSVG_CONVERT=''
SED='/bin/sed'
SET_MAKE=''
SHELL='/bin/bash'
SSL_CFLAGS='-I/usr/local/include'
SSL_LIBS='-L/usr/local/lib -lssl'
STRIP='/usr/bin/strip'
TARGET_DARWIN_FALSE=''
TARGET_DARWIN_TRUE='#'
TARGET_WINDOWS_FALSE=''
TARGET_WINDOWS_TRUE='#'
TESTDEFS=' -DBOOST_TEST_DYN_LINK'
TIFFCP=''
UIC='/usr/lib/qt5/bin/uic'
UNIVALUE_CFLAGS='-I$(srcdir)/univalue/include'
UNIVALUE_LIBS='univalue/libunivalue.la'
USE_LCOV_FALSE=''
USE_LCOV_TRUE='#'
USE_LIBSECP256K1_FALSE=''
USE_LIBSECP256K1_TRUE='#'
USE_QRCODE=''
USE_QRCODE_FALSE='#'
USE_QRCODE_TRUE=''
USE_UPNP=''
VERSION='3.1.99'
WINDOWS_BITS=''
WINDRES=''
X11XCB_CFLAGS=''
X11XCB_LIBS=''
XGETTEXT='/usr/bin/xgettext'
ZMQ_CFLAGS=''
ZMQ_LIBS='-lzmq'
ac_ct_AR='ar'
ac_ct_CC='gcc'
ac_ct_CXX='g++'
ac_ct_DUMPBIN=''
ac_ct_OBJCXX=''
am__EXEEXT_FALSE=''
am__EXEEXT_TRUE='#'
am__fastdepCC_FALSE='#'
am__fastdepCC_TRUE=''
am__fastdepCXX_FALSE='#'
am__fastdepCXX_TRUE=''
am__fastdepOBJCXX_FALSE='#'
am__fastdepOBJCXX_TRUE=''
am__include='include'
am__isrc=''
am__leading_dot='.'
am__nodep='_no'
am__quote=''
am__tar='$${TAR-tar} chof - "$$tardir"'
am__untar='$${TAR-tar} xf -'
ax_pthread_config=''
bindir='${exec_prefix}/bin'
build='x86_64-pc-linux-gnu'
build_alias=''
build_cpu='x86_64'
build_os='linux-gnu'
build_vendor='pc'
datadir='${datarootdir}'
datarootdir='${prefix}/share'
docdir='${datarootdir}/doc/${PACKAGE_TARNAME}'
dvidir='${docdir}'
exec_prefix='${prefix}'
host='x86_64-pc-linux-gnu'
host_alias=''
host_cpu='x86_64'
host_os='linux-gnu'
host_vendor='pc'
htmldir='${docdir}'
includedir='${prefix}/include'
infodir='${datarootdir}/info'
install_sh='${SHELL} /home/tex/workspaces/EZY/build-aux/install-sh'
libdir='${exec_prefix}/lib'
libexecdir='${exec_prefix}/libexec'
localedir='${datarootdir}/locale'
localstatedir='${prefix}/var'
mandir='${datarootdir}/man'
mkdir_p='$(MKDIR_P)'
oldincludedir='/usr/include'
pdfdir='${docdir}'
prefix='/usr/local'
program_transform_name='s,x,x,'
psdir='${docdir}'
runstatedir='${localstatedir}/run'
sbindir='${exec_prefix}/sbin'
sharedstatedir='${prefix}/com'
subdirs=' src/univalue src/secp256k1'
sysconfdir='${prefix}/etc'
target_alias=''

## ----------- ##
## confdefs.h. ##
## ----------- ##

/* confdefs.h */
#define PACKAGE_NAME "Eazy Core"
#define PACKAGE_TARNAME "eazy"
#define PACKAGE_VERSION "3.1.99"
#define PACKAGE_STRING "Eazy Core 3.1.99"
#define PACKAGE_BUGREPORT "www.eazy.org"
#define PACKAGE_URL ""
#define HAVE_CXX11 1
#define STDC_HEADERS 1
#define HAVE_SYS_TYPES_H 1
#define HAVE_SYS_STAT_H 1
#define HAVE_STDLIB_H 1
#define HAVE_STRING_H 1
#define HAVE_MEMORY_H 1
#define HAVE_STRINGS_H 1
#define HAVE_INTTYPES_H 1
#define HAVE_STDINT_H 1
#define HAVE_UNISTD_H 1
#define HAVE_DLFCN_H 1
#define LT_OBJDIR ".libs/"
#define HAVE_PTHREAD_PRIO_INHERIT 1
#define HAVE_PTHREAD 1
#define HAVE_DECL_STRERROR_R 1
#define HAVE_STRERROR_R 1
#define STRERROR_R_CHAR_P 1
#define HAVE_FUNC_ATTRIBUTE_VISIBILITY 1
#define HAVE_ENDIAN_H 1
#define HAVE_STDIO_H 1
#define HAVE_STDLIB_H 1
#define HAVE_UNISTD_H 1
#define HAVE_STRINGS_H 1
#define HAVE_SYS_TYPES_H 1
#define HAVE_SYS_STAT_H 1
#define HAVE_SYS_SELECT_H 1
#define HAVE_SYS_PRCTL_H 1
#define HAVE_GETADDRINFO_A 1
#define HAVE_INET_PTON 1
#define HAVE_DECL_STRNLEN 1
#define HAVE_DECL_DAEMON 1
#define HAVE_DECL_LE32TOH 1
#define HAVE_DECL_LE64TOH 1
#define HAVE_DECL_HTOLE32 1
#define HAVE_DECL_HTOLE64 1
#define HAVE_DECL_BE32TOH 1
#define HAVE_DECL_BE64TOH 1
#define HAVE_DECL_HTOBE32 1
#define HAVE_DECL_HTOBE64 1
#define HAVE_MSG_NOSIGNAL 1
#define HAVE_MSG_DONTWAIT 1
#define HAVE_MALLOC_INFO 1
#define HAVE_MALLOPT_ARENA_MAX 1
#define HAVE_VISIBILITY_ATTRIBUTE 1
#define HAVE_THREAD_LOCAL 1
#define HAVE_MINIUPNPC_MINIWGET_H 1
#define HAVE_MINIUPNPC_MINIUPNPC_H 1
#define HAVE_MINIUPNPC_UPNPCOMMANDS_H 1
#define HAVE_MINIUPNPC_UPNPERRORS_H 1
#define HAVE_BOOST /**/
#define HAVE_BOOST_SYSTEM /**/
#define HAVE_BOOST_FILESYSTEM /**/
#define HAVE_BOOST_PROGRAM_OPTIONS /**/
#define HAVE_BOOST_THREAD /**/
#define HAVE_BOOST_CHRONO /**/
#define HAVE_BOOST_UNIT_TEST_FRAMEWORK /**/
#define HAVE_WORKING_BOOST_SLEEP_FOR 1
#define ENABLE_ZMQ 1
#define ENABLE_WALLET 1
#define USE_UPNP 0
#define USE_DBUS 1
#define USE_QRCODE 1
#define CLIENT_VERSION_MAJOR 3
#define CLIENT_VERSION_MINOR 1
#define CLIENT_VERSION_REVISION 99
#define CLIENT_VERSION_BUILD 0
#define CLIENT_VERSION_IS_RELEASE false
#define COPYRIGHT_YEAR 2018

configure: exit 0
